[2025-11-24T18:31:33.709+0000] {taskinstance.py:1956} INFO - Dependencies all met for dep_context=non-requeueable deps ti=<TaskInstance: etl_spark_execution_real.check_services manual__2025-11-24T18:31:20.053651+00:00 [queued]>
[2025-11-24T18:31:33.717+0000] {taskinstance.py:1956} INFO - Dependencies all met for dep_context=requeueable deps ti=<TaskInstance: etl_spark_execution_real.check_services manual__2025-11-24T18:31:20.053651+00:00 [queued]>
[2025-11-24T18:31:33.718+0000] {taskinstance.py:2170} INFO - Starting attempt 1 of 3
[2025-11-24T18:31:33.730+0000] {taskinstance.py:2191} INFO - Executing <Task(BashOperator): check_services> on 2025-11-24 18:31:20.053651+00:00
[2025-11-24T18:31:33.734+0000] {standard_task_runner.py:60} INFO - Started process 299 to run task
[2025-11-24T18:31:33.737+0000] {standard_task_runner.py:87} INFO - Running: ['airflow', 'tasks', 'run', 'etl_spark_execution_real', 'check_services', 'manual__2025-11-24T18:31:20.053651+00:00', '--job-id', '6', '--raw', '--subdir', 'DAGS_FOLDER/etl_spark_real_execution.py', '--cfg-path', '/tmp/tmpwgvixfgh']
[2025-11-24T18:31:33.740+0000] {standard_task_runner.py:88} INFO - Job 6: Subtask check_services
[2025-11-24T18:31:33.810+0000] {task_command.py:423} INFO - Running <TaskInstance: etl_spark_execution_real.check_services manual__2025-11-24T18:31:20.053651+00:00 [running]> on host 7934b6c65b02
[2025-11-24T18:31:33.909+0000] {taskinstance.py:2480} INFO - Exporting env vars: AIRFLOW_CTX_DAG_OWNER='data-engineer' AIRFLOW_CTX_DAG_ID='etl_spark_execution_real' AIRFLOW_CTX_TASK_ID='check_services' AIRFLOW_CTX_EXECUTION_DATE='2025-11-24T18:31:20.053651+00:00' AIRFLOW_CTX_TRY_NUMBER='1' AIRFLOW_CTX_DAG_RUN_ID='manual__2025-11-24T18:31:20.053651+00:00'
[2025-11-24T18:31:33.912+0000] {subprocess.py:63} INFO - Tmp dir root location: /tmp
[2025-11-24T18:31:33.913+0000] {subprocess.py:75} INFO - Running command: ['/usr/bin/bash', '-c', '\n    echo "🔍 Verificando conectividade com serviços..."\n    \n    # Verificar Spark Master\n    echo "📡 Testando Spark Master REST API..."\n    SPARK_STATUS=$(curl -s -w "%{http_code}" -o /dev/null http://spark_master:8080/api/v1/applications)\n    if [ "$SPARK_STATUS" -eq 200 ]; then\n        echo "✅ Spark Master REST API está acessível"\n    else\n        echo "❌ Spark Master não acessível (HTTP: $SPARK_STATUS)"\n    fi\n    \n    # Verificar MinIO\n    echo "📦 Testando MinIO..."\n    MINIO_STATUS=$(curl -s -w "%{http_code}" -o /dev/null http://minio:9000/minio/health/live)\n    if [ "$MINIO_STATUS" -eq 200 ]; then\n        echo "✅ MinIO está acessível"\n    else\n        echo "❌ MinIO não acessível (HTTP: $MINIO_STATUS)"\n    fi\n    \n    echo "✅ Verificação de serviços concluída"\n    ']
[2025-11-24T18:31:33.921+0000] {subprocess.py:86} INFO - Output:
[2025-11-24T18:31:33.923+0000] {subprocess.py:93} INFO - 🔍 Verificando conectividade com serviços...
[2025-11-24T18:31:33.924+0000] {subprocess.py:93} INFO - 📡 Testando Spark Master REST API...
[2025-11-24T18:31:33.947+0000] {subprocess.py:93} INFO - ✅ Spark Master REST API está acessível
[2025-11-24T18:31:33.952+0000] {subprocess.py:93} INFO - 📦 Testando MinIO...
[2025-11-24T18:31:33.958+0000] {subprocess.py:93} INFO - ✅ MinIO está acessível
[2025-11-24T18:31:33.958+0000] {subprocess.py:93} INFO - ✅ Verificação de serviços concluída
[2025-11-24T18:31:33.959+0000] {subprocess.py:97} INFO - Command exited with return code 0
[2025-11-24T18:31:33.991+0000] {taskinstance.py:1138} INFO - Marking task as SUCCESS. dag_id=etl_spark_execution_real, task_id=check_services, execution_date=20251124T183120, start_date=20251124T183133, end_date=20251124T183133
[2025-11-24T18:31:34.030+0000] {local_task_job_runner.py:234} INFO - Task exited with return code 0
[2025-11-24T18:31:34.059+0000] {taskinstance.py:3280} INFO - 1 downstream tasks scheduled from follow-on schedule check
