[2025-11-24T19:02:54.133+0000] {taskinstance.py:1956} INFO - Dependencies all met for dep_context=non-requeueable deps ti=<TaskInstance: etl_spark_working.check_infrastructure scheduled__2025-11-23T00:00:00+00:00 [queued]>
[2025-11-24T19:02:54.142+0000] {taskinstance.py:1956} INFO - Dependencies all met for dep_context=requeueable deps ti=<TaskInstance: etl_spark_working.check_infrastructure scheduled__2025-11-23T00:00:00+00:00 [queued]>
[2025-11-24T19:02:54.142+0000] {taskinstance.py:2170} INFO - Starting attempt 1 of 3
[2025-11-24T19:02:54.153+0000] {taskinstance.py:2191} INFO - Executing <Task(BashOperator): check_infrastructure> on 2025-11-23 00:00:00+00:00
[2025-11-24T19:02:54.158+0000] {standard_task_runner.py:60} INFO - Started process 1815 to run task
[2025-11-24T19:02:54.161+0000] {standard_task_runner.py:87} INFO - Running: ['airflow', 'tasks', 'run', 'etl_spark_working', 'check_infrastructure', 'scheduled__2025-11-23T00:00:00+00:00', '--job-id', '30', '--raw', '--subdir', 'DAGS_FOLDER/etl_spark_working_dag.py', '--cfg-path', '/tmp/tmpxetkhrea']
[2025-11-24T19:02:54.164+0000] {standard_task_runner.py:88} INFO - Job 30: Subtask check_infrastructure
[2025-11-24T19:02:54.228+0000] {task_command.py:423} INFO - Running <TaskInstance: etl_spark_working.check_infrastructure scheduled__2025-11-23T00:00:00+00:00 [running]> on host 7934b6c65b02
[2025-11-24T19:02:54.313+0000] {taskinstance.py:2480} INFO - Exporting env vars: AIRFLOW_CTX_DAG_OWNER='data-engineer' AIRFLOW_CTX_DAG_ID='etl_spark_working' AIRFLOW_CTX_TASK_ID='check_infrastructure' AIRFLOW_CTX_EXECUTION_DATE='2025-11-23T00:00:00+00:00' AIRFLOW_CTX_TRY_NUMBER='1' AIRFLOW_CTX_DAG_RUN_ID='scheduled__2025-11-23T00:00:00+00:00'
[2025-11-24T19:02:54.314+0000] {subprocess.py:63} INFO - Tmp dir root location: /tmp
[2025-11-24T19:02:54.315+0000] {subprocess.py:75} INFO - Running command: ['/usr/bin/bash', '-c', '\n    echo "🔍 ========== VERIFICAÇÃO DE INFRAESTRUTURA =========="\n    \n    # Verificar Spark Master\n    if docker exec spark_master ls /opt/spark/work-dir/bronze_script.py > /dev/null 2>&1; then\n        echo "✅ Spark Master: Acessível"\n        echo "✅ Bronze Script: Disponível"\n    else\n        echo "❌ Erro: Spark Master não acessível ou script não encontrado"\n        exit 1\n    fi\n    \n    # Verificar Silver Script\n    if docker exec spark_master ls /opt/spark/work-dir/silver_script.py > /dev/null 2>&1; then\n        echo "✅ Silver Script: Disponível"\n    else\n        echo "❌ Erro: Silver Script não encontrado"\n        exit 1\n    fi\n    \n    # Verificar MinIO\n    if curl -f http://minio:9000/minio/health/live > /dev/null 2>&1; then\n        echo "✅ MinIO: Online"\n    else\n        echo "⚠️  MinIO: Não acessível (pode estar iniciando)"\n    fi\n    \n    echo "✅ Verificação concluída com sucesso"\n    echo "===================================================="\n    ']
[2025-11-24T19:02:54.324+0000] {subprocess.py:86} INFO - Output:
[2025-11-24T19:02:54.326+0000] {subprocess.py:93} INFO - 🔍 ========== VERIFICAÇÃO DE INFRAESTRUTURA ==========
[2025-11-24T19:02:54.483+0000] {subprocess.py:93} INFO - ✅ Spark Master: Acessível
[2025-11-24T19:02:54.484+0000] {subprocess.py:93} INFO - ✅ Bronze Script: Disponível
[2025-11-24T19:02:54.582+0000] {subprocess.py:93} INFO - ✅ Silver Script: Disponível
[2025-11-24T19:02:54.593+0000] {subprocess.py:93} INFO - ✅ MinIO: Online
[2025-11-24T19:02:54.593+0000] {subprocess.py:93} INFO - ✅ Verificação concluída com sucesso
[2025-11-24T19:02:54.594+0000] {subprocess.py:93} INFO - ====================================================
[2025-11-24T19:02:54.594+0000] {subprocess.py:97} INFO - Command exited with return code 0
[2025-11-24T19:02:54.623+0000] {taskinstance.py:1138} INFO - Marking task as SUCCESS. dag_id=etl_spark_working, task_id=check_infrastructure, execution_date=20251123T000000, start_date=20251124T190254, end_date=20251124T190254
[2025-11-24T19:02:54.657+0000] {local_task_job_runner.py:234} INFO - Task exited with return code 0
[2025-11-24T19:02:54.685+0000] {taskinstance.py:3280} INFO - 1 downstream tasks scheduled from follow-on schedule check
