[2025-11-24T18:31:21.793+0000] {taskinstance.py:1956} INFO - Dependencies all met for dep_context=non-requeueable deps ti=<TaskInstance: etl_spark_execution_real.check_services scheduled__2025-11-23T00:00:00+00:00 [queued]>
[2025-11-24T18:31:21.801+0000] {taskinstance.py:1956} INFO - Dependencies all met for dep_context=requeueable deps ti=<TaskInstance: etl_spark_execution_real.check_services scheduled__2025-11-23T00:00:00+00:00 [queued]>
[2025-11-24T18:31:21.802+0000] {taskinstance.py:2170} INFO - Starting attempt 1 of 3
[2025-11-24T18:31:21.814+0000] {taskinstance.py:2191} INFO - Executing <Task(BashOperator): check_services> on 2025-11-23 00:00:00+00:00
[2025-11-24T18:31:21.818+0000] {standard_task_runner.py:60} INFO - Started process 255 to run task
[2025-11-24T18:31:21.822+0000] {standard_task_runner.py:87} INFO - Running: ['airflow', 'tasks', 'run', 'etl_spark_execution_real', 'check_services', 'scheduled__2025-11-23T00:00:00+00:00', '--job-id', '2', '--raw', '--subdir', 'DAGS_FOLDER/etl_spark_real_execution.py', '--cfg-path', '/tmp/tmpxp4shrt5']
[2025-11-24T18:31:21.824+0000] {standard_task_runner.py:88} INFO - Job 2: Subtask check_services
[2025-11-24T18:31:21.895+0000] {task_command.py:423} INFO - Running <TaskInstance: etl_spark_execution_real.check_services scheduled__2025-11-23T00:00:00+00:00 [running]> on host 7934b6c65b02
[2025-11-24T18:31:21.986+0000] {taskinstance.py:2480} INFO - Exporting env vars: AIRFLOW_CTX_DAG_OWNER='data-engineer' AIRFLOW_CTX_DAG_ID='etl_spark_execution_real' AIRFLOW_CTX_TASK_ID='check_services' AIRFLOW_CTX_EXECUTION_DATE='2025-11-23T00:00:00+00:00' AIRFLOW_CTX_TRY_NUMBER='1' AIRFLOW_CTX_DAG_RUN_ID='scheduled__2025-11-23T00:00:00+00:00'
[2025-11-24T18:31:21.988+0000] {subprocess.py:63} INFO - Tmp dir root location: /tmp
[2025-11-24T18:31:21.989+0000] {subprocess.py:75} INFO - Running command: ['/usr/bin/bash', '-c', '\n    echo "🔍 Verificando conectividade com serviços..."\n    \n    # Verificar Spark Master\n    echo "📡 Testando Spark Master REST API..."\n    SPARK_STATUS=$(curl -s -w "%{http_code}" -o /dev/null http://spark_master:8080/api/v1/applications)\n    if [ "$SPARK_STATUS" -eq 200 ]; then\n        echo "✅ Spark Master REST API está acessível"\n    else\n        echo "❌ Spark Master não acessível (HTTP: $SPARK_STATUS)"\n    fi\n    \n    # Verificar MinIO\n    echo "📦 Testando MinIO..."\n    MINIO_STATUS=$(curl -s -w "%{http_code}" -o /dev/null http://minio:9000/minio/health/live)\n    if [ "$MINIO_STATUS" -eq 200 ]; then\n        echo "✅ MinIO está acessível"\n    else\n        echo "❌ MinIO não acessível (HTTP: $MINIO_STATUS)"\n    fi\n    \n    echo "✅ Verificação de serviços concluída"\n    ']
[2025-11-24T18:31:21.997+0000] {subprocess.py:86} INFO - Output:
[2025-11-24T18:31:21.999+0000] {subprocess.py:93} INFO - 🔍 Verificando conectividade com serviços...
[2025-11-24T18:31:21.999+0000] {subprocess.py:93} INFO - 📡 Testando Spark Master REST API...
[2025-11-24T18:31:22.211+0000] {subprocess.py:93} INFO - ✅ Spark Master REST API está acessível
[2025-11-24T18:31:22.212+0000] {subprocess.py:93} INFO - 📦 Testando MinIO...
[2025-11-24T18:31:22.224+0000] {subprocess.py:93} INFO - ✅ MinIO está acessível
[2025-11-24T18:31:22.225+0000] {subprocess.py:93} INFO - ✅ Verificação de serviços concluída
[2025-11-24T18:31:22.225+0000] {subprocess.py:97} INFO - Command exited with return code 0
[2025-11-24T18:31:22.255+0000] {taskinstance.py:1138} INFO - Marking task as SUCCESS. dag_id=etl_spark_execution_real, task_id=check_services, execution_date=20251123T000000, start_date=20251124T183121, end_date=20251124T183122
[2025-11-24T18:31:22.275+0000] {local_task_job_runner.py:234} INFO - Task exited with return code 0
[2025-11-24T18:31:22.303+0000] {taskinstance.py:3280} INFO - 1 downstream tasks scheduled from follow-on schedule check
