[2025-11-24T18:59:30.843+0000] {processor.py:161} INFO - Started process (PID=1637) to work on /opt/airflow/dags/etl_spark_working_dag.py
[2025-11-24T18:59:30.844+0000] {processor.py:830} INFO - Processing file /opt/airflow/dags/etl_spark_working_dag.py for tasks to queue
[2025-11-24T18:59:30.845+0000] {logging_mixin.py:188} INFO - [2025-11-24T18:59:30.845+0000] {dagbag.py:538} INFO - Filling up the DagBag from /opt/airflow/dags/etl_spark_working_dag.py
[2025-11-24T18:59:30.873+0000] {processor.py:840} INFO - DAG(s) 'etl_spark_working' retrieved from /opt/airflow/dags/etl_spark_working_dag.py
[2025-11-24T18:59:30.982+0000] {logging_mixin.py:188} INFO - [2025-11-24T18:59:30.981+0000] {override.py:1769} INFO - Created Permission View: can edit on DAG:etl_spark_working
[2025-11-24T18:59:30.993+0000] {logging_mixin.py:188} INFO - [2025-11-24T18:59:30.993+0000] {override.py:1769} INFO - Created Permission View: can read on DAG:etl_spark_working
[2025-11-24T18:59:31.002+0000] {logging_mixin.py:188} INFO - [2025-11-24T18:59:31.002+0000] {override.py:1769} INFO - Created Permission View: can delete on DAG:etl_spark_working
[2025-11-24T18:59:31.003+0000] {logging_mixin.py:188} INFO - [2025-11-24T18:59:31.003+0000] {dag.py:3036} INFO - Sync 1 DAGs
[2025-11-24T18:59:31.013+0000] {logging_mixin.py:188} INFO - [2025-11-24T18:59:31.013+0000] {dag.py:3058} INFO - Creating ORM DAG for etl_spark_working
[2025-11-24T18:59:31.024+0000] {logging_mixin.py:188} INFO - [2025-11-24T18:59:31.024+0000] {dag.py:3823} INFO - Setting next_dagrun for etl_spark_working to 2025-11-23 00:00:00+00:00, run_after=2025-11-24 00:00:00+00:00
[2025-11-24T18:59:31.046+0000] {processor.py:183} INFO - Processing /opt/airflow/dags/etl_spark_working_dag.py took 0.207 seconds
[2025-11-24T19:00:01.275+0000] {processor.py:161} INFO - Started process (PID=1664) to work on /opt/airflow/dags/etl_spark_working_dag.py
[2025-11-24T19:00:01.276+0000] {processor.py:830} INFO - Processing file /opt/airflow/dags/etl_spark_working_dag.py for tasks to queue
[2025-11-24T19:00:01.277+0000] {logging_mixin.py:188} INFO - [2025-11-24T19:00:01.277+0000] {dagbag.py:538} INFO - Filling up the DagBag from /opt/airflow/dags/etl_spark_working_dag.py
[2025-11-24T19:00:01.305+0000] {processor.py:840} INFO - DAG(s) 'etl_spark_working' retrieved from /opt/airflow/dags/etl_spark_working_dag.py
[2025-11-24T19:00:01.339+0000] {logging_mixin.py:188} INFO - [2025-11-24T19:00:01.339+0000] {dag.py:3036} INFO - Sync 1 DAGs
[2025-11-24T19:00:01.369+0000] {logging_mixin.py:188} INFO - [2025-11-24T19:00:01.368+0000] {dag.py:3823} INFO - Setting next_dagrun for etl_spark_working to 2025-11-23 00:00:00+00:00, run_after=2025-11-24 00:00:00+00:00
[2025-11-24T19:00:01.390+0000] {processor.py:183} INFO - Processing /opt/airflow/dags/etl_spark_working_dag.py took 0.120 seconds
[2025-11-24T19:00:31.760+0000] {processor.py:161} INFO - Started process (PID=1684) to work on /opt/airflow/dags/etl_spark_working_dag.py
[2025-11-24T19:00:31.761+0000] {processor.py:830} INFO - Processing file /opt/airflow/dags/etl_spark_working_dag.py for tasks to queue
[2025-11-24T19:00:31.762+0000] {logging_mixin.py:188} INFO - [2025-11-24T19:00:31.761+0000] {dagbag.py:538} INFO - Filling up the DagBag from /opt/airflow/dags/etl_spark_working_dag.py
[2025-11-24T19:00:31.782+0000] {processor.py:840} INFO - DAG(s) 'etl_spark_working' retrieved from /opt/airflow/dags/etl_spark_working_dag.py
[2025-11-24T19:00:31.812+0000] {logging_mixin.py:188} INFO - [2025-11-24T19:00:31.811+0000] {dag.py:3036} INFO - Sync 1 DAGs
[2025-11-24T19:00:31.836+0000] {logging_mixin.py:188} INFO - [2025-11-24T19:00:31.835+0000] {dag.py:3823} INFO - Setting next_dagrun for etl_spark_working to 2025-11-23 00:00:00+00:00, run_after=2025-11-24 00:00:00+00:00
[2025-11-24T19:00:31.855+0000] {processor.py:183} INFO - Processing /opt/airflow/dags/etl_spark_working_dag.py took 0.099 seconds
[2025-11-24T19:01:02.249+0000] {processor.py:161} INFO - Started process (PID=1711) to work on /opt/airflow/dags/etl_spark_working_dag.py
[2025-11-24T19:01:02.250+0000] {processor.py:830} INFO - Processing file /opt/airflow/dags/etl_spark_working_dag.py for tasks to queue
[2025-11-24T19:01:02.251+0000] {logging_mixin.py:188} INFO - [2025-11-24T19:01:02.250+0000] {dagbag.py:538} INFO - Filling up the DagBag from /opt/airflow/dags/etl_spark_working_dag.py
[2025-11-24T19:01:02.275+0000] {processor.py:840} INFO - DAG(s) 'etl_spark_working' retrieved from /opt/airflow/dags/etl_spark_working_dag.py
[2025-11-24T19:01:02.308+0000] {logging_mixin.py:188} INFO - [2025-11-24T19:01:02.308+0000] {dag.py:3036} INFO - Sync 1 DAGs
[2025-11-24T19:01:02.340+0000] {logging_mixin.py:188} INFO - [2025-11-24T19:01:02.340+0000] {dag.py:3823} INFO - Setting next_dagrun for etl_spark_working to 2025-11-23 00:00:00+00:00, run_after=2025-11-24 00:00:00+00:00
[2025-11-24T19:01:02.368+0000] {processor.py:183} INFO - Processing /opt/airflow/dags/etl_spark_working_dag.py took 0.123 seconds
[2025-11-24T19:01:32.859+0000] {processor.py:161} INFO - Started process (PID=1738) to work on /opt/airflow/dags/etl_spark_working_dag.py
[2025-11-24T19:01:32.860+0000] {processor.py:830} INFO - Processing file /opt/airflow/dags/etl_spark_working_dag.py for tasks to queue
[2025-11-24T19:01:32.861+0000] {logging_mixin.py:188} INFO - [2025-11-24T19:01:32.860+0000] {dagbag.py:538} INFO - Filling up the DagBag from /opt/airflow/dags/etl_spark_working_dag.py
[2025-11-24T19:01:32.882+0000] {processor.py:840} INFO - DAG(s) 'etl_spark_working' retrieved from /opt/airflow/dags/etl_spark_working_dag.py
[2025-11-24T19:01:32.912+0000] {logging_mixin.py:188} INFO - [2025-11-24T19:01:32.912+0000] {dag.py:3036} INFO - Sync 1 DAGs
[2025-11-24T19:01:32.937+0000] {logging_mixin.py:188} INFO - [2025-11-24T19:01:32.937+0000] {dag.py:3823} INFO - Setting next_dagrun for etl_spark_working to 2025-11-23 00:00:00+00:00, run_after=2025-11-24 00:00:00+00:00
[2025-11-24T19:01:32.958+0000] {processor.py:183} INFO - Processing /opt/airflow/dags/etl_spark_working_dag.py took 0.103 seconds
[2025-11-24T19:02:03.229+0000] {processor.py:161} INFO - Started process (PID=1765) to work on /opt/airflow/dags/etl_spark_working_dag.py
[2025-11-24T19:02:03.230+0000] {processor.py:830} INFO - Processing file /opt/airflow/dags/etl_spark_working_dag.py for tasks to queue
[2025-11-24T19:02:03.231+0000] {logging_mixin.py:188} INFO - [2025-11-24T19:02:03.231+0000] {dagbag.py:538} INFO - Filling up the DagBag from /opt/airflow/dags/etl_spark_working_dag.py
[2025-11-24T19:02:03.251+0000] {processor.py:840} INFO - DAG(s) 'etl_spark_working' retrieved from /opt/airflow/dags/etl_spark_working_dag.py
[2025-11-24T19:02:03.279+0000] {logging_mixin.py:188} INFO - [2025-11-24T19:02:03.279+0000] {dag.py:3036} INFO - Sync 1 DAGs
[2025-11-24T19:02:03.304+0000] {logging_mixin.py:188} INFO - [2025-11-24T19:02:03.304+0000] {dag.py:3823} INFO - Setting next_dagrun for etl_spark_working to 2025-11-23 00:00:00+00:00, run_after=2025-11-24 00:00:00+00:00
[2025-11-24T19:02:03.327+0000] {processor.py:183} INFO - Processing /opt/airflow/dags/etl_spark_working_dag.py took 0.101 seconds
[2025-11-24T19:02:33.736+0000] {processor.py:161} INFO - Started process (PID=1792) to work on /opt/airflow/dags/etl_spark_working_dag.py
[2025-11-24T19:02:33.738+0000] {processor.py:830} INFO - Processing file /opt/airflow/dags/etl_spark_working_dag.py for tasks to queue
[2025-11-24T19:02:33.739+0000] {logging_mixin.py:188} INFO - [2025-11-24T19:02:33.738+0000] {dagbag.py:538} INFO - Filling up the DagBag from /opt/airflow/dags/etl_spark_working_dag.py
[2025-11-24T19:02:33.760+0000] {processor.py:840} INFO - DAG(s) 'etl_spark_working' retrieved from /opt/airflow/dags/etl_spark_working_dag.py
[2025-11-24T19:02:33.789+0000] {logging_mixin.py:188} INFO - [2025-11-24T19:02:33.789+0000] {dag.py:3036} INFO - Sync 1 DAGs
[2025-11-24T19:02:33.814+0000] {logging_mixin.py:188} INFO - [2025-11-24T19:02:33.814+0000] {dag.py:3823} INFO - Setting next_dagrun for etl_spark_working to 2025-11-23 00:00:00+00:00, run_after=2025-11-24 00:00:00+00:00
[2025-11-24T19:02:33.835+0000] {processor.py:183} INFO - Processing /opt/airflow/dags/etl_spark_working_dag.py took 0.102 seconds
[2025-11-24T19:03:04.287+0000] {processor.py:161} INFO - Started process (PID=1850) to work on /opt/airflow/dags/etl_spark_working_dag.py
[2025-11-24T19:03:04.289+0000] {processor.py:830} INFO - Processing file /opt/airflow/dags/etl_spark_working_dag.py for tasks to queue
[2025-11-24T19:03:04.290+0000] {logging_mixin.py:188} INFO - [2025-11-24T19:03:04.290+0000] {dagbag.py:538} INFO - Filling up the DagBag from /opt/airflow/dags/etl_spark_working_dag.py
[2025-11-24T19:03:04.330+0000] {processor.py:840} INFO - DAG(s) 'etl_spark_working' retrieved from /opt/airflow/dags/etl_spark_working_dag.py
[2025-11-24T19:03:04.382+0000] {logging_mixin.py:188} INFO - [2025-11-24T19:03:04.382+0000] {dag.py:3036} INFO - Sync 1 DAGs
[2025-11-24T19:03:04.448+0000] {processor.py:183} INFO - Processing /opt/airflow/dags/etl_spark_working_dag.py took 0.166 seconds
[2025-11-24T19:03:34.793+0000] {processor.py:161} INFO - Started process (PID=1900) to work on /opt/airflow/dags/etl_spark_working_dag.py
[2025-11-24T19:03:34.794+0000] {processor.py:830} INFO - Processing file /opt/airflow/dags/etl_spark_working_dag.py for tasks to queue
[2025-11-24T19:03:34.796+0000] {logging_mixin.py:188} INFO - [2025-11-24T19:03:34.795+0000] {dagbag.py:538} INFO - Filling up the DagBag from /opt/airflow/dags/etl_spark_working_dag.py
[2025-11-24T19:03:34.829+0000] {processor.py:840} INFO - DAG(s) 'etl_spark_working' retrieved from /opt/airflow/dags/etl_spark_working_dag.py
[2025-11-24T19:03:34.869+0000] {logging_mixin.py:188} INFO - [2025-11-24T19:03:34.868+0000] {dag.py:3036} INFO - Sync 1 DAGs
[2025-11-24T19:03:34.923+0000] {processor.py:183} INFO - Processing /opt/airflow/dags/etl_spark_working_dag.py took 0.136 seconds
[2025-11-24T19:04:05.384+0000] {processor.py:161} INFO - Started process (PID=1957) to work on /opt/airflow/dags/etl_spark_working_dag.py
[2025-11-24T19:04:05.386+0000] {processor.py:830} INFO - Processing file /opt/airflow/dags/etl_spark_working_dag.py for tasks to queue
[2025-11-24T19:04:05.387+0000] {logging_mixin.py:188} INFO - [2025-11-24T19:04:05.387+0000] {dagbag.py:538} INFO - Filling up the DagBag from /opt/airflow/dags/etl_spark_working_dag.py
[2025-11-24T19:04:05.414+0000] {processor.py:840} INFO - DAG(s) 'etl_spark_working' retrieved from /opt/airflow/dags/etl_spark_working_dag.py
[2025-11-24T19:04:05.451+0000] {logging_mixin.py:188} INFO - [2025-11-24T19:04:05.451+0000] {dag.py:3036} INFO - Sync 1 DAGs
[2025-11-24T19:04:05.504+0000] {processor.py:183} INFO - Processing /opt/airflow/dags/etl_spark_working_dag.py took 0.125 seconds
[2025-11-24T19:04:36.095+0000] {processor.py:161} INFO - Started process (PID=2021) to work on /opt/airflow/dags/etl_spark_working_dag.py
[2025-11-24T19:04:36.096+0000] {processor.py:830} INFO - Processing file /opt/airflow/dags/etl_spark_working_dag.py for tasks to queue
[2025-11-24T19:04:36.098+0000] {logging_mixin.py:188} INFO - [2025-11-24T19:04:36.097+0000] {dagbag.py:538} INFO - Filling up the DagBag from /opt/airflow/dags/etl_spark_working_dag.py
[2025-11-24T19:04:36.131+0000] {processor.py:840} INFO - DAG(s) 'etl_spark_working' retrieved from /opt/airflow/dags/etl_spark_working_dag.py
[2025-11-24T19:04:36.169+0000] {logging_mixin.py:188} INFO - [2025-11-24T19:04:36.169+0000] {dag.py:3036} INFO - Sync 1 DAGs
[2025-11-24T19:04:36.223+0000] {processor.py:183} INFO - Processing /opt/airflow/dags/etl_spark_working_dag.py took 0.134 seconds
[2025-11-24T19:05:06.658+0000] {processor.py:161} INFO - Started process (PID=2071) to work on /opt/airflow/dags/etl_spark_working_dag.py
[2025-11-24T19:05:06.659+0000] {processor.py:830} INFO - Processing file /opt/airflow/dags/etl_spark_working_dag.py for tasks to queue
[2025-11-24T19:05:06.660+0000] {logging_mixin.py:188} INFO - [2025-11-24T19:05:06.660+0000] {dagbag.py:538} INFO - Filling up the DagBag from /opt/airflow/dags/etl_spark_working_dag.py
[2025-11-24T19:05:06.686+0000] {processor.py:840} INFO - DAG(s) 'etl_spark_working' retrieved from /opt/airflow/dags/etl_spark_working_dag.py
[2025-11-24T19:05:06.726+0000] {logging_mixin.py:188} INFO - [2025-11-24T19:05:06.725+0000] {dag.py:3036} INFO - Sync 1 DAGs
[2025-11-24T19:05:06.780+0000] {processor.py:183} INFO - Processing /opt/airflow/dags/etl_spark_working_dag.py took 0.127 seconds
[2025-11-24T19:05:37.222+0000] {processor.py:161} INFO - Started process (PID=2130) to work on /opt/airflow/dags/etl_spark_working_dag.py
[2025-11-24T19:05:37.224+0000] {processor.py:830} INFO - Processing file /opt/airflow/dags/etl_spark_working_dag.py for tasks to queue
[2025-11-24T19:05:37.225+0000] {logging_mixin.py:188} INFO - [2025-11-24T19:05:37.224+0000] {dagbag.py:538} INFO - Filling up the DagBag from /opt/airflow/dags/etl_spark_working_dag.py
[2025-11-24T19:05:37.258+0000] {processor.py:840} INFO - DAG(s) 'etl_spark_working' retrieved from /opt/airflow/dags/etl_spark_working_dag.py
[2025-11-24T19:05:37.298+0000] {logging_mixin.py:188} INFO - [2025-11-24T19:05:37.298+0000] {dag.py:3036} INFO - Sync 1 DAGs
[2025-11-24T19:05:37.363+0000] {processor.py:183} INFO - Processing /opt/airflow/dags/etl_spark_working_dag.py took 0.146 seconds
[2025-11-24T19:06:07.762+0000] {processor.py:161} INFO - Started process (PID=2162) to work on /opt/airflow/dags/etl_spark_working_dag.py
[2025-11-24T19:06:07.763+0000] {processor.py:830} INFO - Processing file /opt/airflow/dags/etl_spark_working_dag.py for tasks to queue
[2025-11-24T19:06:07.764+0000] {logging_mixin.py:188} INFO - [2025-11-24T19:06:07.764+0000] {dagbag.py:538} INFO - Filling up the DagBag from /opt/airflow/dags/etl_spark_working_dag.py
[2025-11-24T19:06:07.786+0000] {processor.py:840} INFO - DAG(s) 'etl_spark_working' retrieved from /opt/airflow/dags/etl_spark_working_dag.py
[2025-11-24T19:06:07.816+0000] {logging_mixin.py:188} INFO - [2025-11-24T19:06:07.815+0000] {dag.py:3036} INFO - Sync 1 DAGs
[2025-11-24T19:06:07.843+0000] {logging_mixin.py:188} INFO - [2025-11-24T19:06:07.843+0000] {dag.py:3823} INFO - Setting next_dagrun for etl_spark_working to 2025-11-24 00:00:00+00:00, run_after=2025-11-25 00:00:00+00:00
[2025-11-24T19:06:07.864+0000] {processor.py:183} INFO - Processing /opt/airflow/dags/etl_spark_working_dag.py took 0.106 seconds
[2025-11-24T19:06:38.255+0000] {processor.py:161} INFO - Started process (PID=2189) to work on /opt/airflow/dags/etl_spark_working_dag.py
[2025-11-24T19:06:38.256+0000] {processor.py:830} INFO - Processing file /opt/airflow/dags/etl_spark_working_dag.py for tasks to queue
[2025-11-24T19:06:38.257+0000] {logging_mixin.py:188} INFO - [2025-11-24T19:06:38.256+0000] {dagbag.py:538} INFO - Filling up the DagBag from /opt/airflow/dags/etl_spark_working_dag.py
[2025-11-24T19:06:38.280+0000] {processor.py:840} INFO - DAG(s) 'etl_spark_working' retrieved from /opt/airflow/dags/etl_spark_working_dag.py
[2025-11-24T19:06:38.311+0000] {logging_mixin.py:188} INFO - [2025-11-24T19:06:38.311+0000] {dag.py:3036} INFO - Sync 1 DAGs
[2025-11-24T19:06:38.337+0000] {logging_mixin.py:188} INFO - [2025-11-24T19:06:38.337+0000] {dag.py:3823} INFO - Setting next_dagrun for etl_spark_working to 2025-11-24 00:00:00+00:00, run_after=2025-11-25 00:00:00+00:00
[2025-11-24T19:06:38.356+0000] {processor.py:183} INFO - Processing /opt/airflow/dags/etl_spark_working_dag.py took 0.105 seconds
[2025-11-24T19:07:08.744+0000] {processor.py:161} INFO - Started process (PID=2216) to work on /opt/airflow/dags/etl_spark_working_dag.py
[2025-11-24T19:07:08.745+0000] {processor.py:830} INFO - Processing file /opt/airflow/dags/etl_spark_working_dag.py for tasks to queue
[2025-11-24T19:07:08.746+0000] {logging_mixin.py:188} INFO - [2025-11-24T19:07:08.746+0000] {dagbag.py:538} INFO - Filling up the DagBag from /opt/airflow/dags/etl_spark_working_dag.py
[2025-11-24T19:07:08.765+0000] {processor.py:840} INFO - DAG(s) 'etl_spark_working' retrieved from /opt/airflow/dags/etl_spark_working_dag.py
[2025-11-24T19:07:08.793+0000] {logging_mixin.py:188} INFO - [2025-11-24T19:07:08.793+0000] {dag.py:3036} INFO - Sync 1 DAGs
[2025-11-24T19:07:08.817+0000] {logging_mixin.py:188} INFO - [2025-11-24T19:07:08.817+0000] {dag.py:3823} INFO - Setting next_dagrun for etl_spark_working to 2025-11-24 00:00:00+00:00, run_after=2025-11-25 00:00:00+00:00
[2025-11-24T19:07:08.838+0000] {processor.py:183} INFO - Processing /opt/airflow/dags/etl_spark_working_dag.py took 0.097 seconds
[2025-11-24T19:07:39.237+0000] {processor.py:161} INFO - Started process (PID=2243) to work on /opt/airflow/dags/etl_spark_working_dag.py
[2025-11-24T19:07:39.238+0000] {processor.py:830} INFO - Processing file /opt/airflow/dags/etl_spark_working_dag.py for tasks to queue
[2025-11-24T19:07:39.239+0000] {logging_mixin.py:188} INFO - [2025-11-24T19:07:39.239+0000] {dagbag.py:538} INFO - Filling up the DagBag from /opt/airflow/dags/etl_spark_working_dag.py
[2025-11-24T19:07:39.259+0000] {processor.py:840} INFO - DAG(s) 'etl_spark_working' retrieved from /opt/airflow/dags/etl_spark_working_dag.py
[2025-11-24T19:07:39.288+0000] {logging_mixin.py:188} INFO - [2025-11-24T19:07:39.288+0000] {dag.py:3036} INFO - Sync 1 DAGs
[2025-11-24T19:07:39.313+0000] {logging_mixin.py:188} INFO - [2025-11-24T19:07:39.313+0000] {dag.py:3823} INFO - Setting next_dagrun for etl_spark_working to 2025-11-24 00:00:00+00:00, run_after=2025-11-25 00:00:00+00:00
[2025-11-24T19:07:39.335+0000] {processor.py:183} INFO - Processing /opt/airflow/dags/etl_spark_working_dag.py took 0.101 seconds
[2025-11-24T19:08:09.728+0000] {processor.py:161} INFO - Started process (PID=2270) to work on /opt/airflow/dags/etl_spark_working_dag.py
[2025-11-24T19:08:09.729+0000] {processor.py:830} INFO - Processing file /opt/airflow/dags/etl_spark_working_dag.py for tasks to queue
[2025-11-24T19:08:09.730+0000] {logging_mixin.py:188} INFO - [2025-11-24T19:08:09.730+0000] {dagbag.py:538} INFO - Filling up the DagBag from /opt/airflow/dags/etl_spark_working_dag.py
[2025-11-24T19:08:09.753+0000] {processor.py:840} INFO - DAG(s) 'etl_spark_working' retrieved from /opt/airflow/dags/etl_spark_working_dag.py
[2025-11-24T19:08:09.788+0000] {logging_mixin.py:188} INFO - [2025-11-24T19:08:09.788+0000] {dag.py:3036} INFO - Sync 1 DAGs
[2025-11-24T19:08:09.815+0000] {logging_mixin.py:188} INFO - [2025-11-24T19:08:09.815+0000] {dag.py:3823} INFO - Setting next_dagrun for etl_spark_working to 2025-11-24 00:00:00+00:00, run_after=2025-11-25 00:00:00+00:00
[2025-11-24T19:08:09.837+0000] {processor.py:183} INFO - Processing /opt/airflow/dags/etl_spark_working_dag.py took 0.112 seconds
[2025-11-24T19:08:40.268+0000] {processor.py:161} INFO - Started process (PID=2297) to work on /opt/airflow/dags/etl_spark_working_dag.py
[2025-11-24T19:08:40.269+0000] {processor.py:830} INFO - Processing file /opt/airflow/dags/etl_spark_working_dag.py for tasks to queue
[2025-11-24T19:08:40.270+0000] {logging_mixin.py:188} INFO - [2025-11-24T19:08:40.270+0000] {dagbag.py:538} INFO - Filling up the DagBag from /opt/airflow/dags/etl_spark_working_dag.py
[2025-11-24T19:08:40.294+0000] {processor.py:840} INFO - DAG(s) 'etl_spark_working' retrieved from /opt/airflow/dags/etl_spark_working_dag.py
[2025-11-24T19:08:40.336+0000] {logging_mixin.py:188} INFO - [2025-11-24T19:08:40.336+0000] {dag.py:3036} INFO - Sync 1 DAGs
[2025-11-24T19:08:40.368+0000] {logging_mixin.py:188} INFO - [2025-11-24T19:08:40.368+0000] {dag.py:3823} INFO - Setting next_dagrun for etl_spark_working to 2025-11-24 00:00:00+00:00, run_after=2025-11-25 00:00:00+00:00
[2025-11-24T19:08:40.393+0000] {processor.py:183} INFO - Processing /opt/airflow/dags/etl_spark_working_dag.py took 0.129 seconds
[2025-11-24T19:09:10.815+0000] {processor.py:161} INFO - Started process (PID=2317) to work on /opt/airflow/dags/etl_spark_working_dag.py
[2025-11-24T19:09:10.816+0000] {processor.py:830} INFO - Processing file /opt/airflow/dags/etl_spark_working_dag.py for tasks to queue
[2025-11-24T19:09:10.817+0000] {logging_mixin.py:188} INFO - [2025-11-24T19:09:10.816+0000] {dagbag.py:538} INFO - Filling up the DagBag from /opt/airflow/dags/etl_spark_working_dag.py
[2025-11-24T19:09:10.839+0000] {processor.py:840} INFO - DAG(s) 'etl_spark_working' retrieved from /opt/airflow/dags/etl_spark_working_dag.py
[2025-11-24T19:09:10.867+0000] {logging_mixin.py:188} INFO - [2025-11-24T19:09:10.867+0000] {dag.py:3036} INFO - Sync 1 DAGs
[2025-11-24T19:09:10.892+0000] {logging_mixin.py:188} INFO - [2025-11-24T19:09:10.892+0000] {dag.py:3823} INFO - Setting next_dagrun for etl_spark_working to 2025-11-24 00:00:00+00:00, run_after=2025-11-25 00:00:00+00:00
[2025-11-24T19:09:10.914+0000] {processor.py:183} INFO - Processing /opt/airflow/dags/etl_spark_working_dag.py took 0.102 seconds
[2025-11-24T19:09:41.239+0000] {processor.py:161} INFO - Started process (PID=2345) to work on /opt/airflow/dags/etl_spark_working_dag.py
[2025-11-24T19:09:41.240+0000] {processor.py:830} INFO - Processing file /opt/airflow/dags/etl_spark_working_dag.py for tasks to queue
[2025-11-24T19:09:41.241+0000] {logging_mixin.py:188} INFO - [2025-11-24T19:09:41.241+0000] {dagbag.py:538} INFO - Filling up the DagBag from /opt/airflow/dags/etl_spark_working_dag.py
[2025-11-24T19:09:41.262+0000] {processor.py:840} INFO - DAG(s) 'etl_spark_working' retrieved from /opt/airflow/dags/etl_spark_working_dag.py
[2025-11-24T19:09:41.291+0000] {logging_mixin.py:188} INFO - [2025-11-24T19:09:41.291+0000] {dag.py:3036} INFO - Sync 1 DAGs
[2025-11-24T19:09:41.316+0000] {logging_mixin.py:188} INFO - [2025-11-24T19:09:41.316+0000] {dag.py:3823} INFO - Setting next_dagrun for etl_spark_working to 2025-11-24 00:00:00+00:00, run_after=2025-11-25 00:00:00+00:00
[2025-11-24T19:09:41.338+0000] {processor.py:183} INFO - Processing /opt/airflow/dags/etl_spark_working_dag.py took 0.102 seconds
[2025-11-24T19:10:11.713+0000] {processor.py:161} INFO - Started process (PID=2373) to work on /opt/airflow/dags/etl_spark_working_dag.py
[2025-11-24T19:10:11.714+0000] {processor.py:830} INFO - Processing file /opt/airflow/dags/etl_spark_working_dag.py for tasks to queue
[2025-11-24T19:10:11.715+0000] {logging_mixin.py:188} INFO - [2025-11-24T19:10:11.715+0000] {dagbag.py:538} INFO - Filling up the DagBag from /opt/airflow/dags/etl_spark_working_dag.py
[2025-11-24T19:10:11.736+0000] {processor.py:840} INFO - DAG(s) 'etl_spark_working' retrieved from /opt/airflow/dags/etl_spark_working_dag.py
[2025-11-24T19:10:11.764+0000] {logging_mixin.py:188} INFO - [2025-11-24T19:10:11.764+0000] {dag.py:3036} INFO - Sync 1 DAGs
[2025-11-24T19:10:11.790+0000] {logging_mixin.py:188} INFO - [2025-11-24T19:10:11.790+0000] {dag.py:3823} INFO - Setting next_dagrun for etl_spark_working to 2025-11-24 00:00:00+00:00, run_after=2025-11-25 00:00:00+00:00
[2025-11-24T19:10:11.815+0000] {processor.py:183} INFO - Processing /opt/airflow/dags/etl_spark_working_dag.py took 0.105 seconds
[2025-11-24T19:10:42.199+0000] {processor.py:161} INFO - Started process (PID=2400) to work on /opt/airflow/dags/etl_spark_working_dag.py
[2025-11-24T19:10:42.200+0000] {processor.py:830} INFO - Processing file /opt/airflow/dags/etl_spark_working_dag.py for tasks to queue
[2025-11-24T19:10:42.202+0000] {logging_mixin.py:188} INFO - [2025-11-24T19:10:42.201+0000] {dagbag.py:538} INFO - Filling up the DagBag from /opt/airflow/dags/etl_spark_working_dag.py
[2025-11-24T19:10:42.236+0000] {processor.py:840} INFO - DAG(s) 'etl_spark_working' retrieved from /opt/airflow/dags/etl_spark_working_dag.py
[2025-11-24T19:10:42.287+0000] {logging_mixin.py:188} INFO - [2025-11-24T19:10:42.287+0000] {dag.py:3036} INFO - Sync 1 DAGs
[2025-11-24T19:10:42.326+0000] {logging_mixin.py:188} INFO - [2025-11-24T19:10:42.326+0000] {dag.py:3823} INFO - Setting next_dagrun for etl_spark_working to 2025-11-24 00:00:00+00:00, run_after=2025-11-25 00:00:00+00:00
[2025-11-24T19:10:42.348+0000] {processor.py:183} INFO - Processing /opt/airflow/dags/etl_spark_working_dag.py took 0.154 seconds
[2025-11-24T19:11:12.674+0000] {processor.py:161} INFO - Started process (PID=2427) to work on /opt/airflow/dags/etl_spark_working_dag.py
[2025-11-24T19:11:12.675+0000] {processor.py:830} INFO - Processing file /opt/airflow/dags/etl_spark_working_dag.py for tasks to queue
[2025-11-24T19:11:12.676+0000] {logging_mixin.py:188} INFO - [2025-11-24T19:11:12.675+0000] {dagbag.py:538} INFO - Filling up the DagBag from /opt/airflow/dags/etl_spark_working_dag.py
[2025-11-24T19:11:12.696+0000] {processor.py:840} INFO - DAG(s) 'etl_spark_working' retrieved from /opt/airflow/dags/etl_spark_working_dag.py
[2025-11-24T19:11:12.725+0000] {logging_mixin.py:188} INFO - [2025-11-24T19:11:12.725+0000] {dag.py:3036} INFO - Sync 1 DAGs
[2025-11-24T19:11:12.749+0000] {logging_mixin.py:188} INFO - [2025-11-24T19:11:12.749+0000] {dag.py:3823} INFO - Setting next_dagrun for etl_spark_working to 2025-11-24 00:00:00+00:00, run_after=2025-11-25 00:00:00+00:00
[2025-11-24T19:11:12.768+0000] {processor.py:183} INFO - Processing /opt/airflow/dags/etl_spark_working_dag.py took 0.098 seconds
[2025-11-24T19:11:43.141+0000] {processor.py:161} INFO - Started process (PID=2454) to work on /opt/airflow/dags/etl_spark_working_dag.py
[2025-11-24T19:11:43.142+0000] {processor.py:830} INFO - Processing file /opt/airflow/dags/etl_spark_working_dag.py for tasks to queue
[2025-11-24T19:11:43.142+0000] {logging_mixin.py:188} INFO - [2025-11-24T19:11:43.142+0000] {dagbag.py:538} INFO - Filling up the DagBag from /opt/airflow/dags/etl_spark_working_dag.py
[2025-11-24T19:11:43.162+0000] {processor.py:840} INFO - DAG(s) 'etl_spark_working' retrieved from /opt/airflow/dags/etl_spark_working_dag.py
[2025-11-24T19:11:43.191+0000] {logging_mixin.py:188} INFO - [2025-11-24T19:11:43.190+0000] {dag.py:3036} INFO - Sync 1 DAGs
[2025-11-24T19:11:43.214+0000] {logging_mixin.py:188} INFO - [2025-11-24T19:11:43.214+0000] {dag.py:3823} INFO - Setting next_dagrun for etl_spark_working to 2025-11-24 00:00:00+00:00, run_after=2025-11-25 00:00:00+00:00
[2025-11-24T19:11:43.235+0000] {processor.py:183} INFO - Processing /opt/airflow/dags/etl_spark_working_dag.py took 0.098 seconds
