[2025-11-24T18:12:11.295+0000] {processor.py:161} INFO - Started process (PID=164) to work on /opt/airflow/dags/etl_spark_docker_real.py
[2025-11-24T18:12:11.297+0000] {processor.py:830} INFO - Processing file /opt/airflow/dags/etl_spark_docker_real.py for tasks to queue
[2025-11-24T18:12:11.298+0000] {logging_mixin.py:188} INFO - [2025-11-24T18:12:11.298+0000] {dagbag.py:538} INFO - Filling up the DagBag from /opt/airflow/dags/etl_spark_docker_real.py
[2025-11-24T18:12:11.342+0000] {processor.py:840} INFO - DAG(s) 'etl_spark_docker_socket' retrieved from /opt/airflow/dags/etl_spark_docker_real.py
[2025-11-24T18:12:11.427+0000] {logging_mixin.py:188} INFO - [2025-11-24T18:12:11.427+0000] {dag.py:3036} INFO - Sync 1 DAGs
[2025-11-24T18:12:11.455+0000] {logging_mixin.py:188} INFO - [2025-11-24T18:12:11.455+0000] {dag.py:3823} INFO - Setting next_dagrun for etl_spark_docker_socket to None, run_after=None
[2025-11-24T18:12:11.505+0000] {processor.py:183} INFO - Processing /opt/airflow/dags/etl_spark_docker_real.py took 0.216 seconds
[2025-11-24T18:12:41.767+0000] {processor.py:161} INFO - Started process (PID=179) to work on /opt/airflow/dags/etl_spark_docker_real.py
[2025-11-24T18:12:41.769+0000] {processor.py:830} INFO - Processing file /opt/airflow/dags/etl_spark_docker_real.py for tasks to queue
[2025-11-24T18:12:41.770+0000] {logging_mixin.py:188} INFO - [2025-11-24T18:12:41.770+0000] {dagbag.py:538} INFO - Filling up the DagBag from /opt/airflow/dags/etl_spark_docker_real.py
[2025-11-24T18:12:41.790+0000] {processor.py:840} INFO - DAG(s) 'etl_spark_docker_socket' retrieved from /opt/airflow/dags/etl_spark_docker_real.py
[2025-11-24T18:12:42.071+0000] {logging_mixin.py:188} INFO - [2025-11-24T18:12:42.071+0000] {dag.py:3036} INFO - Sync 1 DAGs
[2025-11-24T18:12:42.087+0000] {logging_mixin.py:188} INFO - [2025-11-24T18:12:42.087+0000] {dag.py:3823} INFO - Setting next_dagrun for etl_spark_docker_socket to None, run_after=None
[2025-11-24T18:12:42.123+0000] {processor.py:183} INFO - Processing /opt/airflow/dags/etl_spark_docker_real.py took 0.360 seconds
[2025-11-24T18:13:12.383+0000] {processor.py:161} INFO - Started process (PID=194) to work on /opt/airflow/dags/etl_spark_docker_real.py
[2025-11-24T18:13:12.385+0000] {processor.py:830} INFO - Processing file /opt/airflow/dags/etl_spark_docker_real.py for tasks to queue
[2025-11-24T18:13:12.386+0000] {logging_mixin.py:188} INFO - [2025-11-24T18:13:12.385+0000] {dagbag.py:538} INFO - Filling up the DagBag from /opt/airflow/dags/etl_spark_docker_real.py
[2025-11-24T18:13:12.406+0000] {processor.py:840} INFO - DAG(s) 'etl_spark_docker_socket' retrieved from /opt/airflow/dags/etl_spark_docker_real.py
[2025-11-24T18:13:12.469+0000] {logging_mixin.py:188} INFO - [2025-11-24T18:13:12.469+0000] {dag.py:3036} INFO - Sync 1 DAGs
[2025-11-24T18:13:12.490+0000] {logging_mixin.py:188} INFO - [2025-11-24T18:13:12.490+0000] {dag.py:3823} INFO - Setting next_dagrun for etl_spark_docker_socket to None, run_after=None
[2025-11-24T18:13:12.527+0000] {processor.py:183} INFO - Processing /opt/airflow/dags/etl_spark_docker_real.py took 0.148 seconds
[2025-11-24T18:13:42.795+0000] {processor.py:161} INFO - Started process (PID=209) to work on /opt/airflow/dags/etl_spark_docker_real.py
[2025-11-24T18:13:42.796+0000] {processor.py:830} INFO - Processing file /opt/airflow/dags/etl_spark_docker_real.py for tasks to queue
[2025-11-24T18:13:42.798+0000] {logging_mixin.py:188} INFO - [2025-11-24T18:13:42.798+0000] {dagbag.py:538} INFO - Filling up the DagBag from /opt/airflow/dags/etl_spark_docker_real.py
[2025-11-24T18:13:42.820+0000] {processor.py:840} INFO - DAG(s) 'etl_spark_docker_socket' retrieved from /opt/airflow/dags/etl_spark_docker_real.py
[2025-11-24T18:13:42.899+0000] {logging_mixin.py:188} INFO - [2025-11-24T18:13:42.899+0000] {dag.py:3036} INFO - Sync 1 DAGs
[2025-11-24T18:13:42.921+0000] {logging_mixin.py:188} INFO - [2025-11-24T18:13:42.921+0000] {dag.py:3823} INFO - Setting next_dagrun for etl_spark_docker_socket to None, run_after=None
[2025-11-24T18:13:42.962+0000] {processor.py:183} INFO - Processing /opt/airflow/dags/etl_spark_docker_real.py took 0.172 seconds
[2025-11-24T18:14:13.226+0000] {processor.py:161} INFO - Started process (PID=224) to work on /opt/airflow/dags/etl_spark_docker_real.py
[2025-11-24T18:14:13.228+0000] {processor.py:830} INFO - Processing file /opt/airflow/dags/etl_spark_docker_real.py for tasks to queue
[2025-11-24T18:14:13.229+0000] {logging_mixin.py:188} INFO - [2025-11-24T18:14:13.229+0000] {dagbag.py:538} INFO - Filling up the DagBag from /opt/airflow/dags/etl_spark_docker_real.py
[2025-11-24T18:14:13.248+0000] {processor.py:840} INFO - DAG(s) 'etl_spark_docker_socket' retrieved from /opt/airflow/dags/etl_spark_docker_real.py
[2025-11-24T18:14:13.314+0000] {logging_mixin.py:188} INFO - [2025-11-24T18:14:13.314+0000] {dag.py:3036} INFO - Sync 1 DAGs
[2025-11-24T18:14:13.336+0000] {logging_mixin.py:188} INFO - [2025-11-24T18:14:13.335+0000] {dag.py:3823} INFO - Setting next_dagrun for etl_spark_docker_socket to None, run_after=None
[2025-11-24T18:14:13.378+0000] {processor.py:183} INFO - Processing /opt/airflow/dags/etl_spark_docker_real.py took 0.156 seconds
[2025-11-24T18:14:43.638+0000] {processor.py:161} INFO - Started process (PID=239) to work on /opt/airflow/dags/etl_spark_docker_real.py
[2025-11-24T18:14:43.640+0000] {processor.py:830} INFO - Processing file /opt/airflow/dags/etl_spark_docker_real.py for tasks to queue
[2025-11-24T18:14:43.641+0000] {logging_mixin.py:188} INFO - [2025-11-24T18:14:43.641+0000] {dagbag.py:538} INFO - Filling up the DagBag from /opt/airflow/dags/etl_spark_docker_real.py
[2025-11-24T18:14:43.663+0000] {processor.py:840} INFO - DAG(s) 'etl_spark_docker_socket' retrieved from /opt/airflow/dags/etl_spark_docker_real.py
[2025-11-24T18:14:43.732+0000] {logging_mixin.py:188} INFO - [2025-11-24T18:14:43.732+0000] {dag.py:3036} INFO - Sync 1 DAGs
[2025-11-24T18:14:43.753+0000] {logging_mixin.py:188} INFO - [2025-11-24T18:14:43.753+0000] {dag.py:3823} INFO - Setting next_dagrun for etl_spark_docker_socket to None, run_after=None
[2025-11-24T18:14:43.796+0000] {processor.py:183} INFO - Processing /opt/airflow/dags/etl_spark_docker_real.py took 0.162 seconds
[2025-11-24T18:15:14.132+0000] {processor.py:161} INFO - Started process (PID=254) to work on /opt/airflow/dags/etl_spark_docker_real.py
[2025-11-24T18:15:14.133+0000] {processor.py:830} INFO - Processing file /opt/airflow/dags/etl_spark_docker_real.py for tasks to queue
[2025-11-24T18:15:14.134+0000] {logging_mixin.py:188} INFO - [2025-11-24T18:15:14.133+0000] {dagbag.py:538} INFO - Filling up the DagBag from /opt/airflow/dags/etl_spark_docker_real.py
[2025-11-24T18:15:14.153+0000] {processor.py:840} INFO - DAG(s) 'etl_spark_docker_socket' retrieved from /opt/airflow/dags/etl_spark_docker_real.py
[2025-11-24T18:15:14.218+0000] {logging_mixin.py:188} INFO - [2025-11-24T18:15:14.218+0000] {dag.py:3036} INFO - Sync 1 DAGs
[2025-11-24T18:15:14.240+0000] {logging_mixin.py:188} INFO - [2025-11-24T18:15:14.240+0000] {dag.py:3823} INFO - Setting next_dagrun for etl_spark_docker_socket to None, run_after=None
[2025-11-24T18:15:14.276+0000] {processor.py:183} INFO - Processing /opt/airflow/dags/etl_spark_docker_real.py took 0.148 seconds
[2025-11-24T18:29:27.754+0000] {processor.py:161} INFO - Started process (PID=171) to work on /opt/airflow/dags/etl_spark_docker_real.py
[2025-11-24T18:29:27.755+0000] {processor.py:830} INFO - Processing file /opt/airflow/dags/etl_spark_docker_real.py for tasks to queue
[2025-11-24T18:29:27.756+0000] {logging_mixin.py:188} INFO - [2025-11-24T18:29:27.756+0000] {dagbag.py:538} INFO - Filling up the DagBag from /opt/airflow/dags/etl_spark_docker_real.py
[2025-11-24T18:29:27.789+0000] {processor.py:840} INFO - DAG(s) 'etl_spark_docker_socket' retrieved from /opt/airflow/dags/etl_spark_docker_real.py
[2025-11-24T18:29:27.821+0000] {logging_mixin.py:188} INFO - [2025-11-24T18:29:27.821+0000] {dag.py:3036} INFO - Sync 1 DAGs
[2025-11-24T18:29:27.839+0000] {logging_mixin.py:188} INFO - [2025-11-24T18:29:27.839+0000] {dag.py:3823} INFO - Setting next_dagrun for etl_spark_docker_socket to None, run_after=None
[2025-11-24T18:29:27.862+0000] {processor.py:183} INFO - Processing /opt/airflow/dags/etl_spark_docker_real.py took 0.112 seconds
[2025-11-24T18:29:58.139+0000] {processor.py:161} INFO - Started process (PID=194) to work on /opt/airflow/dags/etl_spark_docker_real.py
[2025-11-24T18:29:58.141+0000] {processor.py:830} INFO - Processing file /opt/airflow/dags/etl_spark_docker_real.py for tasks to queue
[2025-11-24T18:29:58.142+0000] {logging_mixin.py:188} INFO - [2025-11-24T18:29:58.141+0000] {dagbag.py:538} INFO - Filling up the DagBag from /opt/airflow/dags/etl_spark_docker_real.py
[2025-11-24T18:29:58.163+0000] {processor.py:840} INFO - DAG(s) 'etl_spark_docker_socket' retrieved from /opt/airflow/dags/etl_spark_docker_real.py
[2025-11-24T18:29:58.393+0000] {logging_mixin.py:188} INFO - [2025-11-24T18:29:58.393+0000] {dag.py:3036} INFO - Sync 1 DAGs
[2025-11-24T18:29:58.405+0000] {logging_mixin.py:188} INFO - [2025-11-24T18:29:58.404+0000] {dag.py:3823} INFO - Setting next_dagrun for etl_spark_docker_socket to None, run_after=None
[2025-11-24T18:29:58.430+0000] {processor.py:183} INFO - Processing /opt/airflow/dags/etl_spark_docker_real.py took 0.295 seconds
[2025-11-24T18:30:28.673+0000] {processor.py:161} INFO - Started process (PID=209) to work on /opt/airflow/dags/etl_spark_docker_real.py
[2025-11-24T18:30:28.675+0000] {processor.py:830} INFO - Processing file /opt/airflow/dags/etl_spark_docker_real.py for tasks to queue
[2025-11-24T18:30:28.676+0000] {logging_mixin.py:188} INFO - [2025-11-24T18:30:28.675+0000] {dagbag.py:538} INFO - Filling up the DagBag from /opt/airflow/dags/etl_spark_docker_real.py
[2025-11-24T18:30:28.697+0000] {processor.py:840} INFO - DAG(s) 'etl_spark_docker_socket' retrieved from /opt/airflow/dags/etl_spark_docker_real.py
[2025-11-24T18:30:28.729+0000] {logging_mixin.py:188} INFO - [2025-11-24T18:30:28.729+0000] {dag.py:3036} INFO - Sync 1 DAGs
[2025-11-24T18:30:28.746+0000] {logging_mixin.py:188} INFO - [2025-11-24T18:30:28.746+0000] {dag.py:3823} INFO - Setting next_dagrun for etl_spark_docker_socket to None, run_after=None
[2025-11-24T18:30:28.771+0000] {processor.py:183} INFO - Processing /opt/airflow/dags/etl_spark_docker_real.py took 0.101 seconds
[2025-11-24T18:30:59.120+0000] {processor.py:161} INFO - Started process (PID=232) to work on /opt/airflow/dags/etl_spark_docker_real.py
[2025-11-24T18:30:59.121+0000] {processor.py:830} INFO - Processing file /opt/airflow/dags/etl_spark_docker_real.py for tasks to queue
[2025-11-24T18:30:59.123+0000] {logging_mixin.py:188} INFO - [2025-11-24T18:30:59.122+0000] {dagbag.py:538} INFO - Filling up the DagBag from /opt/airflow/dags/etl_spark_docker_real.py
[2025-11-24T18:30:59.164+0000] {processor.py:840} INFO - DAG(s) 'etl_spark_docker_socket' retrieved from /opt/airflow/dags/etl_spark_docker_real.py
[2025-11-24T18:30:59.199+0000] {logging_mixin.py:188} INFO - [2025-11-24T18:30:59.198+0000] {dag.py:3036} INFO - Sync 1 DAGs
[2025-11-24T18:30:59.216+0000] {logging_mixin.py:188} INFO - [2025-11-24T18:30:59.215+0000] {dag.py:3823} INFO - Setting next_dagrun for etl_spark_docker_socket to None, run_after=None
[2025-11-24T18:30:59.239+0000] {processor.py:183} INFO - Processing /opt/airflow/dags/etl_spark_docker_real.py took 0.123 seconds
[2025-11-24T18:31:29.488+0000] {processor.py:161} INFO - Started process (PID=274) to work on /opt/airflow/dags/etl_spark_docker_real.py
[2025-11-24T18:31:29.489+0000] {processor.py:830} INFO - Processing file /opt/airflow/dags/etl_spark_docker_real.py for tasks to queue
[2025-11-24T18:31:29.491+0000] {logging_mixin.py:188} INFO - [2025-11-24T18:31:29.490+0000] {dagbag.py:538} INFO - Filling up the DagBag from /opt/airflow/dags/etl_spark_docker_real.py
[2025-11-24T18:31:29.517+0000] {processor.py:840} INFO - DAG(s) 'etl_spark_docker_socket' retrieved from /opt/airflow/dags/etl_spark_docker_real.py
[2025-11-24T18:31:29.565+0000] {logging_mixin.py:188} INFO - [2025-11-24T18:31:29.564+0000] {dag.py:3036} INFO - Sync 1 DAGs
[2025-11-24T18:31:29.593+0000] {logging_mixin.py:188} INFO - [2025-11-24T18:31:29.593+0000] {dag.py:3823} INFO - Setting next_dagrun for etl_spark_docker_socket to None, run_after=None
[2025-11-24T18:31:29.620+0000] {processor.py:183} INFO - Processing /opt/airflow/dags/etl_spark_docker_real.py took 0.137 seconds
[2025-11-24T18:31:59.882+0000] {processor.py:161} INFO - Started process (PID=334) to work on /opt/airflow/dags/etl_spark_docker_real.py
[2025-11-24T18:31:59.883+0000] {processor.py:830} INFO - Processing file /opt/airflow/dags/etl_spark_docker_real.py for tasks to queue
[2025-11-24T18:31:59.884+0000] {logging_mixin.py:188} INFO - [2025-11-24T18:31:59.884+0000] {dagbag.py:538} INFO - Filling up the DagBag from /opt/airflow/dags/etl_spark_docker_real.py
[2025-11-24T18:31:59.904+0000] {processor.py:840} INFO - DAG(s) 'etl_spark_docker_socket' retrieved from /opt/airflow/dags/etl_spark_docker_real.py
[2025-11-24T18:31:59.937+0000] {logging_mixin.py:188} INFO - [2025-11-24T18:31:59.937+0000] {dag.py:3036} INFO - Sync 1 DAGs
[2025-11-24T18:31:59.953+0000] {logging_mixin.py:188} INFO - [2025-11-24T18:31:59.953+0000] {dag.py:3823} INFO - Setting next_dagrun for etl_spark_docker_socket to None, run_after=None
[2025-11-24T18:31:59.975+0000] {processor.py:183} INFO - Processing /opt/airflow/dags/etl_spark_docker_real.py took 0.097 seconds
[2025-11-24T18:32:30.223+0000] {processor.py:161} INFO - Started process (PID=356) to work on /opt/airflow/dags/etl_spark_docker_real.py
[2025-11-24T18:32:30.224+0000] {processor.py:830} INFO - Processing file /opt/airflow/dags/etl_spark_docker_real.py for tasks to queue
[2025-11-24T18:32:30.225+0000] {logging_mixin.py:188} INFO - [2025-11-24T18:32:30.225+0000] {dagbag.py:538} INFO - Filling up the DagBag from /opt/airflow/dags/etl_spark_docker_real.py
[2025-11-24T18:32:30.245+0000] {processor.py:840} INFO - DAG(s) 'etl_spark_docker_socket' retrieved from /opt/airflow/dags/etl_spark_docker_real.py
[2025-11-24T18:32:30.277+0000] {logging_mixin.py:188} INFO - [2025-11-24T18:32:30.277+0000] {dag.py:3036} INFO - Sync 1 DAGs
[2025-11-24T18:32:30.294+0000] {logging_mixin.py:188} INFO - [2025-11-24T18:32:30.294+0000] {dag.py:3823} INFO - Setting next_dagrun for etl_spark_docker_socket to None, run_after=None
[2025-11-24T18:32:30.318+0000] {processor.py:183} INFO - Processing /opt/airflow/dags/etl_spark_docker_real.py took 0.098 seconds
[2025-11-24T18:33:00.572+0000] {processor.py:161} INFO - Started process (PID=378) to work on /opt/airflow/dags/etl_spark_docker_real.py
[2025-11-24T18:33:00.573+0000] {processor.py:830} INFO - Processing file /opt/airflow/dags/etl_spark_docker_real.py for tasks to queue
[2025-11-24T18:33:00.574+0000] {logging_mixin.py:188} INFO - [2025-11-24T18:33:00.574+0000] {dagbag.py:538} INFO - Filling up the DagBag from /opt/airflow/dags/etl_spark_docker_real.py
[2025-11-24T18:33:00.595+0000] {processor.py:840} INFO - DAG(s) 'etl_spark_docker_socket' retrieved from /opt/airflow/dags/etl_spark_docker_real.py
[2025-11-24T18:33:00.628+0000] {logging_mixin.py:188} INFO - [2025-11-24T18:33:00.628+0000] {dag.py:3036} INFO - Sync 1 DAGs
[2025-11-24T18:33:00.644+0000] {logging_mixin.py:188} INFO - [2025-11-24T18:33:00.644+0000] {dag.py:3823} INFO - Setting next_dagrun for etl_spark_docker_socket to None, run_after=None
[2025-11-24T18:33:00.668+0000] {processor.py:183} INFO - Processing /opt/airflow/dags/etl_spark_docker_real.py took 0.099 seconds
[2025-11-24T18:33:30.922+0000] {processor.py:161} INFO - Started process (PID=400) to work on /opt/airflow/dags/etl_spark_docker_real.py
[2025-11-24T18:33:30.924+0000] {processor.py:830} INFO - Processing file /opt/airflow/dags/etl_spark_docker_real.py for tasks to queue
[2025-11-24T18:33:30.925+0000] {logging_mixin.py:188} INFO - [2025-11-24T18:33:30.924+0000] {dagbag.py:538} INFO - Filling up the DagBag from /opt/airflow/dags/etl_spark_docker_real.py
[2025-11-24T18:33:30.947+0000] {processor.py:840} INFO - DAG(s) 'etl_spark_docker_socket' retrieved from /opt/airflow/dags/etl_spark_docker_real.py
[2025-11-24T18:33:30.981+0000] {logging_mixin.py:188} INFO - [2025-11-24T18:33:30.981+0000] {dag.py:3036} INFO - Sync 1 DAGs
[2025-11-24T18:33:31.001+0000] {logging_mixin.py:188} INFO - [2025-11-24T18:33:31.001+0000] {dag.py:3823} INFO - Setting next_dagrun for etl_spark_docker_socket to None, run_after=None
[2025-11-24T18:33:31.028+0000] {processor.py:183} INFO - Processing /opt/airflow/dags/etl_spark_docker_real.py took 0.109 seconds
[2025-11-24T18:34:01.278+0000] {processor.py:161} INFO - Started process (PID=451) to work on /opt/airflow/dags/etl_spark_docker_real.py
[2025-11-24T18:34:01.279+0000] {processor.py:830} INFO - Processing file /opt/airflow/dags/etl_spark_docker_real.py for tasks to queue
[2025-11-24T18:34:01.280+0000] {logging_mixin.py:188} INFO - [2025-11-24T18:34:01.280+0000] {dagbag.py:538} INFO - Filling up the DagBag from /opt/airflow/dags/etl_spark_docker_real.py
[2025-11-24T18:34:01.299+0000] {processor.py:840} INFO - DAG(s) 'etl_spark_docker_socket' retrieved from /opt/airflow/dags/etl_spark_docker_real.py
[2025-11-24T18:34:01.331+0000] {logging_mixin.py:188} INFO - [2025-11-24T18:34:01.331+0000] {dag.py:3036} INFO - Sync 1 DAGs
[2025-11-24T18:34:01.348+0000] {logging_mixin.py:188} INFO - [2025-11-24T18:34:01.348+0000] {dag.py:3823} INFO - Setting next_dagrun for etl_spark_docker_socket to None, run_after=None
[2025-11-24T18:34:01.372+0000] {processor.py:183} INFO - Processing /opt/airflow/dags/etl_spark_docker_real.py took 0.098 seconds
[2025-11-24T18:34:31.639+0000] {processor.py:161} INFO - Started process (PID=473) to work on /opt/airflow/dags/etl_spark_docker_real.py
[2025-11-24T18:34:31.640+0000] {processor.py:830} INFO - Processing file /opt/airflow/dags/etl_spark_docker_real.py for tasks to queue
[2025-11-24T18:34:31.641+0000] {logging_mixin.py:188} INFO - [2025-11-24T18:34:31.641+0000] {dagbag.py:538} INFO - Filling up the DagBag from /opt/airflow/dags/etl_spark_docker_real.py
[2025-11-24T18:34:31.662+0000] {processor.py:840} INFO - DAG(s) 'etl_spark_docker_socket' retrieved from /opt/airflow/dags/etl_spark_docker_real.py
[2025-11-24T18:34:31.698+0000] {logging_mixin.py:188} INFO - [2025-11-24T18:34:31.698+0000] {dag.py:3036} INFO - Sync 1 DAGs
[2025-11-24T18:34:31.714+0000] {logging_mixin.py:188} INFO - [2025-11-24T18:34:31.714+0000] {dag.py:3823} INFO - Setting next_dagrun for etl_spark_docker_socket to None, run_after=None
[2025-11-24T18:34:31.737+0000] {processor.py:183} INFO - Processing /opt/airflow/dags/etl_spark_docker_real.py took 0.103 seconds
[2025-11-24T18:35:01.984+0000] {processor.py:161} INFO - Started process (PID=495) to work on /opt/airflow/dags/etl_spark_docker_real.py
[2025-11-24T18:35:01.986+0000] {processor.py:830} INFO - Processing file /opt/airflow/dags/etl_spark_docker_real.py for tasks to queue
[2025-11-24T18:35:01.987+0000] {logging_mixin.py:188} INFO - [2025-11-24T18:35:01.987+0000] {dagbag.py:538} INFO - Filling up the DagBag from /opt/airflow/dags/etl_spark_docker_real.py
[2025-11-24T18:35:02.008+0000] {processor.py:840} INFO - DAG(s) 'etl_spark_docker_socket' retrieved from /opt/airflow/dags/etl_spark_docker_real.py
[2025-11-24T18:35:02.042+0000] {logging_mixin.py:188} INFO - [2025-11-24T18:35:02.042+0000] {dag.py:3036} INFO - Sync 1 DAGs
[2025-11-24T18:35:02.057+0000] {logging_mixin.py:188} INFO - [2025-11-24T18:35:02.057+0000] {dag.py:3823} INFO - Setting next_dagrun for etl_spark_docker_socket to None, run_after=None
[2025-11-24T18:35:02.081+0000] {processor.py:183} INFO - Processing /opt/airflow/dags/etl_spark_docker_real.py took 0.099 seconds
[2025-11-24T18:35:32.330+0000] {processor.py:161} INFO - Started process (PID=517) to work on /opt/airflow/dags/etl_spark_docker_real.py
[2025-11-24T18:35:32.331+0000] {processor.py:830} INFO - Processing file /opt/airflow/dags/etl_spark_docker_real.py for tasks to queue
[2025-11-24T18:35:32.332+0000] {logging_mixin.py:188} INFO - [2025-11-24T18:35:32.332+0000] {dagbag.py:538} INFO - Filling up the DagBag from /opt/airflow/dags/etl_spark_docker_real.py
[2025-11-24T18:35:32.352+0000] {processor.py:840} INFO - DAG(s) 'etl_spark_docker_socket' retrieved from /opt/airflow/dags/etl_spark_docker_real.py
[2025-11-24T18:35:32.387+0000] {logging_mixin.py:188} INFO - [2025-11-24T18:35:32.386+0000] {dag.py:3036} INFO - Sync 1 DAGs
[2025-11-24T18:35:32.403+0000] {logging_mixin.py:188} INFO - [2025-11-24T18:35:32.403+0000] {dag.py:3823} INFO - Setting next_dagrun for etl_spark_docker_socket to None, run_after=None
[2025-11-24T18:35:32.427+0000] {processor.py:183} INFO - Processing /opt/airflow/dags/etl_spark_docker_real.py took 0.100 seconds
[2025-11-24T18:36:02.677+0000] {processor.py:161} INFO - Started process (PID=539) to work on /opt/airflow/dags/etl_spark_docker_real.py
[2025-11-24T18:36:02.679+0000] {processor.py:830} INFO - Processing file /opt/airflow/dags/etl_spark_docker_real.py for tasks to queue
[2025-11-24T18:36:02.680+0000] {logging_mixin.py:188} INFO - [2025-11-24T18:36:02.679+0000] {dagbag.py:538} INFO - Filling up the DagBag from /opt/airflow/dags/etl_spark_docker_real.py
[2025-11-24T18:36:02.697+0000] {processor.py:840} INFO - DAG(s) 'etl_spark_docker_socket' retrieved from /opt/airflow/dags/etl_spark_docker_real.py
[2025-11-24T18:36:02.728+0000] {logging_mixin.py:188} INFO - [2025-11-24T18:36:02.728+0000] {dag.py:3036} INFO - Sync 1 DAGs
[2025-11-24T18:36:02.744+0000] {logging_mixin.py:188} INFO - [2025-11-24T18:36:02.744+0000] {dag.py:3823} INFO - Setting next_dagrun for etl_spark_docker_socket to None, run_after=None
[2025-11-24T18:36:02.766+0000] {processor.py:183} INFO - Processing /opt/airflow/dags/etl_spark_docker_real.py took 0.093 seconds
[2025-11-24T18:36:33.032+0000] {processor.py:161} INFO - Started process (PID=561) to work on /opt/airflow/dags/etl_spark_docker_real.py
[2025-11-24T18:36:33.033+0000] {processor.py:830} INFO - Processing file /opt/airflow/dags/etl_spark_docker_real.py for tasks to queue
[2025-11-24T18:36:33.034+0000] {logging_mixin.py:188} INFO - [2025-11-24T18:36:33.034+0000] {dagbag.py:538} INFO - Filling up the DagBag from /opt/airflow/dags/etl_spark_docker_real.py
[2025-11-24T18:36:33.053+0000] {processor.py:840} INFO - DAG(s) 'etl_spark_docker_socket' retrieved from /opt/airflow/dags/etl_spark_docker_real.py
[2025-11-24T18:36:33.086+0000] {logging_mixin.py:188} INFO - [2025-11-24T18:36:33.086+0000] {dag.py:3036} INFO - Sync 1 DAGs
[2025-11-24T18:36:33.101+0000] {logging_mixin.py:188} INFO - [2025-11-24T18:36:33.101+0000] {dag.py:3823} INFO - Setting next_dagrun for etl_spark_docker_socket to None, run_after=None
[2025-11-24T18:36:33.125+0000] {processor.py:183} INFO - Processing /opt/airflow/dags/etl_spark_docker_real.py took 0.096 seconds
[2025-11-24T18:37:03.400+0000] {processor.py:161} INFO - Started process (PID=583) to work on /opt/airflow/dags/etl_spark_docker_real.py
[2025-11-24T18:37:03.402+0000] {processor.py:830} INFO - Processing file /opt/airflow/dags/etl_spark_docker_real.py for tasks to queue
[2025-11-24T18:37:03.403+0000] {logging_mixin.py:188} INFO - [2025-11-24T18:37:03.402+0000] {dagbag.py:538} INFO - Filling up the DagBag from /opt/airflow/dags/etl_spark_docker_real.py
[2025-11-24T18:37:03.420+0000] {processor.py:840} INFO - DAG(s) 'etl_spark_docker_socket' retrieved from /opt/airflow/dags/etl_spark_docker_real.py
[2025-11-24T18:37:03.451+0000] {logging_mixin.py:188} INFO - [2025-11-24T18:37:03.451+0000] {dag.py:3036} INFO - Sync 1 DAGs
[2025-11-24T18:37:03.467+0000] {logging_mixin.py:188} INFO - [2025-11-24T18:37:03.467+0000] {dag.py:3823} INFO - Setting next_dagrun for etl_spark_docker_socket to None, run_after=None
[2025-11-24T18:37:03.499+0000] {processor.py:183} INFO - Processing /opt/airflow/dags/etl_spark_docker_real.py took 0.101 seconds
[2025-11-24T18:37:33.758+0000] {processor.py:161} INFO - Started process (PID=605) to work on /opt/airflow/dags/etl_spark_docker_real.py
[2025-11-24T18:37:33.759+0000] {processor.py:830} INFO - Processing file /opt/airflow/dags/etl_spark_docker_real.py for tasks to queue
[2025-11-24T18:37:33.760+0000] {logging_mixin.py:188} INFO - [2025-11-24T18:37:33.760+0000] {dagbag.py:538} INFO - Filling up the DagBag from /opt/airflow/dags/etl_spark_docker_real.py
[2025-11-24T18:37:33.782+0000] {processor.py:840} INFO - DAG(s) 'etl_spark_docker_socket' retrieved from /opt/airflow/dags/etl_spark_docker_real.py
[2025-11-24T18:37:33.815+0000] {logging_mixin.py:188} INFO - [2025-11-24T18:37:33.815+0000] {dag.py:3036} INFO - Sync 1 DAGs
[2025-11-24T18:37:33.833+0000] {logging_mixin.py:188} INFO - [2025-11-24T18:37:33.833+0000] {dag.py:3823} INFO - Setting next_dagrun for etl_spark_docker_socket to None, run_after=None
[2025-11-24T18:37:33.860+0000] {processor.py:183} INFO - Processing /opt/airflow/dags/etl_spark_docker_real.py took 0.107 seconds
[2025-11-24T18:38:04.110+0000] {processor.py:161} INFO - Started process (PID=640) to work on /opt/airflow/dags/etl_spark_docker_real.py
[2025-11-24T18:38:04.111+0000] {processor.py:830} INFO - Processing file /opt/airflow/dags/etl_spark_docker_real.py for tasks to queue
[2025-11-24T18:38:04.112+0000] {logging_mixin.py:188} INFO - [2025-11-24T18:38:04.112+0000] {dagbag.py:538} INFO - Filling up the DagBag from /opt/airflow/dags/etl_spark_docker_real.py
[2025-11-24T18:38:04.129+0000] {processor.py:840} INFO - DAG(s) 'etl_spark_docker_socket' retrieved from /opt/airflow/dags/etl_spark_docker_real.py
[2025-11-24T18:38:04.159+0000] {logging_mixin.py:188} INFO - [2025-11-24T18:38:04.159+0000] {dag.py:3036} INFO - Sync 1 DAGs
[2025-11-24T18:38:04.176+0000] {logging_mixin.py:188} INFO - [2025-11-24T18:38:04.175+0000] {dag.py:3823} INFO - Setting next_dagrun for etl_spark_docker_socket to None, run_after=None
[2025-11-24T18:38:04.198+0000] {processor.py:183} INFO - Processing /opt/airflow/dags/etl_spark_docker_real.py took 0.092 seconds
[2025-11-24T18:38:34.472+0000] {processor.py:161} INFO - Started process (PID=662) to work on /opt/airflow/dags/etl_spark_docker_real.py
[2025-11-24T18:38:34.473+0000] {processor.py:830} INFO - Processing file /opt/airflow/dags/etl_spark_docker_real.py for tasks to queue
[2025-11-24T18:38:34.474+0000] {logging_mixin.py:188} INFO - [2025-11-24T18:38:34.474+0000] {dagbag.py:538} INFO - Filling up the DagBag from /opt/airflow/dags/etl_spark_docker_real.py
[2025-11-24T18:38:34.494+0000] {processor.py:840} INFO - DAG(s) 'etl_spark_docker_socket' retrieved from /opt/airflow/dags/etl_spark_docker_real.py
[2025-11-24T18:38:34.527+0000] {logging_mixin.py:188} INFO - [2025-11-24T18:38:34.527+0000] {dag.py:3036} INFO - Sync 1 DAGs
[2025-11-24T18:38:34.543+0000] {logging_mixin.py:188} INFO - [2025-11-24T18:38:34.543+0000] {dag.py:3823} INFO - Setting next_dagrun for etl_spark_docker_socket to None, run_after=None
[2025-11-24T18:38:34.568+0000] {processor.py:183} INFO - Processing /opt/airflow/dags/etl_spark_docker_real.py took 0.099 seconds
[2025-11-24T18:39:04.822+0000] {processor.py:161} INFO - Started process (PID=684) to work on /opt/airflow/dags/etl_spark_docker_real.py
[2025-11-24T18:39:04.823+0000] {processor.py:830} INFO - Processing file /opt/airflow/dags/etl_spark_docker_real.py for tasks to queue
[2025-11-24T18:39:04.825+0000] {logging_mixin.py:188} INFO - [2025-11-24T18:39:04.824+0000] {dagbag.py:538} INFO - Filling up the DagBag from /opt/airflow/dags/etl_spark_docker_real.py
[2025-11-24T18:39:04.849+0000] {processor.py:840} INFO - DAG(s) 'etl_spark_docker_socket' retrieved from /opt/airflow/dags/etl_spark_docker_real.py
[2025-11-24T18:39:04.887+0000] {logging_mixin.py:188} INFO - [2025-11-24T18:39:04.887+0000] {dag.py:3036} INFO - Sync 1 DAGs
[2025-11-24T18:39:04.905+0000] {logging_mixin.py:188} INFO - [2025-11-24T18:39:04.905+0000] {dag.py:3823} INFO - Setting next_dagrun for etl_spark_docker_socket to None, run_after=None
[2025-11-24T18:39:04.936+0000] {processor.py:183} INFO - Processing /opt/airflow/dags/etl_spark_docker_real.py took 0.120 seconds
[2025-11-24T18:39:35.242+0000] {processor.py:161} INFO - Started process (PID=699) to work on /opt/airflow/dags/etl_spark_docker_real.py
[2025-11-24T18:39:35.243+0000] {processor.py:830} INFO - Processing file /opt/airflow/dags/etl_spark_docker_real.py for tasks to queue
[2025-11-24T18:39:35.244+0000] {logging_mixin.py:188} INFO - [2025-11-24T18:39:35.244+0000] {dagbag.py:538} INFO - Filling up the DagBag from /opt/airflow/dags/etl_spark_docker_real.py
[2025-11-24T18:39:35.261+0000] {processor.py:840} INFO - DAG(s) 'etl_spark_docker_socket' retrieved from /opt/airflow/dags/etl_spark_docker_real.py
[2025-11-24T18:39:35.292+0000] {logging_mixin.py:188} INFO - [2025-11-24T18:39:35.291+0000] {dag.py:3036} INFO - Sync 1 DAGs
[2025-11-24T18:39:35.306+0000] {logging_mixin.py:188} INFO - [2025-11-24T18:39:35.306+0000] {dag.py:3823} INFO - Setting next_dagrun for etl_spark_docker_socket to None, run_after=None
[2025-11-24T18:39:35.331+0000] {processor.py:183} INFO - Processing /opt/airflow/dags/etl_spark_docker_real.py took 0.092 seconds
[2025-11-24T18:40:05.581+0000] {processor.py:161} INFO - Started process (PID=734) to work on /opt/airflow/dags/etl_spark_docker_real.py
[2025-11-24T18:40:05.582+0000] {processor.py:830} INFO - Processing file /opt/airflow/dags/etl_spark_docker_real.py for tasks to queue
[2025-11-24T18:40:05.583+0000] {logging_mixin.py:188} INFO - [2025-11-24T18:40:05.583+0000] {dagbag.py:538} INFO - Filling up the DagBag from /opt/airflow/dags/etl_spark_docker_real.py
[2025-11-24T18:40:05.601+0000] {processor.py:840} INFO - DAG(s) 'etl_spark_docker_socket' retrieved from /opt/airflow/dags/etl_spark_docker_real.py
[2025-11-24T18:40:05.631+0000] {logging_mixin.py:188} INFO - [2025-11-24T18:40:05.631+0000] {dag.py:3036} INFO - Sync 1 DAGs
[2025-11-24T18:40:05.653+0000] {logging_mixin.py:188} INFO - [2025-11-24T18:40:05.653+0000] {dag.py:3823} INFO - Setting next_dagrun for etl_spark_docker_socket to None, run_after=None
[2025-11-24T18:40:05.677+0000] {processor.py:183} INFO - Processing /opt/airflow/dags/etl_spark_docker_real.py took 0.099 seconds
[2025-11-24T18:40:35.936+0000] {processor.py:161} INFO - Started process (PID=756) to work on /opt/airflow/dags/etl_spark_docker_real.py
[2025-11-24T18:40:35.938+0000] {processor.py:830} INFO - Processing file /opt/airflow/dags/etl_spark_docker_real.py for tasks to queue
[2025-11-24T18:40:35.940+0000] {logging_mixin.py:188} INFO - [2025-11-24T18:40:35.939+0000] {dagbag.py:538} INFO - Filling up the DagBag from /opt/airflow/dags/etl_spark_docker_real.py
[2025-11-24T18:40:35.963+0000] {processor.py:840} INFO - DAG(s) 'etl_spark_docker_socket' retrieved from /opt/airflow/dags/etl_spark_docker_real.py
[2025-11-24T18:40:36.000+0000] {logging_mixin.py:188} INFO - [2025-11-24T18:40:36.000+0000] {dag.py:3036} INFO - Sync 1 DAGs
[2025-11-24T18:40:36.017+0000] {logging_mixin.py:188} INFO - [2025-11-24T18:40:36.017+0000] {dag.py:3823} INFO - Setting next_dagrun for etl_spark_docker_socket to None, run_after=None
[2025-11-24T18:40:36.058+0000] {processor.py:183} INFO - Processing /opt/airflow/dags/etl_spark_docker_real.py took 0.128 seconds
[2025-11-24T18:41:06.330+0000] {processor.py:161} INFO - Started process (PID=780) to work on /opt/airflow/dags/etl_spark_docker_real.py
[2025-11-24T18:41:06.331+0000] {processor.py:830} INFO - Processing file /opt/airflow/dags/etl_spark_docker_real.py for tasks to queue
[2025-11-24T18:41:06.333+0000] {logging_mixin.py:188} INFO - [2025-11-24T18:41:06.332+0000] {dagbag.py:538} INFO - Filling up the DagBag from /opt/airflow/dags/etl_spark_docker_real.py
[2025-11-24T18:41:06.356+0000] {processor.py:840} INFO - DAG(s) 'etl_spark_docker_socket' retrieved from /opt/airflow/dags/etl_spark_docker_real.py
[2025-11-24T18:41:06.391+0000] {logging_mixin.py:188} INFO - [2025-11-24T18:41:06.390+0000] {dag.py:3036} INFO - Sync 1 DAGs
[2025-11-24T18:41:06.410+0000] {logging_mixin.py:188} INFO - [2025-11-24T18:41:06.410+0000] {dag.py:3823} INFO - Setting next_dagrun for etl_spark_docker_socket to None, run_after=None
[2025-11-24T18:41:06.440+0000] {processor.py:183} INFO - Processing /opt/airflow/dags/etl_spark_docker_real.py took 0.115 seconds
[2025-11-24T18:41:36.712+0000] {processor.py:161} INFO - Started process (PID=802) to work on /opt/airflow/dags/etl_spark_docker_real.py
[2025-11-24T18:41:36.713+0000] {processor.py:830} INFO - Processing file /opt/airflow/dags/etl_spark_docker_real.py for tasks to queue
[2025-11-24T18:41:36.714+0000] {logging_mixin.py:188} INFO - [2025-11-24T18:41:36.713+0000] {dagbag.py:538} INFO - Filling up the DagBag from /opt/airflow/dags/etl_spark_docker_real.py
[2025-11-24T18:41:36.733+0000] {processor.py:840} INFO - DAG(s) 'etl_spark_docker_socket' retrieved from /opt/airflow/dags/etl_spark_docker_real.py
[2025-11-24T18:41:36.768+0000] {logging_mixin.py:188} INFO - [2025-11-24T18:41:36.767+0000] {dag.py:3036} INFO - Sync 1 DAGs
[2025-11-24T18:41:36.783+0000] {logging_mixin.py:188} INFO - [2025-11-24T18:41:36.783+0000] {dag.py:3823} INFO - Setting next_dagrun for etl_spark_docker_socket to None, run_after=None
[2025-11-24T18:41:36.808+0000] {processor.py:183} INFO - Processing /opt/airflow/dags/etl_spark_docker_real.py took 0.100 seconds
[2025-11-24T18:42:07.067+0000] {processor.py:161} INFO - Started process (PID=827) to work on /opt/airflow/dags/etl_spark_docker_real.py
[2025-11-24T18:42:07.068+0000] {processor.py:830} INFO - Processing file /opt/airflow/dags/etl_spark_docker_real.py for tasks to queue
[2025-11-24T18:42:07.069+0000] {logging_mixin.py:188} INFO - [2025-11-24T18:42:07.069+0000] {dagbag.py:538} INFO - Filling up the DagBag from /opt/airflow/dags/etl_spark_docker_real.py
[2025-11-24T18:42:07.090+0000] {processor.py:840} INFO - DAG(s) 'etl_spark_docker_socket' retrieved from /opt/airflow/dags/etl_spark_docker_real.py
[2025-11-24T18:42:07.124+0000] {logging_mixin.py:188} INFO - [2025-11-24T18:42:07.124+0000] {dag.py:3036} INFO - Sync 1 DAGs
[2025-11-24T18:42:07.139+0000] {logging_mixin.py:188} INFO - [2025-11-24T18:42:07.139+0000] {dag.py:3823} INFO - Setting next_dagrun for etl_spark_docker_socket to None, run_after=None
[2025-11-24T18:42:07.161+0000] {processor.py:183} INFO - Processing /opt/airflow/dags/etl_spark_docker_real.py took 0.098 seconds
[2025-11-24T18:42:37.424+0000] {processor.py:161} INFO - Started process (PID=850) to work on /opt/airflow/dags/etl_spark_docker_real.py
[2025-11-24T18:42:37.425+0000] {processor.py:830} INFO - Processing file /opt/airflow/dags/etl_spark_docker_real.py for tasks to queue
[2025-11-24T18:42:37.427+0000] {logging_mixin.py:188} INFO - [2025-11-24T18:42:37.426+0000] {dagbag.py:538} INFO - Filling up the DagBag from /opt/airflow/dags/etl_spark_docker_real.py
[2025-11-24T18:42:37.447+0000] {processor.py:840} INFO - DAG(s) 'etl_spark_docker_socket' retrieved from /opt/airflow/dags/etl_spark_docker_real.py
[2025-11-24T18:42:37.482+0000] {logging_mixin.py:188} INFO - [2025-11-24T18:42:37.482+0000] {dag.py:3036} INFO - Sync 1 DAGs
[2025-11-24T18:42:37.498+0000] {logging_mixin.py:188} INFO - [2025-11-24T18:42:37.498+0000] {dag.py:3823} INFO - Setting next_dagrun for etl_spark_docker_socket to None, run_after=None
[2025-11-24T18:42:37.532+0000] {processor.py:183} INFO - Processing /opt/airflow/dags/etl_spark_docker_real.py took 0.111 seconds
[2025-11-24T18:43:07.790+0000] {processor.py:161} INFO - Started process (PID=872) to work on /opt/airflow/dags/etl_spark_docker_real.py
[2025-11-24T18:43:07.792+0000] {processor.py:830} INFO - Processing file /opt/airflow/dags/etl_spark_docker_real.py for tasks to queue
[2025-11-24T18:43:07.793+0000] {logging_mixin.py:188} INFO - [2025-11-24T18:43:07.792+0000] {dagbag.py:538} INFO - Filling up the DagBag from /opt/airflow/dags/etl_spark_docker_real.py
[2025-11-24T18:43:07.813+0000] {processor.py:840} INFO - DAG(s) 'etl_spark_docker_socket' retrieved from /opt/airflow/dags/etl_spark_docker_real.py
[2025-11-24T18:43:07.855+0000] {logging_mixin.py:188} INFO - [2025-11-24T18:43:07.854+0000] {dag.py:3036} INFO - Sync 1 DAGs
[2025-11-24T18:43:07.870+0000] {logging_mixin.py:188} INFO - [2025-11-24T18:43:07.870+0000] {dag.py:3823} INFO - Setting next_dagrun for etl_spark_docker_socket to None, run_after=None
[2025-11-24T18:43:07.893+0000] {processor.py:183} INFO - Processing /opt/airflow/dags/etl_spark_docker_real.py took 0.106 seconds
[2025-11-24T18:43:38.152+0000] {processor.py:161} INFO - Started process (PID=894) to work on /opt/airflow/dags/etl_spark_docker_real.py
[2025-11-24T18:43:38.153+0000] {processor.py:830} INFO - Processing file /opt/airflow/dags/etl_spark_docker_real.py for tasks to queue
[2025-11-24T18:43:38.154+0000] {logging_mixin.py:188} INFO - [2025-11-24T18:43:38.154+0000] {dagbag.py:538} INFO - Filling up the DagBag from /opt/airflow/dags/etl_spark_docker_real.py
[2025-11-24T18:43:38.172+0000] {processor.py:840} INFO - DAG(s) 'etl_spark_docker_socket' retrieved from /opt/airflow/dags/etl_spark_docker_real.py
[2025-11-24T18:43:38.201+0000] {logging_mixin.py:188} INFO - [2025-11-24T18:43:38.201+0000] {dag.py:3036} INFO - Sync 1 DAGs
[2025-11-24T18:43:38.215+0000] {logging_mixin.py:188} INFO - [2025-11-24T18:43:38.215+0000] {dag.py:3823} INFO - Setting next_dagrun for etl_spark_docker_socket to None, run_after=None
[2025-11-24T18:43:38.240+0000] {processor.py:183} INFO - Processing /opt/airflow/dags/etl_spark_docker_real.py took 0.092 seconds
[2025-11-24T18:44:08.501+0000] {processor.py:161} INFO - Started process (PID=918) to work on /opt/airflow/dags/etl_spark_docker_real.py
[2025-11-24T18:44:08.503+0000] {processor.py:830} INFO - Processing file /opt/airflow/dags/etl_spark_docker_real.py for tasks to queue
[2025-11-24T18:44:08.504+0000] {logging_mixin.py:188} INFO - [2025-11-24T18:44:08.504+0000] {dagbag.py:538} INFO - Filling up the DagBag from /opt/airflow/dags/etl_spark_docker_real.py
[2025-11-24T18:44:08.529+0000] {processor.py:840} INFO - DAG(s) 'etl_spark_docker_socket' retrieved from /opt/airflow/dags/etl_spark_docker_real.py
[2025-11-24T18:44:08.569+0000] {logging_mixin.py:188} INFO - [2025-11-24T18:44:08.569+0000] {dag.py:3036} INFO - Sync 1 DAGs
[2025-11-24T18:44:08.586+0000] {logging_mixin.py:188} INFO - [2025-11-24T18:44:08.585+0000] {dag.py:3823} INFO - Setting next_dagrun for etl_spark_docker_socket to None, run_after=None
[2025-11-24T18:44:08.610+0000] {processor.py:183} INFO - Processing /opt/airflow/dags/etl_spark_docker_real.py took 0.114 seconds
[2025-11-24T18:44:38.918+0000] {processor.py:161} INFO - Started process (PID=940) to work on /opt/airflow/dags/etl_spark_docker_real.py
[2025-11-24T18:44:38.919+0000] {processor.py:830} INFO - Processing file /opt/airflow/dags/etl_spark_docker_real.py for tasks to queue
[2025-11-24T18:44:38.921+0000] {logging_mixin.py:188} INFO - [2025-11-24T18:44:38.920+0000] {dagbag.py:538} INFO - Filling up the DagBag from /opt/airflow/dags/etl_spark_docker_real.py
[2025-11-24T18:44:38.943+0000] {processor.py:840} INFO - DAG(s) 'etl_spark_docker_socket' retrieved from /opt/airflow/dags/etl_spark_docker_real.py
[2025-11-24T18:44:38.977+0000] {logging_mixin.py:188} INFO - [2025-11-24T18:44:38.977+0000] {dag.py:3036} INFO - Sync 1 DAGs
[2025-11-24T18:44:38.993+0000] {logging_mixin.py:188} INFO - [2025-11-24T18:44:38.993+0000] {dag.py:3823} INFO - Setting next_dagrun for etl_spark_docker_socket to None, run_after=None
[2025-11-24T18:44:39.019+0000] {processor.py:183} INFO - Processing /opt/airflow/dags/etl_spark_docker_real.py took 0.105 seconds
[2025-11-24T18:45:09.267+0000] {processor.py:161} INFO - Started process (PID=962) to work on /opt/airflow/dags/etl_spark_docker_real.py
[2025-11-24T18:45:09.268+0000] {processor.py:830} INFO - Processing file /opt/airflow/dags/etl_spark_docker_real.py for tasks to queue
[2025-11-24T18:45:09.270+0000] {logging_mixin.py:188} INFO - [2025-11-24T18:45:09.269+0000] {dagbag.py:538} INFO - Filling up the DagBag from /opt/airflow/dags/etl_spark_docker_real.py
[2025-11-24T18:45:09.292+0000] {processor.py:840} INFO - DAG(s) 'etl_spark_docker_socket' retrieved from /opt/airflow/dags/etl_spark_docker_real.py
[2025-11-24T18:45:09.325+0000] {logging_mixin.py:188} INFO - [2025-11-24T18:45:09.324+0000] {dag.py:3036} INFO - Sync 1 DAGs
[2025-11-24T18:45:09.340+0000] {logging_mixin.py:188} INFO - [2025-11-24T18:45:09.340+0000] {dag.py:3823} INFO - Setting next_dagrun for etl_spark_docker_socket to None, run_after=None
[2025-11-24T18:45:09.363+0000] {processor.py:183} INFO - Processing /opt/airflow/dags/etl_spark_docker_real.py took 0.100 seconds
[2025-11-24T18:45:39.623+0000] {processor.py:161} INFO - Started process (PID=984) to work on /opt/airflow/dags/etl_spark_docker_real.py
[2025-11-24T18:45:39.624+0000] {processor.py:830} INFO - Processing file /opt/airflow/dags/etl_spark_docker_real.py for tasks to queue
[2025-11-24T18:45:39.625+0000] {logging_mixin.py:188} INFO - [2025-11-24T18:45:39.625+0000] {dagbag.py:538} INFO - Filling up the DagBag from /opt/airflow/dags/etl_spark_docker_real.py
[2025-11-24T18:45:39.649+0000] {processor.py:840} INFO - DAG(s) 'etl_spark_docker_socket' retrieved from /opt/airflow/dags/etl_spark_docker_real.py
[2025-11-24T18:45:39.685+0000] {logging_mixin.py:188} INFO - [2025-11-24T18:45:39.685+0000] {dag.py:3036} INFO - Sync 1 DAGs
[2025-11-24T18:45:39.704+0000] {logging_mixin.py:188} INFO - [2025-11-24T18:45:39.704+0000] {dag.py:3823} INFO - Setting next_dagrun for etl_spark_docker_socket to None, run_after=None
[2025-11-24T18:45:39.728+0000] {processor.py:183} INFO - Processing /opt/airflow/dags/etl_spark_docker_real.py took 0.109 seconds
[2025-11-24T18:46:09.977+0000] {processor.py:161} INFO - Started process (PID=1007) to work on /opt/airflow/dags/etl_spark_docker_real.py
[2025-11-24T18:46:09.978+0000] {processor.py:830} INFO - Processing file /opt/airflow/dags/etl_spark_docker_real.py for tasks to queue
[2025-11-24T18:46:09.979+0000] {logging_mixin.py:188} INFO - [2025-11-24T18:46:09.979+0000] {dagbag.py:538} INFO - Filling up the DagBag from /opt/airflow/dags/etl_spark_docker_real.py
[2025-11-24T18:46:09.999+0000] {processor.py:840} INFO - DAG(s) 'etl_spark_docker_socket' retrieved from /opt/airflow/dags/etl_spark_docker_real.py
[2025-11-24T18:46:10.033+0000] {logging_mixin.py:188} INFO - [2025-11-24T18:46:10.032+0000] {dag.py:3036} INFO - Sync 1 DAGs
[2025-11-24T18:46:10.050+0000] {logging_mixin.py:188} INFO - [2025-11-24T18:46:10.049+0000] {dag.py:3823} INFO - Setting next_dagrun for etl_spark_docker_socket to None, run_after=None
[2025-11-24T18:46:10.072+0000] {processor.py:183} INFO - Processing /opt/airflow/dags/etl_spark_docker_real.py took 0.099 seconds
[2025-11-24T18:46:40.336+0000] {processor.py:161} INFO - Started process (PID=1029) to work on /opt/airflow/dags/etl_spark_docker_real.py
[2025-11-24T18:46:40.337+0000] {processor.py:830} INFO - Processing file /opt/airflow/dags/etl_spark_docker_real.py for tasks to queue
[2025-11-24T18:46:40.338+0000] {logging_mixin.py:188} INFO - [2025-11-24T18:46:40.338+0000] {dagbag.py:538} INFO - Filling up the DagBag from /opt/airflow/dags/etl_spark_docker_real.py
[2025-11-24T18:46:40.361+0000] {processor.py:840} INFO - DAG(s) 'etl_spark_docker_socket' retrieved from /opt/airflow/dags/etl_spark_docker_real.py
[2025-11-24T18:46:40.404+0000] {logging_mixin.py:188} INFO - [2025-11-24T18:46:40.404+0000] {dag.py:3036} INFO - Sync 1 DAGs
[2025-11-24T18:46:40.421+0000] {logging_mixin.py:188} INFO - [2025-11-24T18:46:40.421+0000] {dag.py:3823} INFO - Setting next_dagrun for etl_spark_docker_socket to None, run_after=None
[2025-11-24T18:46:40.448+0000] {processor.py:183} INFO - Processing /opt/airflow/dags/etl_spark_docker_real.py took 0.116 seconds
[2025-11-24T18:47:10.717+0000] {processor.py:161} INFO - Started process (PID=1051) to work on /opt/airflow/dags/etl_spark_docker_real.py
[2025-11-24T18:47:10.718+0000] {processor.py:830} INFO - Processing file /opt/airflow/dags/etl_spark_docker_real.py for tasks to queue
[2025-11-24T18:47:10.719+0000] {logging_mixin.py:188} INFO - [2025-11-24T18:47:10.718+0000] {dagbag.py:538} INFO - Filling up the DagBag from /opt/airflow/dags/etl_spark_docker_real.py
[2025-11-24T18:47:10.737+0000] {processor.py:840} INFO - DAG(s) 'etl_spark_docker_socket' retrieved from /opt/airflow/dags/etl_spark_docker_real.py
[2025-11-24T18:47:10.766+0000] {logging_mixin.py:188} INFO - [2025-11-24T18:47:10.766+0000] {dag.py:3036} INFO - Sync 1 DAGs
[2025-11-24T18:47:10.779+0000] {logging_mixin.py:188} INFO - [2025-11-24T18:47:10.779+0000] {dag.py:3823} INFO - Setting next_dagrun for etl_spark_docker_socket to None, run_after=None
[2025-11-24T18:47:10.803+0000] {processor.py:183} INFO - Processing /opt/airflow/dags/etl_spark_docker_real.py took 0.090 seconds
[2025-11-24T18:47:41.082+0000] {processor.py:161} INFO - Started process (PID=1073) to work on /opt/airflow/dags/etl_spark_docker_real.py
[2025-11-24T18:47:41.083+0000] {processor.py:830} INFO - Processing file /opt/airflow/dags/etl_spark_docker_real.py for tasks to queue
[2025-11-24T18:47:41.084+0000] {logging_mixin.py:188} INFO - [2025-11-24T18:47:41.084+0000] {dagbag.py:538} INFO - Filling up the DagBag from /opt/airflow/dags/etl_spark_docker_real.py
[2025-11-24T18:47:41.108+0000] {processor.py:840} INFO - DAG(s) 'etl_spark_docker_socket' retrieved from /opt/airflow/dags/etl_spark_docker_real.py
[2025-11-24T18:47:41.144+0000] {logging_mixin.py:188} INFO - [2025-11-24T18:47:41.144+0000] {dag.py:3036} INFO - Sync 1 DAGs
[2025-11-24T18:47:41.159+0000] {logging_mixin.py:188} INFO - [2025-11-24T18:47:41.159+0000] {dag.py:3823} INFO - Setting next_dagrun for etl_spark_docker_socket to None, run_after=None
[2025-11-24T18:47:41.187+0000] {processor.py:183} INFO - Processing /opt/airflow/dags/etl_spark_docker_real.py took 0.110 seconds
[2025-11-24T18:48:11.452+0000] {processor.py:161} INFO - Started process (PID=1088) to work on /opt/airflow/dags/etl_spark_docker_real.py
[2025-11-24T18:48:11.453+0000] {processor.py:830} INFO - Processing file /opt/airflow/dags/etl_spark_docker_real.py for tasks to queue
[2025-11-24T18:48:11.454+0000] {logging_mixin.py:188} INFO - [2025-11-24T18:48:11.454+0000] {dagbag.py:538} INFO - Filling up the DagBag from /opt/airflow/dags/etl_spark_docker_real.py
[2025-11-24T18:48:11.479+0000] {processor.py:840} INFO - DAG(s) 'etl_spark_docker_socket' retrieved from /opt/airflow/dags/etl_spark_docker_real.py
[2025-11-24T18:48:11.517+0000] {logging_mixin.py:188} INFO - [2025-11-24T18:48:11.517+0000] {dag.py:3036} INFO - Sync 1 DAGs
[2025-11-24T18:48:11.534+0000] {logging_mixin.py:188} INFO - [2025-11-24T18:48:11.533+0000] {dag.py:3823} INFO - Setting next_dagrun for etl_spark_docker_socket to None, run_after=None
[2025-11-24T18:48:11.559+0000] {processor.py:183} INFO - Processing /opt/airflow/dags/etl_spark_docker_real.py took 0.111 seconds
[2025-11-24T18:48:41.913+0000] {processor.py:161} INFO - Started process (PID=1115) to work on /opt/airflow/dags/etl_spark_docker_real.py
[2025-11-24T18:48:41.914+0000] {processor.py:830} INFO - Processing file /opt/airflow/dags/etl_spark_docker_real.py for tasks to queue
[2025-11-24T18:48:41.915+0000] {logging_mixin.py:188} INFO - [2025-11-24T18:48:41.915+0000] {dagbag.py:538} INFO - Filling up the DagBag from /opt/airflow/dags/etl_spark_docker_real.py
[2025-11-24T18:48:41.938+0000] {processor.py:840} INFO - DAG(s) 'etl_spark_docker_socket' retrieved from /opt/airflow/dags/etl_spark_docker_real.py
[2025-11-24T18:48:41.978+0000] {logging_mixin.py:188} INFO - [2025-11-24T18:48:41.978+0000] {dag.py:3036} INFO - Sync 1 DAGs
[2025-11-24T18:48:41.996+0000] {logging_mixin.py:188} INFO - [2025-11-24T18:48:41.996+0000] {dag.py:3823} INFO - Setting next_dagrun for etl_spark_docker_socket to None, run_after=None
[2025-11-24T18:48:42.029+0000] {processor.py:183} INFO - Processing /opt/airflow/dags/etl_spark_docker_real.py took 0.120 seconds
[2025-11-24T18:49:12.296+0000] {processor.py:161} INFO - Started process (PID=1137) to work on /opt/airflow/dags/etl_spark_docker_real.py
[2025-11-24T18:49:12.298+0000] {processor.py:830} INFO - Processing file /opt/airflow/dags/etl_spark_docker_real.py for tasks to queue
[2025-11-24T18:49:12.299+0000] {logging_mixin.py:188} INFO - [2025-11-24T18:49:12.298+0000] {dagbag.py:538} INFO - Filling up the DagBag from /opt/airflow/dags/etl_spark_docker_real.py
[2025-11-24T18:49:12.318+0000] {processor.py:840} INFO - DAG(s) 'etl_spark_docker_socket' retrieved from /opt/airflow/dags/etl_spark_docker_real.py
[2025-11-24T18:49:12.348+0000] {logging_mixin.py:188} INFO - [2025-11-24T18:49:12.348+0000] {dag.py:3036} INFO - Sync 1 DAGs
[2025-11-24T18:49:12.362+0000] {logging_mixin.py:188} INFO - [2025-11-24T18:49:12.362+0000] {dag.py:3823} INFO - Setting next_dagrun for etl_spark_docker_socket to None, run_after=None
[2025-11-24T18:49:12.388+0000] {processor.py:183} INFO - Processing /opt/airflow/dags/etl_spark_docker_real.py took 0.096 seconds
[2025-11-24T18:49:42.672+0000] {processor.py:161} INFO - Started process (PID=1159) to work on /opt/airflow/dags/etl_spark_docker_real.py
[2025-11-24T18:49:42.673+0000] {processor.py:830} INFO - Processing file /opt/airflow/dags/etl_spark_docker_real.py for tasks to queue
[2025-11-24T18:49:42.674+0000] {logging_mixin.py:188} INFO - [2025-11-24T18:49:42.674+0000] {dagbag.py:538} INFO - Filling up the DagBag from /opt/airflow/dags/etl_spark_docker_real.py
[2025-11-24T18:49:42.693+0000] {processor.py:840} INFO - DAG(s) 'etl_spark_docker_socket' retrieved from /opt/airflow/dags/etl_spark_docker_real.py
[2025-11-24T18:49:42.721+0000] {logging_mixin.py:188} INFO - [2025-11-24T18:49:42.721+0000] {dag.py:3036} INFO - Sync 1 DAGs
[2025-11-24T18:49:42.737+0000] {logging_mixin.py:188} INFO - [2025-11-24T18:49:42.737+0000] {dag.py:3823} INFO - Setting next_dagrun for etl_spark_docker_socket to None, run_after=None
[2025-11-24T18:49:42.759+0000] {processor.py:183} INFO - Processing /opt/airflow/dags/etl_spark_docker_real.py took 0.090 seconds
[2025-11-24T18:50:13.011+0000] {processor.py:161} INFO - Started process (PID=1181) to work on /opt/airflow/dags/etl_spark_docker_real.py
[2025-11-24T18:50:13.013+0000] {processor.py:830} INFO - Processing file /opt/airflow/dags/etl_spark_docker_real.py for tasks to queue
[2025-11-24T18:50:13.014+0000] {logging_mixin.py:188} INFO - [2025-11-24T18:50:13.013+0000] {dagbag.py:538} INFO - Filling up the DagBag from /opt/airflow/dags/etl_spark_docker_real.py
[2025-11-24T18:50:13.035+0000] {processor.py:840} INFO - DAG(s) 'etl_spark_docker_socket' retrieved from /opt/airflow/dags/etl_spark_docker_real.py
[2025-11-24T18:50:13.069+0000] {logging_mixin.py:188} INFO - [2025-11-24T18:50:13.069+0000] {dag.py:3036} INFO - Sync 1 DAGs
[2025-11-24T18:50:13.085+0000] {logging_mixin.py:188} INFO - [2025-11-24T18:50:13.085+0000] {dag.py:3823} INFO - Setting next_dagrun for etl_spark_docker_socket to None, run_after=None
[2025-11-24T18:50:13.108+0000] {processor.py:183} INFO - Processing /opt/airflow/dags/etl_spark_docker_real.py took 0.100 seconds
[2025-11-24T18:50:43.359+0000] {processor.py:161} INFO - Started process (PID=1203) to work on /opt/airflow/dags/etl_spark_docker_real.py
[2025-11-24T18:50:43.360+0000] {processor.py:830} INFO - Processing file /opt/airflow/dags/etl_spark_docker_real.py for tasks to queue
[2025-11-24T18:50:43.361+0000] {logging_mixin.py:188} INFO - [2025-11-24T18:50:43.360+0000] {dagbag.py:538} INFO - Filling up the DagBag from /opt/airflow/dags/etl_spark_docker_real.py
[2025-11-24T18:50:43.382+0000] {processor.py:840} INFO - DAG(s) 'etl_spark_docker_socket' retrieved from /opt/airflow/dags/etl_spark_docker_real.py
[2025-11-24T18:50:43.416+0000] {logging_mixin.py:188} INFO - [2025-11-24T18:50:43.416+0000] {dag.py:3036} INFO - Sync 1 DAGs
[2025-11-24T18:50:43.435+0000] {logging_mixin.py:188} INFO - [2025-11-24T18:50:43.435+0000] {dag.py:3823} INFO - Setting next_dagrun for etl_spark_docker_socket to None, run_after=None
[2025-11-24T18:50:43.460+0000] {processor.py:183} INFO - Processing /opt/airflow/dags/etl_spark_docker_real.py took 0.105 seconds
[2025-11-24T18:51:13.711+0000] {processor.py:161} INFO - Started process (PID=1225) to work on /opt/airflow/dags/etl_spark_docker_real.py
[2025-11-24T18:51:13.712+0000] {processor.py:830} INFO - Processing file /opt/airflow/dags/etl_spark_docker_real.py for tasks to queue
[2025-11-24T18:51:13.713+0000] {logging_mixin.py:188} INFO - [2025-11-24T18:51:13.712+0000] {dagbag.py:538} INFO - Filling up the DagBag from /opt/airflow/dags/etl_spark_docker_real.py
[2025-11-24T18:51:13.735+0000] {processor.py:840} INFO - DAG(s) 'etl_spark_docker_socket' retrieved from /opt/airflow/dags/etl_spark_docker_real.py
[2025-11-24T18:51:13.768+0000] {logging_mixin.py:188} INFO - [2025-11-24T18:51:13.768+0000] {dag.py:3036} INFO - Sync 1 DAGs
[2025-11-24T18:51:13.783+0000] {logging_mixin.py:188} INFO - [2025-11-24T18:51:13.783+0000] {dag.py:3823} INFO - Setting next_dagrun for etl_spark_docker_socket to None, run_after=None
[2025-11-24T18:51:13.806+0000] {processor.py:183} INFO - Processing /opt/airflow/dags/etl_spark_docker_real.py took 0.098 seconds
[2025-11-24T18:51:44.057+0000] {processor.py:161} INFO - Started process (PID=1287) to work on /opt/airflow/dags/etl_spark_docker_real.py
[2025-11-24T18:51:44.058+0000] {processor.py:830} INFO - Processing file /opt/airflow/dags/etl_spark_docker_real.py for tasks to queue
[2025-11-24T18:51:44.059+0000] {logging_mixin.py:188} INFO - [2025-11-24T18:51:44.059+0000] {dagbag.py:538} INFO - Filling up the DagBag from /opt/airflow/dags/etl_spark_docker_real.py
[2025-11-24T18:51:44.078+0000] {processor.py:840} INFO - DAG(s) 'etl_spark_docker_socket' retrieved from /opt/airflow/dags/etl_spark_docker_real.py
[2025-11-24T18:51:44.106+0000] {logging_mixin.py:188} INFO - [2025-11-24T18:51:44.106+0000] {dag.py:3036} INFO - Sync 1 DAGs
[2025-11-24T18:51:44.122+0000] {logging_mixin.py:188} INFO - [2025-11-24T18:51:44.122+0000] {dag.py:3823} INFO - Setting next_dagrun for etl_spark_docker_socket to None, run_after=None
[2025-11-24T18:51:44.153+0000] {processor.py:183} INFO - Processing /opt/airflow/dags/etl_spark_docker_real.py took 0.099 seconds
[2025-11-24T18:52:14.399+0000] {processor.py:161} INFO - Started process (PID=1310) to work on /opt/airflow/dags/etl_spark_docker_real.py
[2025-11-24T18:52:14.400+0000] {processor.py:830} INFO - Processing file /opt/airflow/dags/etl_spark_docker_real.py for tasks to queue
[2025-11-24T18:52:14.401+0000] {logging_mixin.py:188} INFO - [2025-11-24T18:52:14.401+0000] {dagbag.py:538} INFO - Filling up the DagBag from /opt/airflow/dags/etl_spark_docker_real.py
[2025-11-24T18:52:14.419+0000] {processor.py:840} INFO - DAG(s) 'etl_spark_docker_socket' retrieved from /opt/airflow/dags/etl_spark_docker_real.py
[2025-11-24T18:52:14.450+0000] {logging_mixin.py:188} INFO - [2025-11-24T18:52:14.450+0000] {dag.py:3036} INFO - Sync 1 DAGs
[2025-11-24T18:52:14.467+0000] {logging_mixin.py:188} INFO - [2025-11-24T18:52:14.466+0000] {dag.py:3823} INFO - Setting next_dagrun for etl_spark_docker_socket to None, run_after=None
[2025-11-24T18:52:14.494+0000] {processor.py:183} INFO - Processing /opt/airflow/dags/etl_spark_docker_real.py took 0.098 seconds
[2025-11-24T18:52:44.738+0000] {processor.py:161} INFO - Started process (PID=1332) to work on /opt/airflow/dags/etl_spark_docker_real.py
[2025-11-24T18:52:44.739+0000] {processor.py:830} INFO - Processing file /opt/airflow/dags/etl_spark_docker_real.py for tasks to queue
[2025-11-24T18:52:44.740+0000] {logging_mixin.py:188} INFO - [2025-11-24T18:52:44.740+0000] {dagbag.py:538} INFO - Filling up the DagBag from /opt/airflow/dags/etl_spark_docker_real.py
[2025-11-24T18:52:44.762+0000] {processor.py:840} INFO - DAG(s) 'etl_spark_docker_socket' retrieved from /opt/airflow/dags/etl_spark_docker_real.py
[2025-11-24T18:52:44.796+0000] {logging_mixin.py:188} INFO - [2025-11-24T18:52:44.796+0000] {dag.py:3036} INFO - Sync 1 DAGs
[2025-11-24T18:52:44.815+0000] {logging_mixin.py:188} INFO - [2025-11-24T18:52:44.815+0000] {dag.py:3823} INFO - Setting next_dagrun for etl_spark_docker_socket to None, run_after=None
[2025-11-24T18:52:44.839+0000] {processor.py:183} INFO - Processing /opt/airflow/dags/etl_spark_docker_real.py took 0.106 seconds
[2025-11-24T18:53:15.089+0000] {processor.py:161} INFO - Started process (PID=1354) to work on /opt/airflow/dags/etl_spark_docker_real.py
[2025-11-24T18:53:15.090+0000] {processor.py:830} INFO - Processing file /opt/airflow/dags/etl_spark_docker_real.py for tasks to queue
[2025-11-24T18:53:15.091+0000] {logging_mixin.py:188} INFO - [2025-11-24T18:53:15.091+0000] {dagbag.py:538} INFO - Filling up the DagBag from /opt/airflow/dags/etl_spark_docker_real.py
[2025-11-24T18:53:15.118+0000] {processor.py:840} INFO - DAG(s) 'etl_spark_docker_socket' retrieved from /opt/airflow/dags/etl_spark_docker_real.py
[2025-11-24T18:53:15.153+0000] {logging_mixin.py:188} INFO - [2025-11-24T18:53:15.153+0000] {dag.py:3036} INFO - Sync 1 DAGs
[2025-11-24T18:53:15.171+0000] {logging_mixin.py:188} INFO - [2025-11-24T18:53:15.170+0000] {dag.py:3823} INFO - Setting next_dagrun for etl_spark_docker_socket to None, run_after=None
[2025-11-24T18:53:15.196+0000] {processor.py:183} INFO - Processing /opt/airflow/dags/etl_spark_docker_real.py took 0.110 seconds
[2025-11-24T18:53:45.437+0000] {processor.py:161} INFO - Started process (PID=1378) to work on /opt/airflow/dags/etl_spark_docker_real.py
[2025-11-24T18:53:45.438+0000] {processor.py:830} INFO - Processing file /opt/airflow/dags/etl_spark_docker_real.py for tasks to queue
[2025-11-24T18:53:45.439+0000] {logging_mixin.py:188} INFO - [2025-11-24T18:53:45.439+0000] {dagbag.py:538} INFO - Filling up the DagBag from /opt/airflow/dags/etl_spark_docker_real.py
[2025-11-24T18:53:45.461+0000] {processor.py:840} INFO - DAG(s) 'etl_spark_docker_socket' retrieved from /opt/airflow/dags/etl_spark_docker_real.py
[2025-11-24T18:53:45.497+0000] {logging_mixin.py:188} INFO - [2025-11-24T18:53:45.497+0000] {dag.py:3036} INFO - Sync 1 DAGs
[2025-11-24T18:53:45.516+0000] {logging_mixin.py:188} INFO - [2025-11-24T18:53:45.516+0000] {dag.py:3823} INFO - Setting next_dagrun for etl_spark_docker_socket to None, run_after=None
[2025-11-24T18:53:45.544+0000] {processor.py:183} INFO - Processing /opt/airflow/dags/etl_spark_docker_real.py took 0.110 seconds
[2025-11-24T18:54:15.786+0000] {processor.py:161} INFO - Started process (PID=1400) to work on /opt/airflow/dags/etl_spark_docker_real.py
[2025-11-24T18:54:15.787+0000] {processor.py:830} INFO - Processing file /opt/airflow/dags/etl_spark_docker_real.py for tasks to queue
[2025-11-24T18:54:15.788+0000] {logging_mixin.py:188} INFO - [2025-11-24T18:54:15.788+0000] {dagbag.py:538} INFO - Filling up the DagBag from /opt/airflow/dags/etl_spark_docker_real.py
[2025-11-24T18:54:15.806+0000] {processor.py:840} INFO - DAG(s) 'etl_spark_docker_socket' retrieved from /opt/airflow/dags/etl_spark_docker_real.py
[2025-11-24T18:54:15.838+0000] {logging_mixin.py:188} INFO - [2025-11-24T18:54:15.837+0000] {dag.py:3036} INFO - Sync 1 DAGs
[2025-11-24T18:54:15.854+0000] {logging_mixin.py:188} INFO - [2025-11-24T18:54:15.854+0000] {dag.py:3823} INFO - Setting next_dagrun for etl_spark_docker_socket to None, run_after=None
[2025-11-24T18:54:15.877+0000] {processor.py:183} INFO - Processing /opt/airflow/dags/etl_spark_docker_real.py took 0.094 seconds
[2025-11-24T18:54:46.163+0000] {processor.py:161} INFO - Started process (PID=1422) to work on /opt/airflow/dags/etl_spark_docker_real.py
[2025-11-24T18:54:46.165+0000] {processor.py:830} INFO - Processing file /opt/airflow/dags/etl_spark_docker_real.py for tasks to queue
[2025-11-24T18:54:46.166+0000] {logging_mixin.py:188} INFO - [2025-11-24T18:54:46.165+0000] {dagbag.py:538} INFO - Filling up the DagBag from /opt/airflow/dags/etl_spark_docker_real.py
[2025-11-24T18:54:46.191+0000] {processor.py:840} INFO - DAG(s) 'etl_spark_docker_socket' retrieved from /opt/airflow/dags/etl_spark_docker_real.py
[2025-11-24T18:54:46.230+0000] {logging_mixin.py:188} INFO - [2025-11-24T18:54:46.230+0000] {dag.py:3036} INFO - Sync 1 DAGs
[2025-11-24T18:54:46.246+0000] {logging_mixin.py:188} INFO - [2025-11-24T18:54:46.246+0000] {dag.py:3823} INFO - Setting next_dagrun for etl_spark_docker_socket to None, run_after=None
[2025-11-24T18:54:46.271+0000] {processor.py:183} INFO - Processing /opt/airflow/dags/etl_spark_docker_real.py took 0.111 seconds
[2025-11-24T18:55:16.527+0000] {processor.py:161} INFO - Started process (PID=1444) to work on /opt/airflow/dags/etl_spark_docker_real.py
[2025-11-24T18:55:16.528+0000] {processor.py:830} INFO - Processing file /opt/airflow/dags/etl_spark_docker_real.py for tasks to queue
[2025-11-24T18:55:16.529+0000] {logging_mixin.py:188} INFO - [2025-11-24T18:55:16.528+0000] {dagbag.py:538} INFO - Filling up the DagBag from /opt/airflow/dags/etl_spark_docker_real.py
[2025-11-24T18:55:16.551+0000] {processor.py:840} INFO - DAG(s) 'etl_spark_docker_socket' retrieved from /opt/airflow/dags/etl_spark_docker_real.py
[2025-11-24T18:55:16.585+0000] {logging_mixin.py:188} INFO - [2025-11-24T18:55:16.585+0000] {dag.py:3036} INFO - Sync 1 DAGs
[2025-11-24T18:55:16.601+0000] {logging_mixin.py:188} INFO - [2025-11-24T18:55:16.601+0000] {dag.py:3823} INFO - Setting next_dagrun for etl_spark_docker_socket to None, run_after=None
[2025-11-24T18:55:16.627+0000] {processor.py:183} INFO - Processing /opt/airflow/dags/etl_spark_docker_real.py took 0.103 seconds
[2025-11-24T18:55:46.909+0000] {processor.py:161} INFO - Started process (PID=1466) to work on /opt/airflow/dags/etl_spark_docker_real.py
[2025-11-24T18:55:46.913+0000] {processor.py:830} INFO - Processing file /opt/airflow/dags/etl_spark_docker_real.py for tasks to queue
[2025-11-24T18:55:46.915+0000] {logging_mixin.py:188} INFO - [2025-11-24T18:55:46.914+0000] {dagbag.py:538} INFO - Filling up the DagBag from /opt/airflow/dags/etl_spark_docker_real.py
[2025-11-24T18:55:46.958+0000] {processor.py:840} INFO - DAG(s) 'etl_spark_docker_socket' retrieved from /opt/airflow/dags/etl_spark_docker_real.py
[2025-11-24T18:55:47.038+0000] {logging_mixin.py:188} INFO - [2025-11-24T18:55:47.038+0000] {dag.py:3036} INFO - Sync 1 DAGs
[2025-11-24T18:55:47.071+0000] {logging_mixin.py:188} INFO - [2025-11-24T18:55:47.070+0000] {dag.py:3823} INFO - Setting next_dagrun for etl_spark_docker_socket to None, run_after=None
[2025-11-24T18:55:47.144+0000] {processor.py:183} INFO - Processing /opt/airflow/dags/etl_spark_docker_real.py took 0.239 seconds
[2025-11-24T18:56:17.215+0000] {processor.py:161} INFO - Started process (PID=1489) to work on /opt/airflow/dags/etl_spark_docker_real.py
[2025-11-24T18:56:17.216+0000] {processor.py:830} INFO - Processing file /opt/airflow/dags/etl_spark_docker_real.py for tasks to queue
[2025-11-24T18:56:17.217+0000] {logging_mixin.py:188} INFO - [2025-11-24T18:56:17.217+0000] {dagbag.py:538} INFO - Filling up the DagBag from /opt/airflow/dags/etl_spark_docker_real.py
[2025-11-24T18:56:17.242+0000] {processor.py:840} INFO - DAG(s) 'etl_spark_docker_socket' retrieved from /opt/airflow/dags/etl_spark_docker_real.py
[2025-11-24T18:56:17.279+0000] {logging_mixin.py:188} INFO - [2025-11-24T18:56:17.278+0000] {dag.py:3036} INFO - Sync 1 DAGs
[2025-11-24T18:56:17.297+0000] {logging_mixin.py:188} INFO - [2025-11-24T18:56:17.297+0000] {dag.py:3823} INFO - Setting next_dagrun for etl_spark_docker_socket to None, run_after=None
[2025-11-24T18:56:17.321+0000] {processor.py:183} INFO - Processing /opt/airflow/dags/etl_spark_docker_real.py took 0.110 seconds
[2025-11-24T18:56:47.656+0000] {processor.py:161} INFO - Started process (PID=1512) to work on /opt/airflow/dags/etl_spark_docker_real.py
[2025-11-24T18:56:47.658+0000] {processor.py:830} INFO - Processing file /opt/airflow/dags/etl_spark_docker_real.py for tasks to queue
[2025-11-24T18:56:47.659+0000] {logging_mixin.py:188} INFO - [2025-11-24T18:56:47.659+0000] {dagbag.py:538} INFO - Filling up the DagBag from /opt/airflow/dags/etl_spark_docker_real.py
[2025-11-24T18:56:47.682+0000] {processor.py:840} INFO - DAG(s) 'etl_spark_docker_socket' retrieved from /opt/airflow/dags/etl_spark_docker_real.py
[2025-11-24T18:56:47.716+0000] {logging_mixin.py:188} INFO - [2025-11-24T18:56:47.716+0000] {dag.py:3036} INFO - Sync 1 DAGs
[2025-11-24T18:56:47.733+0000] {logging_mixin.py:188} INFO - [2025-11-24T18:56:47.733+0000] {dag.py:3823} INFO - Setting next_dagrun for etl_spark_docker_socket to None, run_after=None
[2025-11-24T18:56:47.764+0000] {processor.py:183} INFO - Processing /opt/airflow/dags/etl_spark_docker_real.py took 0.112 seconds
[2025-11-24T18:57:18.016+0000] {processor.py:161} INFO - Started process (PID=1527) to work on /opt/airflow/dags/etl_spark_docker_real.py
[2025-11-24T18:57:18.017+0000] {processor.py:830} INFO - Processing file /opt/airflow/dags/etl_spark_docker_real.py for tasks to queue
[2025-11-24T18:57:18.018+0000] {logging_mixin.py:188} INFO - [2025-11-24T18:57:18.017+0000] {dagbag.py:538} INFO - Filling up the DagBag from /opt/airflow/dags/etl_spark_docker_real.py
[2025-11-24T18:57:18.039+0000] {processor.py:840} INFO - DAG(s) 'etl_spark_docker_socket' retrieved from /opt/airflow/dags/etl_spark_docker_real.py
[2025-11-24T18:57:18.074+0000] {logging_mixin.py:188} INFO - [2025-11-24T18:57:18.074+0000] {dag.py:3036} INFO - Sync 1 DAGs
[2025-11-24T18:57:18.090+0000] {logging_mixin.py:188} INFO - [2025-11-24T18:57:18.090+0000] {dag.py:3823} INFO - Setting next_dagrun for etl_spark_docker_socket to None, run_after=None
[2025-11-24T18:57:18.118+0000] {processor.py:183} INFO - Processing /opt/airflow/dags/etl_spark_docker_real.py took 0.105 seconds
[2025-11-24T18:57:48.483+0000] {processor.py:161} INFO - Started process (PID=1549) to work on /opt/airflow/dags/etl_spark_docker_real.py
[2025-11-24T18:57:48.484+0000] {processor.py:830} INFO - Processing file /opt/airflow/dags/etl_spark_docker_real.py for tasks to queue
[2025-11-24T18:57:48.485+0000] {logging_mixin.py:188} INFO - [2025-11-24T18:57:48.485+0000] {dagbag.py:538} INFO - Filling up the DagBag from /opt/airflow/dags/etl_spark_docker_real.py
[2025-11-24T18:57:48.509+0000] {processor.py:840} INFO - DAG(s) 'etl_spark_docker_socket' retrieved from /opt/airflow/dags/etl_spark_docker_real.py
[2025-11-24T18:57:48.549+0000] {logging_mixin.py:188} INFO - [2025-11-24T18:57:48.549+0000] {dag.py:3036} INFO - Sync 1 DAGs
[2025-11-24T18:57:48.570+0000] {logging_mixin.py:188} INFO - [2025-11-24T18:57:48.570+0000] {dag.py:3823} INFO - Setting next_dagrun for etl_spark_docker_socket to None, run_after=None
[2025-11-24T18:57:48.594+0000] {processor.py:183} INFO - Processing /opt/airflow/dags/etl_spark_docker_real.py took 0.115 seconds
[2025-11-24T18:58:18.848+0000] {processor.py:161} INFO - Started process (PID=1571) to work on /opt/airflow/dags/etl_spark_docker_real.py
[2025-11-24T18:58:18.848+0000] {processor.py:830} INFO - Processing file /opt/airflow/dags/etl_spark_docker_real.py for tasks to queue
[2025-11-24T18:58:18.849+0000] {logging_mixin.py:188} INFO - [2025-11-24T18:58:18.849+0000] {dagbag.py:538} INFO - Filling up the DagBag from /opt/airflow/dags/etl_spark_docker_real.py
[2025-11-24T18:58:18.871+0000] {processor.py:840} INFO - DAG(s) 'etl_spark_docker_socket' retrieved from /opt/airflow/dags/etl_spark_docker_real.py
[2025-11-24T18:58:18.900+0000] {logging_mixin.py:188} INFO - [2025-11-24T18:58:18.900+0000] {dag.py:3036} INFO - Sync 1 DAGs
[2025-11-24T18:58:18.915+0000] {logging_mixin.py:188} INFO - [2025-11-24T18:58:18.915+0000] {dag.py:3823} INFO - Setting next_dagrun for etl_spark_docker_socket to None, run_after=None
[2025-11-24T18:58:18.941+0000] {processor.py:183} INFO - Processing /opt/airflow/dags/etl_spark_docker_real.py took 0.097 seconds
[2025-11-24T18:58:49.203+0000] {processor.py:161} INFO - Started process (PID=1593) to work on /opt/airflow/dags/etl_spark_docker_real.py
[2025-11-24T18:58:49.204+0000] {processor.py:830} INFO - Processing file /opt/airflow/dags/etl_spark_docker_real.py for tasks to queue
[2025-11-24T18:58:49.205+0000] {logging_mixin.py:188} INFO - [2025-11-24T18:58:49.204+0000] {dagbag.py:538} INFO - Filling up the DagBag from /opt/airflow/dags/etl_spark_docker_real.py
[2025-11-24T18:58:49.224+0000] {processor.py:840} INFO - DAG(s) 'etl_spark_docker_socket' retrieved from /opt/airflow/dags/etl_spark_docker_real.py
[2025-11-24T18:58:49.256+0000] {logging_mixin.py:188} INFO - [2025-11-24T18:58:49.256+0000] {dag.py:3036} INFO - Sync 1 DAGs
[2025-11-24T18:58:49.272+0000] {logging_mixin.py:188} INFO - [2025-11-24T18:58:49.271+0000] {dag.py:3823} INFO - Setting next_dagrun for etl_spark_docker_socket to None, run_after=None
[2025-11-24T18:58:49.303+0000] {processor.py:183} INFO - Processing /opt/airflow/dags/etl_spark_docker_real.py took 0.103 seconds
[2025-11-24T18:59:19.565+0000] {processor.py:161} INFO - Started process (PID=1615) to work on /opt/airflow/dags/etl_spark_docker_real.py
[2025-11-24T18:59:19.566+0000] {processor.py:830} INFO - Processing file /opt/airflow/dags/etl_spark_docker_real.py for tasks to queue
[2025-11-24T18:59:19.567+0000] {logging_mixin.py:188} INFO - [2025-11-24T18:59:19.567+0000] {dagbag.py:538} INFO - Filling up the DagBag from /opt/airflow/dags/etl_spark_docker_real.py
[2025-11-24T18:59:19.586+0000] {processor.py:840} INFO - DAG(s) 'etl_spark_docker_socket' retrieved from /opt/airflow/dags/etl_spark_docker_real.py
[2025-11-24T18:59:19.615+0000] {logging_mixin.py:188} INFO - [2025-11-24T18:59:19.614+0000] {dag.py:3036} INFO - Sync 1 DAGs
[2025-11-24T18:59:19.629+0000] {logging_mixin.py:188} INFO - [2025-11-24T18:59:19.629+0000] {dag.py:3823} INFO - Setting next_dagrun for etl_spark_docker_socket to None, run_after=None
[2025-11-24T18:59:19.656+0000] {processor.py:183} INFO - Processing /opt/airflow/dags/etl_spark_docker_real.py took 0.095 seconds
[2025-11-24T18:59:50.042+0000] {processor.py:161} INFO - Started process (PID=1642) to work on /opt/airflow/dags/etl_spark_docker_real.py
[2025-11-24T18:59:50.043+0000] {processor.py:830} INFO - Processing file /opt/airflow/dags/etl_spark_docker_real.py for tasks to queue
[2025-11-24T18:59:50.044+0000] {logging_mixin.py:188} INFO - [2025-11-24T18:59:50.044+0000] {dagbag.py:538} INFO - Filling up the DagBag from /opt/airflow/dags/etl_spark_docker_real.py
[2025-11-24T18:59:50.064+0000] {processor.py:840} INFO - DAG(s) 'etl_spark_docker_socket' retrieved from /opt/airflow/dags/etl_spark_docker_real.py
[2025-11-24T18:59:50.093+0000] {logging_mixin.py:188} INFO - [2025-11-24T18:59:50.093+0000] {dag.py:3036} INFO - Sync 1 DAGs
[2025-11-24T18:59:50.108+0000] {logging_mixin.py:188} INFO - [2025-11-24T18:59:50.108+0000] {dag.py:3823} INFO - Setting next_dagrun for etl_spark_docker_socket to None, run_after=None
[2025-11-24T18:59:50.132+0000] {processor.py:183} INFO - Processing /opt/airflow/dags/etl_spark_docker_real.py took 0.094 seconds
[2025-11-24T19:00:20.535+0000] {processor.py:161} INFO - Started process (PID=1669) to work on /opt/airflow/dags/etl_spark_docker_real.py
[2025-11-24T19:00:20.536+0000] {processor.py:830} INFO - Processing file /opt/airflow/dags/etl_spark_docker_real.py for tasks to queue
[2025-11-24T19:00:20.537+0000] {logging_mixin.py:188} INFO - [2025-11-24T19:00:20.537+0000] {dagbag.py:538} INFO - Filling up the DagBag from /opt/airflow/dags/etl_spark_docker_real.py
[2025-11-24T19:00:20.557+0000] {processor.py:840} INFO - DAG(s) 'etl_spark_docker_socket' retrieved from /opt/airflow/dags/etl_spark_docker_real.py
[2025-11-24T19:00:20.587+0000] {logging_mixin.py:188} INFO - [2025-11-24T19:00:20.586+0000] {dag.py:3036} INFO - Sync 1 DAGs
[2025-11-24T19:00:20.602+0000] {logging_mixin.py:188} INFO - [2025-11-24T19:00:20.602+0000] {dag.py:3823} INFO - Setting next_dagrun for etl_spark_docker_socket to None, run_after=None
[2025-11-24T19:00:20.624+0000] {processor.py:183} INFO - Processing /opt/airflow/dags/etl_spark_docker_real.py took 0.093 seconds
[2025-11-24T19:00:51.015+0000] {processor.py:161} INFO - Started process (PID=1696) to work on /opt/airflow/dags/etl_spark_docker_real.py
[2025-11-24T19:00:51.016+0000] {processor.py:830} INFO - Processing file /opt/airflow/dags/etl_spark_docker_real.py for tasks to queue
[2025-11-24T19:00:51.017+0000] {logging_mixin.py:188} INFO - [2025-11-24T19:00:51.017+0000] {dagbag.py:538} INFO - Filling up the DagBag from /opt/airflow/dags/etl_spark_docker_real.py
[2025-11-24T19:00:51.039+0000] {processor.py:840} INFO - DAG(s) 'etl_spark_docker_socket' retrieved from /opt/airflow/dags/etl_spark_docker_real.py
[2025-11-24T19:00:51.072+0000] {logging_mixin.py:188} INFO - [2025-11-24T19:00:51.072+0000] {dag.py:3036} INFO - Sync 1 DAGs
[2025-11-24T19:00:51.090+0000] {logging_mixin.py:188} INFO - [2025-11-24T19:00:51.089+0000] {dag.py:3823} INFO - Setting next_dagrun for etl_spark_docker_socket to None, run_after=None
[2025-11-24T19:00:51.113+0000] {processor.py:183} INFO - Processing /opt/airflow/dags/etl_spark_docker_real.py took 0.102 seconds
[2025-11-24T19:01:21.536+0000] {processor.py:161} INFO - Started process (PID=1723) to work on /opt/airflow/dags/etl_spark_docker_real.py
[2025-11-24T19:01:21.538+0000] {processor.py:830} INFO - Processing file /opt/airflow/dags/etl_spark_docker_real.py for tasks to queue
[2025-11-24T19:01:21.540+0000] {logging_mixin.py:188} INFO - [2025-11-24T19:01:21.539+0000] {dagbag.py:538} INFO - Filling up the DagBag from /opt/airflow/dags/etl_spark_docker_real.py
[2025-11-24T19:01:21.573+0000] {processor.py:840} INFO - DAG(s) 'etl_spark_docker_socket' retrieved from /opt/airflow/dags/etl_spark_docker_real.py
[2025-11-24T19:01:21.628+0000] {logging_mixin.py:188} INFO - [2025-11-24T19:01:21.628+0000] {dag.py:3036} INFO - Sync 1 DAGs
[2025-11-24T19:01:21.651+0000] {logging_mixin.py:188} INFO - [2025-11-24T19:01:21.650+0000] {dag.py:3823} INFO - Setting next_dagrun for etl_spark_docker_socket to None, run_after=None
[2025-11-24T19:01:21.684+0000] {processor.py:183} INFO - Processing /opt/airflow/dags/etl_spark_docker_real.py took 0.154 seconds
[2025-11-24T19:01:52.003+0000] {processor.py:161} INFO - Started process (PID=1750) to work on /opt/airflow/dags/etl_spark_docker_real.py
[2025-11-24T19:01:52.004+0000] {processor.py:830} INFO - Processing file /opt/airflow/dags/etl_spark_docker_real.py for tasks to queue
[2025-11-24T19:01:52.005+0000] {logging_mixin.py:188} INFO - [2025-11-24T19:01:52.005+0000] {dagbag.py:538} INFO - Filling up the DagBag from /opt/airflow/dags/etl_spark_docker_real.py
[2025-11-24T19:01:52.025+0000] {processor.py:840} INFO - DAG(s) 'etl_spark_docker_socket' retrieved from /opt/airflow/dags/etl_spark_docker_real.py
[2025-11-24T19:01:52.057+0000] {logging_mixin.py:188} INFO - [2025-11-24T19:01:52.057+0000] {dag.py:3036} INFO - Sync 1 DAGs
[2025-11-24T19:01:52.072+0000] {logging_mixin.py:188} INFO - [2025-11-24T19:01:52.072+0000] {dag.py:3823} INFO - Setting next_dagrun for etl_spark_docker_socket to None, run_after=None
[2025-11-24T19:01:52.098+0000] {processor.py:183} INFO - Processing /opt/airflow/dags/etl_spark_docker_real.py took 0.098 seconds
[2025-11-24T19:02:22.500+0000] {processor.py:161} INFO - Started process (PID=1777) to work on /opt/airflow/dags/etl_spark_docker_real.py
[2025-11-24T19:02:22.501+0000] {processor.py:830} INFO - Processing file /opt/airflow/dags/etl_spark_docker_real.py for tasks to queue
[2025-11-24T19:02:22.502+0000] {logging_mixin.py:188} INFO - [2025-11-24T19:02:22.502+0000] {dagbag.py:538} INFO - Filling up the DagBag from /opt/airflow/dags/etl_spark_docker_real.py
[2025-11-24T19:02:22.522+0000] {processor.py:840} INFO - DAG(s) 'etl_spark_docker_socket' retrieved from /opt/airflow/dags/etl_spark_docker_real.py
[2025-11-24T19:02:22.558+0000] {logging_mixin.py:188} INFO - [2025-11-24T19:02:22.558+0000] {dag.py:3036} INFO - Sync 1 DAGs
[2025-11-24T19:02:22.575+0000] {logging_mixin.py:188} INFO - [2025-11-24T19:02:22.574+0000] {dag.py:3823} INFO - Setting next_dagrun for etl_spark_docker_socket to None, run_after=None
[2025-11-24T19:02:22.599+0000] {processor.py:183} INFO - Processing /opt/airflow/dags/etl_spark_docker_real.py took 0.103 seconds
[2025-11-24T19:02:52.995+0000] {processor.py:161} INFO - Started process (PID=1804) to work on /opt/airflow/dags/etl_spark_docker_real.py
[2025-11-24T19:02:52.996+0000] {processor.py:830} INFO - Processing file /opt/airflow/dags/etl_spark_docker_real.py for tasks to queue
[2025-11-24T19:02:52.997+0000] {logging_mixin.py:188} INFO - [2025-11-24T19:02:52.997+0000] {dagbag.py:538} INFO - Filling up the DagBag from /opt/airflow/dags/etl_spark_docker_real.py
[2025-11-24T19:02:53.017+0000] {processor.py:840} INFO - DAG(s) 'etl_spark_docker_socket' retrieved from /opt/airflow/dags/etl_spark_docker_real.py
[2025-11-24T19:02:53.047+0000] {logging_mixin.py:188} INFO - [2025-11-24T19:02:53.046+0000] {dag.py:3036} INFO - Sync 1 DAGs
[2025-11-24T19:02:53.061+0000] {logging_mixin.py:188} INFO - [2025-11-24T19:02:53.061+0000] {dag.py:3823} INFO - Setting next_dagrun for etl_spark_docker_socket to None, run_after=None
[2025-11-24T19:02:53.086+0000] {processor.py:183} INFO - Processing /opt/airflow/dags/etl_spark_docker_real.py took 0.095 seconds
[2025-11-24T19:03:23.546+0000] {processor.py:161} INFO - Started process (PID=1863) to work on /opt/airflow/dags/etl_spark_docker_real.py
[2025-11-24T19:03:23.547+0000] {processor.py:830} INFO - Processing file /opt/airflow/dags/etl_spark_docker_real.py for tasks to queue
[2025-11-24T19:03:23.548+0000] {logging_mixin.py:188} INFO - [2025-11-24T19:03:23.548+0000] {dagbag.py:538} INFO - Filling up the DagBag from /opt/airflow/dags/etl_spark_docker_real.py
[2025-11-24T19:03:23.568+0000] {processor.py:840} INFO - DAG(s) 'etl_spark_docker_socket' retrieved from /opt/airflow/dags/etl_spark_docker_real.py
[2025-11-24T19:03:23.597+0000] {logging_mixin.py:188} INFO - [2025-11-24T19:03:23.597+0000] {dag.py:3036} INFO - Sync 1 DAGs
[2025-11-24T19:03:23.614+0000] {logging_mixin.py:188} INFO - [2025-11-24T19:03:23.614+0000] {dag.py:3823} INFO - Setting next_dagrun for etl_spark_docker_socket to None, run_after=None
[2025-11-24T19:03:23.638+0000] {processor.py:183} INFO - Processing /opt/airflow/dags/etl_spark_docker_real.py took 0.096 seconds
[2025-11-24T19:03:54.126+0000] {processor.py:161} INFO - Started process (PID=1913) to work on /opt/airflow/dags/etl_spark_docker_real.py
[2025-11-24T19:03:54.127+0000] {processor.py:830} INFO - Processing file /opt/airflow/dags/etl_spark_docker_real.py for tasks to queue
[2025-11-24T19:03:54.128+0000] {logging_mixin.py:188} INFO - [2025-11-24T19:03:54.128+0000] {dagbag.py:538} INFO - Filling up the DagBag from /opt/airflow/dags/etl_spark_docker_real.py
[2025-11-24T19:03:54.147+0000] {processor.py:840} INFO - DAG(s) 'etl_spark_docker_socket' retrieved from /opt/airflow/dags/etl_spark_docker_real.py
[2025-11-24T19:03:54.178+0000] {logging_mixin.py:188} INFO - [2025-11-24T19:03:54.178+0000] {dag.py:3036} INFO - Sync 1 DAGs
[2025-11-24T19:03:54.193+0000] {logging_mixin.py:188} INFO - [2025-11-24T19:03:54.193+0000] {dag.py:3823} INFO - Setting next_dagrun for etl_spark_docker_socket to None, run_after=None
[2025-11-24T19:03:54.220+0000] {processor.py:183} INFO - Processing /opt/airflow/dags/etl_spark_docker_real.py took 0.098 seconds
[2025-11-24T19:04:24.712+0000] {processor.py:161} INFO - Started process (PID=1969) to work on /opt/airflow/dags/etl_spark_docker_real.py
[2025-11-24T19:04:24.714+0000] {processor.py:830} INFO - Processing file /opt/airflow/dags/etl_spark_docker_real.py for tasks to queue
[2025-11-24T19:04:24.718+0000] {logging_mixin.py:188} INFO - [2025-11-24T19:04:24.718+0000] {dagbag.py:538} INFO - Filling up the DagBag from /opt/airflow/dags/etl_spark_docker_real.py
[2025-11-24T19:04:24.756+0000] {processor.py:840} INFO - DAG(s) 'etl_spark_docker_socket' retrieved from /opt/airflow/dags/etl_spark_docker_real.py
[2025-11-24T19:04:24.807+0000] {logging_mixin.py:188} INFO - [2025-11-24T19:04:24.807+0000] {dag.py:3036} INFO - Sync 1 DAGs
[2025-11-24T19:04:24.831+0000] {logging_mixin.py:188} INFO - [2025-11-24T19:04:24.831+0000] {dag.py:3823} INFO - Setting next_dagrun for etl_spark_docker_socket to None, run_after=None
[2025-11-24T19:04:24.874+0000] {processor.py:183} INFO - Processing /opt/airflow/dags/etl_spark_docker_real.py took 0.168 seconds
[2025-11-24T19:04:55.408+0000] {processor.py:161} INFO - Started process (PID=2034) to work on /opt/airflow/dags/etl_spark_docker_real.py
[2025-11-24T19:04:55.409+0000] {processor.py:830} INFO - Processing file /opt/airflow/dags/etl_spark_docker_real.py for tasks to queue
[2025-11-24T19:04:55.410+0000] {logging_mixin.py:188} INFO - [2025-11-24T19:04:55.409+0000] {dagbag.py:538} INFO - Filling up the DagBag from /opt/airflow/dags/etl_spark_docker_real.py
[2025-11-24T19:04:55.431+0000] {processor.py:840} INFO - DAG(s) 'etl_spark_docker_socket' retrieved from /opt/airflow/dags/etl_spark_docker_real.py
[2025-11-24T19:04:55.466+0000] {logging_mixin.py:188} INFO - [2025-11-24T19:04:55.465+0000] {dag.py:3036} INFO - Sync 1 DAGs
[2025-11-24T19:04:55.481+0000] {logging_mixin.py:188} INFO - [2025-11-24T19:04:55.480+0000] {dag.py:3823} INFO - Setting next_dagrun for etl_spark_docker_socket to None, run_after=None
[2025-11-24T19:04:55.513+0000] {processor.py:183} INFO - Processing /opt/airflow/dags/etl_spark_docker_real.py took 0.109 seconds
[2025-11-24T19:05:25.980+0000] {processor.py:161} INFO - Started process (PID=2076) to work on /opt/airflow/dags/etl_spark_docker_real.py
[2025-11-24T19:05:25.981+0000] {processor.py:830} INFO - Processing file /opt/airflow/dags/etl_spark_docker_real.py for tasks to queue
[2025-11-24T19:05:25.982+0000] {logging_mixin.py:188} INFO - [2025-11-24T19:05:25.981+0000] {dagbag.py:538} INFO - Filling up the DagBag from /opt/airflow/dags/etl_spark_docker_real.py
[2025-11-24T19:05:26.002+0000] {processor.py:840} INFO - DAG(s) 'etl_spark_docker_socket' retrieved from /opt/airflow/dags/etl_spark_docker_real.py
[2025-11-24T19:05:26.034+0000] {logging_mixin.py:188} INFO - [2025-11-24T19:05:26.034+0000] {dag.py:3036} INFO - Sync 1 DAGs
[2025-11-24T19:05:26.049+0000] {logging_mixin.py:188} INFO - [2025-11-24T19:05:26.049+0000] {dag.py:3823} INFO - Setting next_dagrun for etl_spark_docker_socket to None, run_after=None
[2025-11-24T19:05:26.072+0000] {processor.py:183} INFO - Processing /opt/airflow/dags/etl_spark_docker_real.py took 0.096 seconds
[2025-11-24T19:05:56.540+0000] {processor.py:161} INFO - Started process (PID=2135) to work on /opt/airflow/dags/etl_spark_docker_real.py
[2025-11-24T19:05:56.541+0000] {processor.py:830} INFO - Processing file /opt/airflow/dags/etl_spark_docker_real.py for tasks to queue
[2025-11-24T19:05:56.542+0000] {logging_mixin.py:188} INFO - [2025-11-24T19:05:56.542+0000] {dagbag.py:538} INFO - Filling up the DagBag from /opt/airflow/dags/etl_spark_docker_real.py
[2025-11-24T19:05:56.562+0000] {processor.py:840} INFO - DAG(s) 'etl_spark_docker_socket' retrieved from /opt/airflow/dags/etl_spark_docker_real.py
[2025-11-24T19:05:56.591+0000] {logging_mixin.py:188} INFO - [2025-11-24T19:05:56.591+0000] {dag.py:3036} INFO - Sync 1 DAGs
[2025-11-24T19:05:56.606+0000] {logging_mixin.py:188} INFO - [2025-11-24T19:05:56.606+0000] {dag.py:3823} INFO - Setting next_dagrun for etl_spark_docker_socket to None, run_after=None
[2025-11-24T19:05:56.629+0000] {processor.py:183} INFO - Processing /opt/airflow/dags/etl_spark_docker_real.py took 0.092 seconds
[2025-11-24T19:06:27.025+0000] {processor.py:161} INFO - Started process (PID=2167) to work on /opt/airflow/dags/etl_spark_docker_real.py
[2025-11-24T19:06:27.026+0000] {processor.py:830} INFO - Processing file /opt/airflow/dags/etl_spark_docker_real.py for tasks to queue
[2025-11-24T19:06:27.027+0000] {logging_mixin.py:188} INFO - [2025-11-24T19:06:27.026+0000] {dagbag.py:538} INFO - Filling up the DagBag from /opt/airflow/dags/etl_spark_docker_real.py
[2025-11-24T19:06:27.047+0000] {processor.py:840} INFO - DAG(s) 'etl_spark_docker_socket' retrieved from /opt/airflow/dags/etl_spark_docker_real.py
[2025-11-24T19:06:27.076+0000] {logging_mixin.py:188} INFO - [2025-11-24T19:06:27.076+0000] {dag.py:3036} INFO - Sync 1 DAGs
[2025-11-24T19:06:27.091+0000] {logging_mixin.py:188} INFO - [2025-11-24T19:06:27.091+0000] {dag.py:3823} INFO - Setting next_dagrun for etl_spark_docker_socket to None, run_after=None
[2025-11-24T19:06:27.117+0000] {processor.py:183} INFO - Processing /opt/airflow/dags/etl_spark_docker_real.py took 0.096 seconds
[2025-11-24T19:06:57.507+0000] {processor.py:161} INFO - Started process (PID=2194) to work on /opt/airflow/dags/etl_spark_docker_real.py
[2025-11-24T19:06:57.508+0000] {processor.py:830} INFO - Processing file /opt/airflow/dags/etl_spark_docker_real.py for tasks to queue
[2025-11-24T19:06:57.510+0000] {logging_mixin.py:188} INFO - [2025-11-24T19:06:57.509+0000] {dagbag.py:538} INFO - Filling up the DagBag from /opt/airflow/dags/etl_spark_docker_real.py
[2025-11-24T19:06:57.528+0000] {processor.py:840} INFO - DAG(s) 'etl_spark_docker_socket' retrieved from /opt/airflow/dags/etl_spark_docker_real.py
[2025-11-24T19:06:57.562+0000] {logging_mixin.py:188} INFO - [2025-11-24T19:06:57.562+0000] {dag.py:3036} INFO - Sync 1 DAGs
[2025-11-24T19:06:57.581+0000] {logging_mixin.py:188} INFO - [2025-11-24T19:06:57.581+0000] {dag.py:3823} INFO - Setting next_dagrun for etl_spark_docker_socket to None, run_after=None
[2025-11-24T19:06:57.607+0000] {processor.py:183} INFO - Processing /opt/airflow/dags/etl_spark_docker_real.py took 0.104 seconds
[2025-11-24T19:07:28.009+0000] {processor.py:161} INFO - Started process (PID=2221) to work on /opt/airflow/dags/etl_spark_docker_real.py
[2025-11-24T19:07:28.010+0000] {processor.py:830} INFO - Processing file /opt/airflow/dags/etl_spark_docker_real.py for tasks to queue
[2025-11-24T19:07:28.012+0000] {logging_mixin.py:188} INFO - [2025-11-24T19:07:28.011+0000] {dagbag.py:538} INFO - Filling up the DagBag from /opt/airflow/dags/etl_spark_docker_real.py
[2025-11-24T19:07:28.031+0000] {processor.py:840} INFO - DAG(s) 'etl_spark_docker_socket' retrieved from /opt/airflow/dags/etl_spark_docker_real.py
[2025-11-24T19:07:28.065+0000] {logging_mixin.py:188} INFO - [2025-11-24T19:07:28.065+0000] {dag.py:3036} INFO - Sync 1 DAGs
[2025-11-24T19:07:28.082+0000] {logging_mixin.py:188} INFO - [2025-11-24T19:07:28.082+0000] {dag.py:3823} INFO - Setting next_dagrun for etl_spark_docker_socket to None, run_after=None
[2025-11-24T19:07:28.106+0000] {processor.py:183} INFO - Processing /opt/airflow/dags/etl_spark_docker_real.py took 0.100 seconds
[2025-11-24T19:07:58.504+0000] {processor.py:161} INFO - Started process (PID=2248) to work on /opt/airflow/dags/etl_spark_docker_real.py
[2025-11-24T19:07:58.505+0000] {processor.py:830} INFO - Processing file /opt/airflow/dags/etl_spark_docker_real.py for tasks to queue
[2025-11-24T19:07:58.506+0000] {logging_mixin.py:188} INFO - [2025-11-24T19:07:58.506+0000] {dagbag.py:538} INFO - Filling up the DagBag from /opt/airflow/dags/etl_spark_docker_real.py
[2025-11-24T19:07:58.525+0000] {processor.py:840} INFO - DAG(s) 'etl_spark_docker_socket' retrieved from /opt/airflow/dags/etl_spark_docker_real.py
[2025-11-24T19:07:58.557+0000] {logging_mixin.py:188} INFO - [2025-11-24T19:07:58.556+0000] {dag.py:3036} INFO - Sync 1 DAGs
[2025-11-24T19:07:58.571+0000] {logging_mixin.py:188} INFO - [2025-11-24T19:07:58.571+0000] {dag.py:3823} INFO - Setting next_dagrun for etl_spark_docker_socket to None, run_after=None
[2025-11-24T19:07:58.594+0000] {processor.py:183} INFO - Processing /opt/airflow/dags/etl_spark_docker_real.py took 0.093 seconds
[2025-11-24T19:08:29.020+0000] {processor.py:161} INFO - Started process (PID=2275) to work on /opt/airflow/dags/etl_spark_docker_real.py
[2025-11-24T19:08:29.021+0000] {processor.py:830} INFO - Processing file /opt/airflow/dags/etl_spark_docker_real.py for tasks to queue
[2025-11-24T19:08:29.022+0000] {logging_mixin.py:188} INFO - [2025-11-24T19:08:29.022+0000] {dagbag.py:538} INFO - Filling up the DagBag from /opt/airflow/dags/etl_spark_docker_real.py
[2025-11-24T19:08:29.042+0000] {processor.py:840} INFO - DAG(s) 'etl_spark_docker_socket' retrieved from /opt/airflow/dags/etl_spark_docker_real.py
[2025-11-24T19:08:29.079+0000] {logging_mixin.py:188} INFO - [2025-11-24T19:08:29.079+0000] {dag.py:3036} INFO - Sync 1 DAGs
[2025-11-24T19:08:29.097+0000] {logging_mixin.py:188} INFO - [2025-11-24T19:08:29.096+0000] {dag.py:3823} INFO - Setting next_dagrun for etl_spark_docker_socket to None, run_after=None
[2025-11-24T19:08:29.121+0000] {processor.py:183} INFO - Processing /opt/airflow/dags/etl_spark_docker_real.py took 0.104 seconds
[2025-11-24T19:08:59.559+0000] {processor.py:161} INFO - Started process (PID=2302) to work on /opt/airflow/dags/etl_spark_docker_real.py
[2025-11-24T19:08:59.561+0000] {processor.py:830} INFO - Processing file /opt/airflow/dags/etl_spark_docker_real.py for tasks to queue
[2025-11-24T19:08:59.562+0000] {logging_mixin.py:188} INFO - [2025-11-24T19:08:59.562+0000] {dagbag.py:538} INFO - Filling up the DagBag from /opt/airflow/dags/etl_spark_docker_real.py
[2025-11-24T19:08:59.589+0000] {processor.py:840} INFO - DAG(s) 'etl_spark_docker_socket' retrieved from /opt/airflow/dags/etl_spark_docker_real.py
[2025-11-24T19:08:59.629+0000] {logging_mixin.py:188} INFO - [2025-11-24T19:08:59.629+0000] {dag.py:3036} INFO - Sync 1 DAGs
[2025-11-24T19:08:59.647+0000] {logging_mixin.py:188} INFO - [2025-11-24T19:08:59.646+0000] {dag.py:3823} INFO - Setting next_dagrun for etl_spark_docker_socket to None, run_after=None
[2025-11-24T19:08:59.668+0000] {processor.py:183} INFO - Processing /opt/airflow/dags/etl_spark_docker_real.py took 0.114 seconds
[2025-11-24T19:09:29.963+0000] {processor.py:161} INFO - Started process (PID=2330) to work on /opt/airflow/dags/etl_spark_docker_real.py
[2025-11-24T19:09:29.964+0000] {processor.py:830} INFO - Processing file /opt/airflow/dags/etl_spark_docker_real.py for tasks to queue
[2025-11-24T19:09:29.965+0000] {logging_mixin.py:188} INFO - [2025-11-24T19:09:29.964+0000] {dagbag.py:538} INFO - Filling up the DagBag from /opt/airflow/dags/etl_spark_docker_real.py
[2025-11-24T19:09:29.984+0000] {processor.py:840} INFO - DAG(s) 'etl_spark_docker_socket' retrieved from /opt/airflow/dags/etl_spark_docker_real.py
[2025-11-24T19:09:30.016+0000] {logging_mixin.py:188} INFO - [2025-11-24T19:09:30.016+0000] {dag.py:3036} INFO - Sync 1 DAGs
[2025-11-24T19:09:30.031+0000] {logging_mixin.py:188} INFO - [2025-11-24T19:09:30.031+0000] {dag.py:3823} INFO - Setting next_dagrun for etl_spark_docker_socket to None, run_after=None
[2025-11-24T19:09:30.057+0000] {processor.py:183} INFO - Processing /opt/airflow/dags/etl_spark_docker_real.py took 0.098 seconds
[2025-11-24T19:10:00.489+0000] {processor.py:161} INFO - Started process (PID=2358) to work on /opt/airflow/dags/etl_spark_docker_real.py
[2025-11-24T19:10:00.490+0000] {processor.py:830} INFO - Processing file /opt/airflow/dags/etl_spark_docker_real.py for tasks to queue
[2025-11-24T19:10:00.491+0000] {logging_mixin.py:188} INFO - [2025-11-24T19:10:00.490+0000] {dagbag.py:538} INFO - Filling up the DagBag from /opt/airflow/dags/etl_spark_docker_real.py
[2025-11-24T19:10:00.512+0000] {processor.py:840} INFO - DAG(s) 'etl_spark_docker_socket' retrieved from /opt/airflow/dags/etl_spark_docker_real.py
[2025-11-24T19:10:00.543+0000] {logging_mixin.py:188} INFO - [2025-11-24T19:10:00.543+0000] {dag.py:3036} INFO - Sync 1 DAGs
[2025-11-24T19:10:00.560+0000] {logging_mixin.py:188} INFO - [2025-11-24T19:10:00.560+0000] {dag.py:3823} INFO - Setting next_dagrun for etl_spark_docker_socket to None, run_after=None
[2025-11-24T19:10:00.585+0000] {processor.py:183} INFO - Processing /opt/airflow/dags/etl_spark_docker_real.py took 0.100 seconds
[2025-11-24T19:10:30.960+0000] {processor.py:161} INFO - Started process (PID=2385) to work on /opt/airflow/dags/etl_spark_docker_real.py
[2025-11-24T19:10:30.961+0000] {processor.py:830} INFO - Processing file /opt/airflow/dags/etl_spark_docker_real.py for tasks to queue
[2025-11-24T19:10:30.962+0000] {logging_mixin.py:188} INFO - [2025-11-24T19:10:30.961+0000] {dagbag.py:538} INFO - Filling up the DagBag from /opt/airflow/dags/etl_spark_docker_real.py
[2025-11-24T19:10:30.981+0000] {processor.py:840} INFO - DAG(s) 'etl_spark_docker_socket' retrieved from /opt/airflow/dags/etl_spark_docker_real.py
[2025-11-24T19:10:31.018+0000] {logging_mixin.py:188} INFO - [2025-11-24T19:10:31.018+0000] {dag.py:3036} INFO - Sync 1 DAGs
[2025-11-24T19:10:31.035+0000] {logging_mixin.py:188} INFO - [2025-11-24T19:10:31.035+0000] {dag.py:3823} INFO - Setting next_dagrun for etl_spark_docker_socket to None, run_after=None
[2025-11-24T19:10:31.058+0000] {processor.py:183} INFO - Processing /opt/airflow/dags/etl_spark_docker_real.py took 0.101 seconds
[2025-11-24T19:11:01.449+0000] {processor.py:161} INFO - Started process (PID=2412) to work on /opt/airflow/dags/etl_spark_docker_real.py
[2025-11-24T19:11:01.450+0000] {processor.py:830} INFO - Processing file /opt/airflow/dags/etl_spark_docker_real.py for tasks to queue
[2025-11-24T19:11:01.451+0000] {logging_mixin.py:188} INFO - [2025-11-24T19:11:01.451+0000] {dagbag.py:538} INFO - Filling up the DagBag from /opt/airflow/dags/etl_spark_docker_real.py
[2025-11-24T19:11:01.470+0000] {processor.py:840} INFO - DAG(s) 'etl_spark_docker_socket' retrieved from /opt/airflow/dags/etl_spark_docker_real.py
[2025-11-24T19:11:01.500+0000] {logging_mixin.py:188} INFO - [2025-11-24T19:11:01.500+0000] {dag.py:3036} INFO - Sync 1 DAGs
[2025-11-24T19:11:01.515+0000] {logging_mixin.py:188} INFO - [2025-11-24T19:11:01.515+0000] {dag.py:3823} INFO - Setting next_dagrun for etl_spark_docker_socket to None, run_after=None
[2025-11-24T19:11:01.539+0000] {processor.py:183} INFO - Processing /opt/airflow/dags/etl_spark_docker_real.py took 0.093 seconds
[2025-11-24T19:11:31.924+0000] {processor.py:161} INFO - Started process (PID=2439) to work on /opt/airflow/dags/etl_spark_docker_real.py
[2025-11-24T19:11:31.925+0000] {processor.py:830} INFO - Processing file /opt/airflow/dags/etl_spark_docker_real.py for tasks to queue
[2025-11-24T19:11:31.926+0000] {logging_mixin.py:188} INFO - [2025-11-24T19:11:31.925+0000] {dagbag.py:538} INFO - Filling up the DagBag from /opt/airflow/dags/etl_spark_docker_real.py
[2025-11-24T19:11:31.944+0000] {processor.py:840} INFO - DAG(s) 'etl_spark_docker_socket' retrieved from /opt/airflow/dags/etl_spark_docker_real.py
[2025-11-24T19:11:31.973+0000] {logging_mixin.py:188} INFO - [2025-11-24T19:11:31.973+0000] {dag.py:3036} INFO - Sync 1 DAGs
[2025-11-24T19:11:31.988+0000] {logging_mixin.py:188} INFO - [2025-11-24T19:11:31.988+0000] {dag.py:3823} INFO - Setting next_dagrun for etl_spark_docker_socket to None, run_after=None
[2025-11-24T19:11:32.012+0000] {processor.py:183} INFO - Processing /opt/airflow/dags/etl_spark_docker_real.py took 0.091 seconds
