[2025-11-24T19:04:26.488+0000] {taskinstance.py:1956} INFO - Dependencies all met for dep_context=non-requeueable deps ti=<TaskInstance: etl_spark_working.generate_final_report scheduled__2025-11-23T00:00:00+00:00 [queued]>
[2025-11-24T19:04:26.497+0000] {taskinstance.py:1956} INFO - Dependencies all met for dep_context=requeueable deps ti=<TaskInstance: etl_spark_working.generate_final_report scheduled__2025-11-23T00:00:00+00:00 [queued]>
[2025-11-24T19:04:26.497+0000] {taskinstance.py:2170} INFO - Starting attempt 1 of 3
[2025-11-24T19:04:26.508+0000] {taskinstance.py:2191} INFO - Executing <Task(BashOperator): generate_final_report> on 2025-11-23 00:00:00+00:00
[2025-11-24T19:04:26.513+0000] {standard_task_runner.py:60} INFO - Started process 1980 to run task
[2025-11-24T19:04:26.516+0000] {standard_task_runner.py:87} INFO - Running: ['airflow', 'tasks', 'run', 'etl_spark_working', 'generate_final_report', 'scheduled__2025-11-23T00:00:00+00:00', '--job-id', '36', '--raw', '--subdir', 'DAGS_FOLDER/etl_spark_working_dag.py', '--cfg-path', '/tmp/tmpg1by4ab3']
[2025-11-24T19:04:26.518+0000] {standard_task_runner.py:88} INFO - Job 36: Subtask generate_final_report
[2025-11-24T19:04:26.582+0000] {task_command.py:423} INFO - Running <TaskInstance: etl_spark_working.generate_final_report scheduled__2025-11-23T00:00:00+00:00 [running]> on host 7934b6c65b02
[2025-11-24T19:04:26.668+0000] {taskinstance.py:2480} INFO - Exporting env vars: AIRFLOW_CTX_DAG_OWNER='data-engineer' AIRFLOW_CTX_DAG_ID='etl_spark_working' AIRFLOW_CTX_TASK_ID='generate_final_report' AIRFLOW_CTX_EXECUTION_DATE='2025-11-23T00:00:00+00:00' AIRFLOW_CTX_TRY_NUMBER='1' AIRFLOW_CTX_DAG_RUN_ID='scheduled__2025-11-23T00:00:00+00:00'
[2025-11-24T19:04:26.670+0000] {subprocess.py:63} INFO - Tmp dir root location: /tmp
[2025-11-24T19:04:26.671+0000] {subprocess.py:75} INFO - Running command: ['/usr/bin/bash', '-c', '\n    echo "📊 ========== RELATÓRIO FINAL DO PIPELINE =========="\n    echo "📅 Data de Execução: $(date)"\n    echo "🏷️  Pipeline: ETL Cintilografia - Spark & Delta Lake"\n    echo ""\n    echo "✅ CAMADAS PROCESSADAS:"\n    echo "   🥉 Bronze Layer: OK"\n    echo "   🥈 Silver Layer: OK"\n    echo ""\n    echo "📈 ESTATÍSTICAS:"\n    echo "   - Formato: Delta Lake"\n    echo "   - Storage: MinIO (S3-compatible)"\n    echo "   - Engine: Apache Spark 3.5.7"\n    echo ""\n    echo "🎯 STATUS: PIPELINE CONCLUÍDO COM SUCESSO"\n    echo "===================================================="\n    ']
[2025-11-24T19:04:26.680+0000] {subprocess.py:86} INFO - Output:
[2025-11-24T19:04:26.681+0000] {subprocess.py:93} INFO - 📊 ========== RELATÓRIO FINAL DO PIPELINE ==========
[2025-11-24T19:04:26.683+0000] {subprocess.py:93} INFO - 📅 Data de Execução: Mon Nov 24 19:04:26 UTC 2025
[2025-11-24T19:04:26.684+0000] {subprocess.py:93} INFO - 🏷️  Pipeline: ETL Cintilografia - Spark & Delta Lake
[2025-11-24T19:04:26.684+0000] {subprocess.py:93} INFO - 
[2025-11-24T19:04:26.684+0000] {subprocess.py:93} INFO - ✅ CAMADAS PROCESSADAS:
[2025-11-24T19:04:26.685+0000] {subprocess.py:93} INFO -    🥉 Bronze Layer: OK
[2025-11-24T19:04:26.685+0000] {subprocess.py:93} INFO -    🥈 Silver Layer: OK
[2025-11-24T19:04:26.685+0000] {subprocess.py:93} INFO - 
[2025-11-24T19:04:26.685+0000] {subprocess.py:93} INFO - 📈 ESTATÍSTICAS:
[2025-11-24T19:04:26.686+0000] {subprocess.py:93} INFO -    - Formato: Delta Lake
[2025-11-24T19:04:26.686+0000] {subprocess.py:93} INFO -    - Storage: MinIO (S3-compatible)
[2025-11-24T19:04:26.686+0000] {subprocess.py:93} INFO -    - Engine: Apache Spark 3.5.7
[2025-11-24T19:04:26.687+0000] {subprocess.py:93} INFO - 
[2025-11-24T19:04:26.687+0000] {subprocess.py:93} INFO - 🎯 STATUS: PIPELINE CONCLUÍDO COM SUCESSO
[2025-11-24T19:04:26.687+0000] {subprocess.py:93} INFO - ====================================================
[2025-11-24T19:04:26.687+0000] {subprocess.py:97} INFO - Command exited with return code 0
[2025-11-24T19:04:26.717+0000] {taskinstance.py:1138} INFO - Marking task as SUCCESS. dag_id=etl_spark_working, task_id=generate_final_report, execution_date=20251123T000000, start_date=20251124T190426, end_date=20251124T190426
[2025-11-24T19:04:26.769+0000] {local_task_job_runner.py:234} INFO - Task exited with return code 0
[2025-11-24T19:04:26.789+0000] {taskinstance.py:3280} INFO - 0 downstream tasks scheduled from follow-on schedule check
