[2025-11-21T16:49:22.279+0000] {processor.py:161} INFO - Started process (PID=163) to work on /opt/airflow/dags/meu_primeiro_dag.py
[2025-11-21T16:49:22.283+0000] {processor.py:830} INFO - Processing file /opt/airflow/dags/meu_primeiro_dag.py for tasks to queue
[2025-11-21T16:49:22.285+0000] {logging_mixin.py:188} INFO - [2025-11-21T16:49:22.284+0000] {dagbag.py:538} INFO - Filling up the DagBag from /opt/airflow/dags/meu_primeiro_dag.py
[2025-11-21T16:49:22.336+0000] {processor.py:840} INFO - DAG(s) 'etl_simples' retrieved from /opt/airflow/dags/meu_primeiro_dag.py
[2025-11-21T16:49:22.417+0000] {logging_mixin.py:188} INFO - [2025-11-21T16:49:22.417+0000] {dag.py:3036} INFO - Sync 1 DAGs
[2025-11-21T16:49:22.468+0000] {logging_mixin.py:188} INFO - [2025-11-21T16:49:22.468+0000] {dag.py:3823} INFO - Setting next_dagrun for etl_simples to 2025-11-20 00:00:00+00:00, run_after=2025-11-21 00:00:00+00:00
[2025-11-21T16:49:22.513+0000] {processor.py:183} INFO - Processing /opt/airflow/dags/meu_primeiro_dag.py took 0.238 seconds
[2025-11-21T16:49:52.690+0000] {processor.py:161} INFO - Started process (PID=169) to work on /opt/airflow/dags/meu_primeiro_dag.py
[2025-11-21T16:49:52.691+0000] {processor.py:830} INFO - Processing file /opt/airflow/dags/meu_primeiro_dag.py for tasks to queue
[2025-11-21T16:49:52.692+0000] {logging_mixin.py:188} INFO - [2025-11-21T16:49:52.692+0000] {dagbag.py:538} INFO - Filling up the DagBag from /opt/airflow/dags/meu_primeiro_dag.py
[2025-11-21T16:49:52.713+0000] {processor.py:840} INFO - DAG(s) 'etl_simples' retrieved from /opt/airflow/dags/meu_primeiro_dag.py
[2025-11-21T16:49:52.949+0000] {logging_mixin.py:188} INFO - [2025-11-21T16:49:52.948+0000] {dag.py:3036} INFO - Sync 1 DAGs
[2025-11-21T16:49:52.981+0000] {logging_mixin.py:188} INFO - [2025-11-21T16:49:52.981+0000] {dag.py:3823} INFO - Setting next_dagrun for etl_simples to 2025-11-20 00:00:00+00:00, run_after=2025-11-21 00:00:00+00:00
[2025-11-21T16:49:53.018+0000] {processor.py:183} INFO - Processing /opt/airflow/dags/meu_primeiro_dag.py took 0.332 seconds
[2025-11-21T16:50:23.182+0000] {processor.py:161} INFO - Started process (PID=174) to work on /opt/airflow/dags/meu_primeiro_dag.py
[2025-11-21T16:50:23.183+0000] {processor.py:830} INFO - Processing file /opt/airflow/dags/meu_primeiro_dag.py for tasks to queue
[2025-11-21T16:50:23.184+0000] {logging_mixin.py:188} INFO - [2025-11-21T16:50:23.184+0000] {dagbag.py:538} INFO - Filling up the DagBag from /opt/airflow/dags/meu_primeiro_dag.py
[2025-11-21T16:50:23.205+0000] {processor.py:840} INFO - DAG(s) 'etl_simples' retrieved from /opt/airflow/dags/meu_primeiro_dag.py
[2025-11-21T16:50:23.288+0000] {logging_mixin.py:188} INFO - [2025-11-21T16:50:23.287+0000] {dag.py:3036} INFO - Sync 1 DAGs
[2025-11-21T16:50:23.326+0000] {logging_mixin.py:188} INFO - [2025-11-21T16:50:23.326+0000] {dag.py:3823} INFO - Setting next_dagrun for etl_simples to 2025-11-20 00:00:00+00:00, run_after=2025-11-21 00:00:00+00:00
[2025-11-21T16:50:23.362+0000] {processor.py:183} INFO - Processing /opt/airflow/dags/meu_primeiro_dag.py took 0.183 seconds
[2025-11-21T16:50:53.534+0000] {processor.py:161} INFO - Started process (PID=179) to work on /opt/airflow/dags/meu_primeiro_dag.py
[2025-11-21T16:50:53.535+0000] {processor.py:830} INFO - Processing file /opt/airflow/dags/meu_primeiro_dag.py for tasks to queue
[2025-11-21T16:50:53.536+0000] {logging_mixin.py:188} INFO - [2025-11-21T16:50:53.536+0000] {dagbag.py:538} INFO - Filling up the DagBag from /opt/airflow/dags/meu_primeiro_dag.py
[2025-11-21T16:50:53.562+0000] {processor.py:840} INFO - DAG(s) 'etl_simples' retrieved from /opt/airflow/dags/meu_primeiro_dag.py
[2025-11-21T16:50:53.629+0000] {logging_mixin.py:188} INFO - [2025-11-21T16:50:53.628+0000] {dag.py:3036} INFO - Sync 1 DAGs
[2025-11-21T16:50:53.665+0000] {logging_mixin.py:188} INFO - [2025-11-21T16:50:53.665+0000] {dag.py:3823} INFO - Setting next_dagrun for etl_simples to 2025-11-20 00:00:00+00:00, run_after=2025-11-21 00:00:00+00:00
[2025-11-21T16:50:53.699+0000] {processor.py:183} INFO - Processing /opt/airflow/dags/meu_primeiro_dag.py took 0.171 seconds
[2025-11-21T16:51:23.859+0000] {processor.py:161} INFO - Started process (PID=184) to work on /opt/airflow/dags/meu_primeiro_dag.py
[2025-11-21T16:51:23.860+0000] {processor.py:830} INFO - Processing file /opt/airflow/dags/meu_primeiro_dag.py for tasks to queue
[2025-11-21T16:51:23.861+0000] {logging_mixin.py:188} INFO - [2025-11-21T16:51:23.861+0000] {dagbag.py:538} INFO - Filling up the DagBag from /opt/airflow/dags/meu_primeiro_dag.py
[2025-11-21T16:51:23.880+0000] {processor.py:840} INFO - DAG(s) 'etl_simples' retrieved from /opt/airflow/dags/meu_primeiro_dag.py
[2025-11-21T16:51:23.958+0000] {logging_mixin.py:188} INFO - [2025-11-21T16:51:23.957+0000] {dag.py:3036} INFO - Sync 1 DAGs
[2025-11-21T16:51:23.992+0000] {logging_mixin.py:188} INFO - [2025-11-21T16:51:23.992+0000] {dag.py:3823} INFO - Setting next_dagrun for etl_simples to 2025-11-20 00:00:00+00:00, run_after=2025-11-21 00:00:00+00:00
[2025-11-21T16:51:24.026+0000] {processor.py:183} INFO - Processing /opt/airflow/dags/meu_primeiro_dag.py took 0.170 seconds
[2025-11-21T16:51:54.199+0000] {processor.py:161} INFO - Started process (PID=189) to work on /opt/airflow/dags/meu_primeiro_dag.py
[2025-11-21T16:51:54.200+0000] {processor.py:830} INFO - Processing file /opt/airflow/dags/meu_primeiro_dag.py for tasks to queue
[2025-11-21T16:51:54.201+0000] {logging_mixin.py:188} INFO - [2025-11-21T16:51:54.201+0000] {dagbag.py:538} INFO - Filling up the DagBag from /opt/airflow/dags/meu_primeiro_dag.py
[2025-11-21T16:51:54.236+0000] {processor.py:840} INFO - DAG(s) 'etl_simples' retrieved from /opt/airflow/dags/meu_primeiro_dag.py
[2025-11-21T16:51:54.367+0000] {logging_mixin.py:188} INFO - [2025-11-21T16:51:54.367+0000] {dag.py:3036} INFO - Sync 1 DAGs
[2025-11-21T16:51:54.771+0000] {logging_mixin.py:188} INFO - [2025-11-21T16:51:54.770+0000] {dag.py:3823} INFO - Setting next_dagrun for etl_simples to 2025-11-20 00:00:00+00:00, run_after=2025-11-21 00:00:00+00:00
[2025-11-21T16:51:54.853+0000] {processor.py:183} INFO - Processing /opt/airflow/dags/meu_primeiro_dag.py took 0.659 seconds
[2025-11-21T16:56:49.088+0000] {processor.py:161} INFO - Started process (PID=164) to work on /opt/airflow/dags/meu_primeiro_dag.py
[2025-11-21T16:56:49.091+0000] {processor.py:830} INFO - Processing file /opt/airflow/dags/meu_primeiro_dag.py for tasks to queue
[2025-11-21T16:56:49.093+0000] {logging_mixin.py:188} INFO - [2025-11-21T16:56:49.092+0000] {dagbag.py:538} INFO - Filling up the DagBag from /opt/airflow/dags/meu_primeiro_dag.py
[2025-11-21T16:56:49.124+0000] {processor.py:840} INFO - DAG(s) 'etl_simples' retrieved from /opt/airflow/dags/meu_primeiro_dag.py
[2025-11-21T16:56:49.211+0000] {logging_mixin.py:188} INFO - [2025-11-21T16:56:49.211+0000] {dag.py:3036} INFO - Sync 1 DAGs
[2025-11-21T16:56:49.285+0000] {logging_mixin.py:188} INFO - [2025-11-21T16:56:49.284+0000] {dag.py:3823} INFO - Setting next_dagrun for etl_simples to 2025-11-20 00:00:00+00:00, run_after=2025-11-21 00:00:00+00:00
[2025-11-21T16:56:49.358+0000] {processor.py:183} INFO - Processing /opt/airflow/dags/meu_primeiro_dag.py took 0.275 seconds
[2025-11-21T16:57:19.553+0000] {processor.py:161} INFO - Started process (PID=169) to work on /opt/airflow/dags/meu_primeiro_dag.py
[2025-11-21T16:57:19.554+0000] {processor.py:830} INFO - Processing file /opt/airflow/dags/meu_primeiro_dag.py for tasks to queue
[2025-11-21T16:57:19.555+0000] {logging_mixin.py:188} INFO - [2025-11-21T16:57:19.555+0000] {dagbag.py:538} INFO - Filling up the DagBag from /opt/airflow/dags/meu_primeiro_dag.py
[2025-11-21T16:57:19.581+0000] {processor.py:840} INFO - DAG(s) 'etl_simples' retrieved from /opt/airflow/dags/meu_primeiro_dag.py
[2025-11-21T16:57:19.754+0000] {logging_mixin.py:188} INFO - [2025-11-21T16:57:19.753+0000] {dag.py:3036} INFO - Sync 1 DAGs
[2025-11-21T16:57:19.785+0000] {logging_mixin.py:188} INFO - [2025-11-21T16:57:19.784+0000] {dag.py:3823} INFO - Setting next_dagrun for etl_simples to 2025-11-20 00:00:00+00:00, run_after=2025-11-21 00:00:00+00:00
[2025-11-21T16:57:19.822+0000] {processor.py:183} INFO - Processing /opt/airflow/dags/meu_primeiro_dag.py took 0.273 seconds
[2025-11-21T16:57:49.991+0000] {processor.py:161} INFO - Started process (PID=180) to work on /opt/airflow/dags/meu_primeiro_dag.py
[2025-11-21T16:57:49.992+0000] {processor.py:830} INFO - Processing file /opt/airflow/dags/meu_primeiro_dag.py for tasks to queue
[2025-11-21T16:57:49.993+0000] {logging_mixin.py:188} INFO - [2025-11-21T16:57:49.993+0000] {dagbag.py:538} INFO - Filling up the DagBag from /opt/airflow/dags/meu_primeiro_dag.py
[2025-11-21T16:57:50.011+0000] {processor.py:840} INFO - DAG(s) 'etl_simples' retrieved from /opt/airflow/dags/meu_primeiro_dag.py
[2025-11-21T16:57:50.144+0000] {logging_mixin.py:188} INFO - [2025-11-21T16:57:50.144+0000] {dag.py:3036} INFO - Sync 1 DAGs
[2025-11-21T16:57:50.178+0000] {logging_mixin.py:188} INFO - [2025-11-21T16:57:50.178+0000] {dag.py:3823} INFO - Setting next_dagrun for etl_simples to 2025-11-21 00:00:00+00:00, run_after=2025-11-22 00:00:00+00:00
[2025-11-21T16:57:50.214+0000] {processor.py:183} INFO - Processing /opt/airflow/dags/meu_primeiro_dag.py took 0.226 seconds
[2025-11-21T16:58:20.391+0000] {processor.py:161} INFO - Started process (PID=185) to work on /opt/airflow/dags/meu_primeiro_dag.py
[2025-11-21T16:58:20.392+0000] {processor.py:830} INFO - Processing file /opt/airflow/dags/meu_primeiro_dag.py for tasks to queue
[2025-11-21T16:58:20.393+0000] {logging_mixin.py:188} INFO - [2025-11-21T16:58:20.393+0000] {dagbag.py:538} INFO - Filling up the DagBag from /opt/airflow/dags/meu_primeiro_dag.py
[2025-11-21T16:58:20.411+0000] {processor.py:840} INFO - DAG(s) 'etl_simples' retrieved from /opt/airflow/dags/meu_primeiro_dag.py
[2025-11-21T16:58:20.460+0000] {logging_mixin.py:188} INFO - [2025-11-21T16:58:20.460+0000] {dag.py:3036} INFO - Sync 1 DAGs
[2025-11-21T16:58:20.495+0000] {logging_mixin.py:188} INFO - [2025-11-21T16:58:20.495+0000] {dag.py:3823} INFO - Setting next_dagrun for etl_simples to 2025-11-21 00:00:00+00:00, run_after=2025-11-22 00:00:00+00:00
[2025-11-21T16:58:20.532+0000] {processor.py:183} INFO - Processing /opt/airflow/dags/meu_primeiro_dag.py took 0.144 seconds
[2025-11-21T16:58:50.686+0000] {processor.py:161} INFO - Started process (PID=190) to work on /opt/airflow/dags/meu_primeiro_dag.py
[2025-11-21T16:58:50.687+0000] {processor.py:830} INFO - Processing file /opt/airflow/dags/meu_primeiro_dag.py for tasks to queue
[2025-11-21T16:58:50.688+0000] {logging_mixin.py:188} INFO - [2025-11-21T16:58:50.687+0000] {dagbag.py:538} INFO - Filling up the DagBag from /opt/airflow/dags/meu_primeiro_dag.py
[2025-11-21T16:58:50.705+0000] {processor.py:840} INFO - DAG(s) 'etl_simples' retrieved from /opt/airflow/dags/meu_primeiro_dag.py
[2025-11-21T16:58:50.759+0000] {logging_mixin.py:188} INFO - [2025-11-21T16:58:50.759+0000] {dag.py:3036} INFO - Sync 1 DAGs
[2025-11-21T16:58:50.792+0000] {logging_mixin.py:188} INFO - [2025-11-21T16:58:50.792+0000] {dag.py:3823} INFO - Setting next_dagrun for etl_simples to 2025-11-21 00:00:00+00:00, run_after=2025-11-22 00:00:00+00:00
[2025-11-21T16:58:50.826+0000] {processor.py:183} INFO - Processing /opt/airflow/dags/meu_primeiro_dag.py took 0.143 seconds
[2025-11-21T16:59:20.983+0000] {processor.py:161} INFO - Started process (PID=195) to work on /opt/airflow/dags/meu_primeiro_dag.py
[2025-11-21T16:59:20.984+0000] {processor.py:830} INFO - Processing file /opt/airflow/dags/meu_primeiro_dag.py for tasks to queue
[2025-11-21T16:59:20.986+0000] {logging_mixin.py:188} INFO - [2025-11-21T16:59:20.985+0000] {dagbag.py:538} INFO - Filling up the DagBag from /opt/airflow/dags/meu_primeiro_dag.py
[2025-11-21T16:59:21.008+0000] {processor.py:840} INFO - DAG(s) 'etl_simples' retrieved from /opt/airflow/dags/meu_primeiro_dag.py
[2025-11-21T16:59:21.070+0000] {logging_mixin.py:188} INFO - [2025-11-21T16:59:21.070+0000] {dag.py:3036} INFO - Sync 1 DAGs
[2025-11-21T16:59:21.105+0000] {logging_mixin.py:188} INFO - [2025-11-21T16:59:21.105+0000] {dag.py:3823} INFO - Setting next_dagrun for etl_simples to 2025-11-21 00:00:00+00:00, run_after=2025-11-22 00:00:00+00:00
[2025-11-21T16:59:21.130+0000] {processor.py:183} INFO - Processing /opt/airflow/dags/meu_primeiro_dag.py took 0.151 seconds
[2025-11-21T16:59:51.300+0000] {processor.py:161} INFO - Started process (PID=200) to work on /opt/airflow/dags/meu_primeiro_dag.py
[2025-11-21T16:59:51.301+0000] {processor.py:830} INFO - Processing file /opt/airflow/dags/meu_primeiro_dag.py for tasks to queue
[2025-11-21T16:59:51.302+0000] {logging_mixin.py:188} INFO - [2025-11-21T16:59:51.302+0000] {dagbag.py:538} INFO - Filling up the DagBag from /opt/airflow/dags/meu_primeiro_dag.py
[2025-11-21T16:59:51.324+0000] {processor.py:840} INFO - DAG(s) 'etl_simples' retrieved from /opt/airflow/dags/meu_primeiro_dag.py
[2025-11-21T16:59:51.385+0000] {logging_mixin.py:188} INFO - [2025-11-21T16:59:51.385+0000] {dag.py:3036} INFO - Sync 1 DAGs
[2025-11-21T16:59:51.423+0000] {logging_mixin.py:188} INFO - [2025-11-21T16:59:51.423+0000] {dag.py:3823} INFO - Setting next_dagrun for etl_simples to 2025-11-21 00:00:00+00:00, run_after=2025-11-22 00:00:00+00:00
[2025-11-21T16:59:51.458+0000] {processor.py:183} INFO - Processing /opt/airflow/dags/meu_primeiro_dag.py took 0.161 seconds
[2025-11-21T17:00:21.615+0000] {processor.py:161} INFO - Started process (PID=205) to work on /opt/airflow/dags/meu_primeiro_dag.py
[2025-11-21T17:00:21.616+0000] {processor.py:830} INFO - Processing file /opt/airflow/dags/meu_primeiro_dag.py for tasks to queue
[2025-11-21T17:00:21.617+0000] {logging_mixin.py:188} INFO - [2025-11-21T17:00:21.616+0000] {dagbag.py:538} INFO - Filling up the DagBag from /opt/airflow/dags/meu_primeiro_dag.py
[2025-11-21T17:00:21.635+0000] {processor.py:840} INFO - DAG(s) 'etl_simples' retrieved from /opt/airflow/dags/meu_primeiro_dag.py
[2025-11-21T17:00:21.691+0000] {logging_mixin.py:188} INFO - [2025-11-21T17:00:21.691+0000] {dag.py:3036} INFO - Sync 1 DAGs
[2025-11-21T17:00:21.726+0000] {logging_mixin.py:188} INFO - [2025-11-21T17:00:21.726+0000] {dag.py:3823} INFO - Setting next_dagrun for etl_simples to 2025-11-21 00:00:00+00:00, run_after=2025-11-22 00:00:00+00:00
[2025-11-21T17:00:21.760+0000] {processor.py:183} INFO - Processing /opt/airflow/dags/meu_primeiro_dag.py took 0.149 seconds
[2025-11-21T17:00:51.919+0000] {processor.py:161} INFO - Started process (PID=210) to work on /opt/airflow/dags/meu_primeiro_dag.py
[2025-11-21T17:00:51.921+0000] {processor.py:830} INFO - Processing file /opt/airflow/dags/meu_primeiro_dag.py for tasks to queue
[2025-11-21T17:00:51.922+0000] {logging_mixin.py:188} INFO - [2025-11-21T17:00:51.922+0000] {dagbag.py:538} INFO - Filling up the DagBag from /opt/airflow/dags/meu_primeiro_dag.py
[2025-11-21T17:00:51.956+0000] {processor.py:840} INFO - DAG(s) 'etl_simples' retrieved from /opt/airflow/dags/meu_primeiro_dag.py
[2025-11-21T17:00:52.035+0000] {logging_mixin.py:188} INFO - [2025-11-21T17:00:52.035+0000] {dag.py:3036} INFO - Sync 1 DAGs
[2025-11-21T17:00:52.077+0000] {logging_mixin.py:188} INFO - [2025-11-21T17:00:52.077+0000] {dag.py:3823} INFO - Setting next_dagrun for etl_simples to 2025-11-21 00:00:00+00:00, run_after=2025-11-22 00:00:00+00:00
[2025-11-21T17:00:52.119+0000] {processor.py:183} INFO - Processing /opt/airflow/dags/meu_primeiro_dag.py took 0.205 seconds
[2025-11-21T17:01:22.279+0000] {processor.py:161} INFO - Started process (PID=215) to work on /opt/airflow/dags/meu_primeiro_dag.py
[2025-11-21T17:01:22.280+0000] {processor.py:830} INFO - Processing file /opt/airflow/dags/meu_primeiro_dag.py for tasks to queue
[2025-11-21T17:01:22.281+0000] {logging_mixin.py:188} INFO - [2025-11-21T17:01:22.280+0000] {dagbag.py:538} INFO - Filling up the DagBag from /opt/airflow/dags/meu_primeiro_dag.py
[2025-11-21T17:01:22.299+0000] {processor.py:840} INFO - DAG(s) 'etl_simples' retrieved from /opt/airflow/dags/meu_primeiro_dag.py
[2025-11-21T17:01:22.357+0000] {logging_mixin.py:188} INFO - [2025-11-21T17:01:22.357+0000] {dag.py:3036} INFO - Sync 1 DAGs
[2025-11-21T17:01:22.399+0000] {logging_mixin.py:188} INFO - [2025-11-21T17:01:22.399+0000] {dag.py:3823} INFO - Setting next_dagrun for etl_simples to 2025-11-21 00:00:00+00:00, run_after=2025-11-22 00:00:00+00:00
[2025-11-21T17:01:22.444+0000] {processor.py:183} INFO - Processing /opt/airflow/dags/meu_primeiro_dag.py took 0.170 seconds
[2025-11-21T17:01:52.591+0000] {processor.py:161} INFO - Started process (PID=220) to work on /opt/airflow/dags/meu_primeiro_dag.py
[2025-11-21T17:01:52.593+0000] {processor.py:830} INFO - Processing file /opt/airflow/dags/meu_primeiro_dag.py for tasks to queue
[2025-11-21T17:01:52.594+0000] {logging_mixin.py:188} INFO - [2025-11-21T17:01:52.593+0000] {dagbag.py:538} INFO - Filling up the DagBag from /opt/airflow/dags/meu_primeiro_dag.py
[2025-11-21T17:01:52.625+0000] {processor.py:840} INFO - DAG(s) 'etl_simples' retrieved from /opt/airflow/dags/meu_primeiro_dag.py
[2025-11-21T17:01:52.720+0000] {logging_mixin.py:188} INFO - [2025-11-21T17:01:52.720+0000] {dag.py:3036} INFO - Sync 1 DAGs
[2025-11-21T17:01:52.771+0000] {logging_mixin.py:188} INFO - [2025-11-21T17:01:52.770+0000] {dag.py:3823} INFO - Setting next_dagrun for etl_simples to 2025-11-21 00:00:00+00:00, run_after=2025-11-22 00:00:00+00:00
[2025-11-21T17:01:52.833+0000] {processor.py:183} INFO - Processing /opt/airflow/dags/meu_primeiro_dag.py took 0.247 seconds
[2025-11-21T17:41:16.718+0000] {processor.py:161} INFO - Started process (PID=163) to work on /opt/airflow/dags/meu_primeiro_dag.py
[2025-11-21T17:41:16.720+0000] {processor.py:830} INFO - Processing file /opt/airflow/dags/meu_primeiro_dag.py for tasks to queue
[2025-11-21T17:41:16.724+0000] {logging_mixin.py:188} INFO - [2025-11-21T17:41:16.723+0000] {dagbag.py:538} INFO - Filling up the DagBag from /opt/airflow/dags/meu_primeiro_dag.py
[2025-11-21T17:41:16.783+0000] {processor.py:840} INFO - DAG(s) 'etl_simples' retrieved from /opt/airflow/dags/meu_primeiro_dag.py
[2025-11-21T17:41:16.917+0000] {logging_mixin.py:188} INFO - [2025-11-21T17:41:16.917+0000] {dag.py:3036} INFO - Sync 1 DAGs
[2025-11-21T17:41:16.998+0000] {logging_mixin.py:188} INFO - [2025-11-21T17:41:16.998+0000] {dag.py:3823} INFO - Setting next_dagrun for etl_simples to 2025-11-20 00:00:00+00:00, run_after=2025-11-21 00:00:00+00:00
[2025-11-21T17:41:17.069+0000] {processor.py:183} INFO - Processing /opt/airflow/dags/meu_primeiro_dag.py took 0.358 seconds
[2025-11-21T17:41:47.383+0000] {processor.py:161} INFO - Started process (PID=169) to work on /opt/airflow/dags/meu_primeiro_dag.py
[2025-11-21T17:41:47.386+0000] {processor.py:830} INFO - Processing file /opt/airflow/dags/meu_primeiro_dag.py for tasks to queue
[2025-11-21T17:41:47.388+0000] {logging_mixin.py:188} INFO - [2025-11-21T17:41:47.388+0000] {dagbag.py:538} INFO - Filling up the DagBag from /opt/airflow/dags/meu_primeiro_dag.py
[2025-11-21T17:41:47.430+0000] {processor.py:840} INFO - DAG(s) 'etl_simples' retrieved from /opt/airflow/dags/meu_primeiro_dag.py
[2025-11-21T17:41:47.895+0000] {logging_mixin.py:188} INFO - [2025-11-21T17:41:47.895+0000] {dag.py:3036} INFO - Sync 1 DAGs
[2025-11-21T17:41:47.971+0000] {logging_mixin.py:188} INFO - [2025-11-21T17:41:47.971+0000] {dag.py:3823} INFO - Setting next_dagrun for etl_simples to 2025-11-20 00:00:00+00:00, run_after=2025-11-21 00:00:00+00:00
[2025-11-21T17:41:48.043+0000] {processor.py:183} INFO - Processing /opt/airflow/dags/meu_primeiro_dag.py took 0.667 seconds
[2025-11-21T17:42:18.315+0000] {processor.py:161} INFO - Started process (PID=174) to work on /opt/airflow/dags/meu_primeiro_dag.py
[2025-11-21T17:42:18.317+0000] {processor.py:830} INFO - Processing file /opt/airflow/dags/meu_primeiro_dag.py for tasks to queue
[2025-11-21T17:42:18.319+0000] {logging_mixin.py:188} INFO - [2025-11-21T17:42:18.318+0000] {dagbag.py:538} INFO - Filling up the DagBag from /opt/airflow/dags/meu_primeiro_dag.py
[2025-11-21T17:42:18.362+0000] {processor.py:840} INFO - DAG(s) 'etl_simples' retrieved from /opt/airflow/dags/meu_primeiro_dag.py
[2025-11-21T17:42:18.473+0000] {logging_mixin.py:188} INFO - [2025-11-21T17:42:18.473+0000] {dag.py:3036} INFO - Sync 1 DAGs
[2025-11-21T17:42:18.557+0000] {logging_mixin.py:188} INFO - [2025-11-21T17:42:18.556+0000] {dag.py:3823} INFO - Setting next_dagrun for etl_simples to 2025-11-20 00:00:00+00:00, run_after=2025-11-21 00:00:00+00:00
[2025-11-21T17:42:18.631+0000] {processor.py:183} INFO - Processing /opt/airflow/dags/meu_primeiro_dag.py took 0.322 seconds
[2025-11-21T17:42:48.921+0000] {processor.py:161} INFO - Started process (PID=179) to work on /opt/airflow/dags/meu_primeiro_dag.py
[2025-11-21T17:42:48.923+0000] {processor.py:830} INFO - Processing file /opt/airflow/dags/meu_primeiro_dag.py for tasks to queue
[2025-11-21T17:42:48.928+0000] {logging_mixin.py:188} INFO - [2025-11-21T17:42:48.927+0000] {dagbag.py:538} INFO - Filling up the DagBag from /opt/airflow/dags/meu_primeiro_dag.py
[2025-11-21T17:42:48.995+0000] {processor.py:840} INFO - DAG(s) 'etl_simples' retrieved from /opt/airflow/dags/meu_primeiro_dag.py
[2025-11-21T17:42:49.461+0000] {logging_mixin.py:188} INFO - [2025-11-21T17:42:49.460+0000] {dag.py:3036} INFO - Sync 1 DAGs
[2025-11-21T17:42:49.564+0000] {logging_mixin.py:188} INFO - [2025-11-21T17:42:49.563+0000] {dag.py:3823} INFO - Setting next_dagrun for etl_simples to 2025-11-20 00:00:00+00:00, run_after=2025-11-21 00:00:00+00:00
[2025-11-21T17:42:49.659+0000] {processor.py:183} INFO - Processing /opt/airflow/dags/meu_primeiro_dag.py took 0.746 seconds
[2025-11-21T17:43:19.889+0000] {processor.py:161} INFO - Started process (PID=184) to work on /opt/airflow/dags/meu_primeiro_dag.py
[2025-11-21T17:43:19.892+0000] {processor.py:830} INFO - Processing file /opt/airflow/dags/meu_primeiro_dag.py for tasks to queue
[2025-11-21T17:43:19.894+0000] {logging_mixin.py:188} INFO - [2025-11-21T17:43:19.894+0000] {dagbag.py:538} INFO - Filling up the DagBag from /opt/airflow/dags/meu_primeiro_dag.py
[2025-11-21T17:43:19.942+0000] {processor.py:840} INFO - DAG(s) 'etl_simples' retrieved from /opt/airflow/dags/meu_primeiro_dag.py
[2025-11-21T17:43:20.099+0000] {logging_mixin.py:188} INFO - [2025-11-21T17:43:20.098+0000] {dag.py:3036} INFO - Sync 1 DAGs
[2025-11-21T17:43:20.184+0000] {logging_mixin.py:188} INFO - [2025-11-21T17:43:20.183+0000] {dag.py:3823} INFO - Setting next_dagrun for etl_simples to 2025-11-20 00:00:00+00:00, run_after=2025-11-21 00:00:00+00:00
[2025-11-21T17:43:20.253+0000] {processor.py:183} INFO - Processing /opt/airflow/dags/meu_primeiro_dag.py took 0.370 seconds
[2025-11-21T17:43:50.545+0000] {processor.py:161} INFO - Started process (PID=189) to work on /opt/airflow/dags/meu_primeiro_dag.py
[2025-11-21T17:43:50.547+0000] {processor.py:830} INFO - Processing file /opt/airflow/dags/meu_primeiro_dag.py for tasks to queue
[2025-11-21T17:43:50.549+0000] {logging_mixin.py:188} INFO - [2025-11-21T17:43:50.548+0000] {dagbag.py:538} INFO - Filling up the DagBag from /opt/airflow/dags/meu_primeiro_dag.py
[2025-11-21T17:43:50.595+0000] {processor.py:840} INFO - DAG(s) 'etl_simples' retrieved from /opt/airflow/dags/meu_primeiro_dag.py
[2025-11-21T17:43:50.986+0000] {logging_mixin.py:188} INFO - [2025-11-21T17:43:50.986+0000] {dag.py:3036} INFO - Sync 1 DAGs
[2025-11-21T17:43:51.067+0000] {logging_mixin.py:188} INFO - [2025-11-21T17:43:51.067+0000] {dag.py:3823} INFO - Setting next_dagrun for etl_simples to 2025-11-20 00:00:00+00:00, run_after=2025-11-21 00:00:00+00:00
[2025-11-21T17:43:51.172+0000] {processor.py:183} INFO - Processing /opt/airflow/dags/meu_primeiro_dag.py took 0.634 seconds
[2025-11-21T17:44:21.487+0000] {processor.py:161} INFO - Started process (PID=194) to work on /opt/airflow/dags/meu_primeiro_dag.py
[2025-11-21T17:44:21.489+0000] {processor.py:830} INFO - Processing file /opt/airflow/dags/meu_primeiro_dag.py for tasks to queue
[2025-11-21T17:44:21.491+0000] {logging_mixin.py:188} INFO - [2025-11-21T17:44:21.490+0000] {dagbag.py:538} INFO - Filling up the DagBag from /opt/airflow/dags/meu_primeiro_dag.py
[2025-11-21T17:44:21.540+0000] {processor.py:840} INFO - DAG(s) 'etl_simples' retrieved from /opt/airflow/dags/meu_primeiro_dag.py
[2025-11-21T17:44:21.673+0000] {logging_mixin.py:188} INFO - [2025-11-21T17:44:21.673+0000] {dag.py:3036} INFO - Sync 1 DAGs
[2025-11-21T17:44:21.752+0000] {logging_mixin.py:188} INFO - [2025-11-21T17:44:21.752+0000] {dag.py:3823} INFO - Setting next_dagrun for etl_simples to 2025-11-20 00:00:00+00:00, run_after=2025-11-21 00:00:00+00:00
[2025-11-21T17:44:21.824+0000] {processor.py:183} INFO - Processing /opt/airflow/dags/meu_primeiro_dag.py took 0.343 seconds
[2025-11-21T17:44:51.992+0000] {processor.py:161} INFO - Started process (PID=199) to work on /opt/airflow/dags/meu_primeiro_dag.py
[2025-11-21T17:44:51.994+0000] {processor.py:830} INFO - Processing file /opt/airflow/dags/meu_primeiro_dag.py for tasks to queue
[2025-11-21T17:44:51.996+0000] {logging_mixin.py:188} INFO - [2025-11-21T17:44:51.995+0000] {dagbag.py:538} INFO - Filling up the DagBag from /opt/airflow/dags/meu_primeiro_dag.py
[2025-11-21T17:44:52.041+0000] {processor.py:840} INFO - DAG(s) 'etl_simples' retrieved from /opt/airflow/dags/meu_primeiro_dag.py
[2025-11-21T17:44:52.195+0000] {logging_mixin.py:188} INFO - [2025-11-21T17:44:52.194+0000] {dag.py:3036} INFO - Sync 1 DAGs
[2025-11-21T17:44:52.287+0000] {logging_mixin.py:188} INFO - [2025-11-21T17:44:52.286+0000] {dag.py:3823} INFO - Setting next_dagrun for etl_simples to 2025-11-20 00:00:00+00:00, run_after=2025-11-21 00:00:00+00:00
[2025-11-21T17:44:52.365+0000] {processor.py:183} INFO - Processing /opt/airflow/dags/meu_primeiro_dag.py took 0.379 seconds
[2025-11-21T17:45:22.671+0000] {processor.py:161} INFO - Started process (PID=204) to work on /opt/airflow/dags/meu_primeiro_dag.py
[2025-11-21T17:45:22.675+0000] {processor.py:830} INFO - Processing file /opt/airflow/dags/meu_primeiro_dag.py for tasks to queue
[2025-11-21T17:45:22.678+0000] {logging_mixin.py:188} INFO - [2025-11-21T17:45:22.677+0000] {dagbag.py:538} INFO - Filling up the DagBag from /opt/airflow/dags/meu_primeiro_dag.py
[2025-11-21T17:45:22.727+0000] {processor.py:840} INFO - DAG(s) 'etl_simples' retrieved from /opt/airflow/dags/meu_primeiro_dag.py
[2025-11-21T17:45:22.854+0000] {logging_mixin.py:188} INFO - [2025-11-21T17:45:22.853+0000] {dag.py:3036} INFO - Sync 1 DAGs
[2025-11-21T17:45:22.925+0000] {logging_mixin.py:188} INFO - [2025-11-21T17:45:22.924+0000] {dag.py:3823} INFO - Setting next_dagrun for etl_simples to 2025-11-20 00:00:00+00:00, run_after=2025-11-21 00:00:00+00:00
[2025-11-21T17:45:22.982+0000] {processor.py:183} INFO - Processing /opt/airflow/dags/meu_primeiro_dag.py took 0.319 seconds
[2025-11-21T17:45:53.289+0000] {processor.py:161} INFO - Started process (PID=209) to work on /opt/airflow/dags/meu_primeiro_dag.py
[2025-11-21T17:45:53.291+0000] {processor.py:830} INFO - Processing file /opt/airflow/dags/meu_primeiro_dag.py for tasks to queue
[2025-11-21T17:45:53.293+0000] {logging_mixin.py:188} INFO - [2025-11-21T17:45:53.292+0000] {dagbag.py:538} INFO - Filling up the DagBag from /opt/airflow/dags/meu_primeiro_dag.py
[2025-11-21T17:45:53.333+0000] {processor.py:840} INFO - DAG(s) 'etl_simples' retrieved from /opt/airflow/dags/meu_primeiro_dag.py
[2025-11-21T17:45:53.459+0000] {logging_mixin.py:188} INFO - [2025-11-21T17:45:53.458+0000] {dag.py:3036} INFO - Sync 1 DAGs
[2025-11-21T17:45:53.548+0000] {logging_mixin.py:188} INFO - [2025-11-21T17:45:53.547+0000] {dag.py:3823} INFO - Setting next_dagrun for etl_simples to 2025-11-20 00:00:00+00:00, run_after=2025-11-21 00:00:00+00:00
[2025-11-21T17:45:53.622+0000] {processor.py:183} INFO - Processing /opt/airflow/dags/meu_primeiro_dag.py took 0.340 seconds
[2025-11-21T17:46:24.028+0000] {processor.py:161} INFO - Started process (PID=214) to work on /opt/airflow/dags/meu_primeiro_dag.py
[2025-11-21T17:46:24.031+0000] {processor.py:830} INFO - Processing file /opt/airflow/dags/meu_primeiro_dag.py for tasks to queue
[2025-11-21T17:46:24.034+0000] {logging_mixin.py:188} INFO - [2025-11-21T17:46:24.033+0000] {dagbag.py:538} INFO - Filling up the DagBag from /opt/airflow/dags/meu_primeiro_dag.py
[2025-11-21T17:46:24.079+0000] {processor.py:840} INFO - DAG(s) 'etl_simples' retrieved from /opt/airflow/dags/meu_primeiro_dag.py
[2025-11-21T17:46:24.219+0000] {logging_mixin.py:188} INFO - [2025-11-21T17:46:24.218+0000] {dag.py:3036} INFO - Sync 1 DAGs
[2025-11-21T17:46:24.306+0000] {logging_mixin.py:188} INFO - [2025-11-21T17:46:24.305+0000] {dag.py:3823} INFO - Setting next_dagrun for etl_simples to 2025-11-20 00:00:00+00:00, run_after=2025-11-21 00:00:00+00:00
[2025-11-21T17:46:24.380+0000] {processor.py:183} INFO - Processing /opt/airflow/dags/meu_primeiro_dag.py took 0.361 seconds
[2025-11-21T17:46:54.674+0000] {processor.py:161} INFO - Started process (PID=219) to work on /opt/airflow/dags/meu_primeiro_dag.py
[2025-11-21T17:46:54.675+0000] {processor.py:830} INFO - Processing file /opt/airflow/dags/meu_primeiro_dag.py for tasks to queue
[2025-11-21T17:46:54.677+0000] {logging_mixin.py:188} INFO - [2025-11-21T17:46:54.676+0000] {dagbag.py:538} INFO - Filling up the DagBag from /opt/airflow/dags/meu_primeiro_dag.py
[2025-11-21T17:46:54.712+0000] {processor.py:840} INFO - DAG(s) 'etl_simples' retrieved from /opt/airflow/dags/meu_primeiro_dag.py
[2025-11-21T17:46:54.816+0000] {logging_mixin.py:188} INFO - [2025-11-21T17:46:54.816+0000] {dag.py:3036} INFO - Sync 1 DAGs
[2025-11-21T17:46:54.871+0000] {logging_mixin.py:188} INFO - [2025-11-21T17:46:54.871+0000] {dag.py:3823} INFO - Setting next_dagrun for etl_simples to 2025-11-20 00:00:00+00:00, run_after=2025-11-21 00:00:00+00:00
[2025-11-21T17:46:54.926+0000] {processor.py:183} INFO - Processing /opt/airflow/dags/meu_primeiro_dag.py took 0.260 seconds
