[2025-11-24T18:33:31.604+0000] {taskinstance.py:1956} INFO - Dependencies all met for dep_context=non-requeueable deps ti=<TaskInstance: etl_spark_execution_real.check_services manual__2025-11-24T18:33:29.948495+00:00 [queued]>
[2025-11-24T18:33:31.612+0000] {taskinstance.py:1956} INFO - Dependencies all met for dep_context=requeueable deps ti=<TaskInstance: etl_spark_execution_real.check_services manual__2025-11-24T18:33:29.948495+00:00 [queued]>
[2025-11-24T18:33:31.613+0000] {taskinstance.py:2170} INFO - Starting attempt 1 of 3
[2025-11-24T18:33:31.625+0000] {taskinstance.py:2191} INFO - Executing <Task(BashOperator): check_services> on 2025-11-24 18:33:29.948495+00:00
[2025-11-24T18:33:31.629+0000] {standard_task_runner.py:60} INFO - Started process 416 to run task
[2025-11-24T18:33:31.632+0000] {standard_task_runner.py:87} INFO - Running: ['airflow', 'tasks', 'run', 'etl_spark_execution_real', 'check_services', 'manual__2025-11-24T18:33:29.948495+00:00', '--job-id', '10', '--raw', '--subdir', 'DAGS_FOLDER/etl_spark_real_execution.py', '--cfg-path', '/tmp/tmp0ndyc6y1']
[2025-11-24T18:33:31.634+0000] {standard_task_runner.py:88} INFO - Job 10: Subtask check_services
[2025-11-24T18:33:31.696+0000] {task_command.py:423} INFO - Running <TaskInstance: etl_spark_execution_real.check_services manual__2025-11-24T18:33:29.948495+00:00 [running]> on host 7934b6c65b02
[2025-11-24T18:33:31.788+0000] {taskinstance.py:2480} INFO - Exporting env vars: AIRFLOW_CTX_DAG_OWNER='data-engineer' AIRFLOW_CTX_DAG_ID='etl_spark_execution_real' AIRFLOW_CTX_TASK_ID='check_services' AIRFLOW_CTX_EXECUTION_DATE='2025-11-24T18:33:29.948495+00:00' AIRFLOW_CTX_TRY_NUMBER='1' AIRFLOW_CTX_DAG_RUN_ID='manual__2025-11-24T18:33:29.948495+00:00'
[2025-11-24T18:33:31.789+0000] {subprocess.py:63} INFO - Tmp dir root location: /tmp
[2025-11-24T18:33:31.790+0000] {subprocess.py:75} INFO - Running command: ['/usr/bin/bash', '-c', '\n    echo "🔍 Verificando conectividade com serviços..."\n    \n    # Verificar Spark Master\n    echo "📡 Testando Spark Master REST API..."\n    SPARK_STATUS=$(curl -s -w "%{http_code}" -o /dev/null http://spark_master:8080/api/v1/applications)\n    if [ "$SPARK_STATUS" -eq 200 ]; then\n        echo "✅ Spark Master REST API está acessível"\n    else\n        echo "❌ Spark Master não acessível (HTTP: $SPARK_STATUS)"\n    fi\n    \n    # Verificar MinIO\n    echo "📦 Testando MinIO..."\n    MINIO_STATUS=$(curl -s -w "%{http_code}" -o /dev/null http://minio:9000/minio/health/live)\n    if [ "$MINIO_STATUS" -eq 200 ]; then\n        echo "✅ MinIO está acessível"\n    else\n        echo "❌ MinIO não acessível (HTTP: $MINIO_STATUS)"\n    fi\n    \n    echo "✅ Verificação de serviços concluída"\n    ']
[2025-11-24T18:33:31.799+0000] {subprocess.py:86} INFO - Output:
[2025-11-24T18:33:31.800+0000] {subprocess.py:93} INFO - 🔍 Verificando conectividade com serviços...
[2025-11-24T18:33:31.801+0000] {subprocess.py:93} INFO - 📡 Testando Spark Master REST API...
[2025-11-24T18:33:31.820+0000] {subprocess.py:93} INFO - ✅ Spark Master REST API está acessível
[2025-11-24T18:33:31.821+0000] {subprocess.py:93} INFO - 📦 Testando MinIO...
[2025-11-24T18:33:31.830+0000] {subprocess.py:93} INFO - ✅ MinIO está acessível
[2025-11-24T18:33:31.831+0000] {subprocess.py:93} INFO - ✅ Verificação de serviços concluída
[2025-11-24T18:33:31.831+0000] {subprocess.py:97} INFO - Command exited with return code 0
[2025-11-24T18:33:31.861+0000] {taskinstance.py:1138} INFO - Marking task as SUCCESS. dag_id=etl_spark_execution_real, task_id=check_services, execution_date=20251124T183329, start_date=20251124T183331, end_date=20251124T183331
[2025-11-24T18:33:31.885+0000] {local_task_job_runner.py:234} INFO - Task exited with return code 0
[2025-11-24T18:33:31.912+0000] {taskinstance.py:3280} INFO - 1 downstream tasks scheduled from follow-on schedule check
